[6.100s] Invoking command in '/home/ryan/treeclimber/src/body_control': PYTHONPATH=/home/ryan/treeclimber/build/body_control/prefix_override:/home/ryan/treeclimber/install/body_control/lib/python3.10/site-packages:${PYTHONPATH} /usr/bin/python3 setup.py egg_info --egg-base ../../build/body_control build --build-base /home/ryan/treeclimber/build/body_control/build install --record /home/ryan/treeclimber/build/body_control/install.log --single-version-externally-managed
[7.734s] running egg_info
[7.735s] writing ../../build/body_control/body_control.egg-info/PKG-INFO
[7.740s] writing dependency_links to ../../build/body_control/body_control.egg-info/dependency_links.txt
[7.741s] writing entry points to ../../build/body_control/body_control.egg-info/entry_points.txt
[7.742s] writing requirements to ../../build/body_control/body_control.egg-info/requires.txt
[7.742s] writing top-level names to ../../build/body_control/body_control.egg-info/top_level.txt
[7.754s] reading manifest file '../../build/body_control/body_control.egg-info/SOURCES.txt'
[7.758s] writing manifest file '../../build/body_control/body_control.egg-info/SOURCES.txt'
[7.759s] running build
[7.760s] running build_py
[7.764s] copying body_control/drive_robot.py -> /home/ryan/treeclimber/build/body_control/build/lib/body_control
[7.765s] running install
[7.768s] /usr/lib/python3/dist-packages/setuptools/command/install.py:34: SetuptoolsDeprecationWarning: setup.py install is deprecated. Use build and pip and other standards-based tools.
[7.769s]   warnings.warn(
[7.771s] running install_lib
[7.772s] copying /home/ryan/treeclimber/build/body_control/build/lib/body_control/drive_robot.py -> /home/ryan/treeclimber/install/body_control/lib/python3.10/site-packages/body_control
[7.777s] byte-compiling /home/ryan/treeclimber/install/body_control/lib/python3.10/site-packages/body_control/drive_robot.py to drive_robot.cpython-310.pyc
[7.784s] running install_data
[7.788s] running install_egg_info
[7.798s] removing '/home/ryan/treeclimber/install/body_control/lib/python3.10/site-packages/body_control-0.0.0-py3.10.egg-info' (and everything under it)
[7.801s] Copying ../../build/body_control/body_control.egg-info to /home/ryan/treeclimber/install/body_control/lib/python3.10/site-packages/body_control-0.0.0-py3.10.egg-info
[7.808s] running install_scripts
[7.916s] Installing arms_loosen script to /home/ryan/treeclimber/install/body_control/lib/body_control
[7.917s] Installing arms_tighten script to /home/ryan/treeclimber/install/body_control/lib/body_control
[7.918s] Installing drive_robot script to /home/ryan/treeclimber/install/body_control/lib/body_control
[7.920s] writing list of installed files to '/home/ryan/treeclimber/build/body_control/install.log'
[8.192s] Invoked command in '/home/ryan/treeclimber/src/body_control' returned '0': PYTHONPATH=/home/ryan/treeclimber/build/body_control/prefix_override:/home/ryan/treeclimber/install/body_control/lib/python3.10/site-packages:${PYTHONPATH} /usr/bin/python3 setup.py egg_info --egg-base ../../build/body_control build --build-base /home/ryan/treeclimber/build/body_control/build install --record /home/ryan/treeclimber/build/body_control/install.log --single-version-externally-managed
