[4.893s] DEBUG:colcon:Command line arguments: ['/usr/bin/colcon', 'build', '--packages-select', 'body_control']
[4.894s] DEBUG:colcon:Parsed command line arguments: Namespace(log_base=None, log_level=None, verb_name='build', build_base='build', install_base='install', merge_install=False, symlink_install=False, test_result_base=None, continue_on_error=False, executor='parallel', parallel_workers=4, event_handlers=None, ignore_user_meta=False, metas=['./colcon.meta'], base_paths=['.'], packages_ignore=None, packages_ignore_regex=None, paths=None, packages_up_to=None, packages_up_to_regex=None, packages_above=None, packages_above_and_dependencies=None, packages_above_depth=None, packages_select_by_dep=None, packages_skip_by_dep=None, packages_skip_up_to=None, packages_select_build_failed=False, packages_skip_build_finished=False, packages_select_test_failures=False, packages_skip_test_passed=False, packages_select=['body_control'], packages_skip=None, packages_select_regex=None, packages_skip_regex=None, packages_start=None, packages_end=None, allow_overriding=[], cmake_args=None, cmake_target=None, cmake_target_skip_unavailable=False, cmake_clean_cache=False, cmake_clean_first=False, cmake_force_configure=False, ament_cmake_args=None, catkin_cmake_args=None, catkin_skip_building_tests=False, verb_parser=<colcon_defaults.argument_parser.defaults.DefaultArgumentsDecorator object at 0xffff8b491c60>, verb_extension=<colcon_core.verb.build.BuildVerb object at 0xffff8b793130>, main=<bound method BuildVerb.main of <colcon_core.verb.build.BuildVerb object at 0xffff8b793130>>)
[5.099s] Level 1:colcon.colcon_core.package_discovery:discover_packages(colcon_meta) check parameters
[5.100s] Level 1:colcon.colcon_core.package_discovery:discover_packages(recursive) check parameters
[5.100s] Level 1:colcon.colcon_core.package_discovery:discover_packages(ignore) check parameters
[5.100s] Level 1:colcon.colcon_core.package_discovery:discover_packages(path) check parameters
[5.101s] Level 1:colcon.colcon_core.package_discovery:discover_packages(colcon_meta) discover
[5.101s] Level 1:colcon.colcon_core.package_discovery:discover_packages(recursive) discover
[5.101s] INFO:colcon.colcon_core.package_discovery:Crawling recursively for packages in '/home/ryan/treeclimber'
[5.101s] Level 1:colcon.colcon_core.package_identification:_identify(.) by extensions ['ignore', 'ignore_ament_install']
[5.102s] Level 1:colcon.colcon_core.package_identification:_identify(.) by extension 'ignore'
[5.102s] Level 1:colcon.colcon_core.package_identification:_identify(.) by extension 'ignore_ament_install'
[5.103s] Level 1:colcon.colcon_core.package_identification:_identify(.) by extensions ['colcon_pkg']
[5.103s] Level 1:colcon.colcon_core.package_identification:_identify(.) by extension 'colcon_pkg'
[5.103s] Level 1:colcon.colcon_core.package_identification:_identify(.) by extensions ['colcon_meta']
[5.103s] Level 1:colcon.colcon_core.package_identification:_identify(.) by extension 'colcon_meta'
[5.103s] Level 1:colcon.colcon_core.package_identification:_identify(.) by extensions ['ros']
[5.104s] Level 1:colcon.colcon_core.package_identification:_identify(.) by extension 'ros'
[5.146s] Level 1:colcon.colcon_core.package_identification:_identify(.) by extensions ['cmake', 'python']
[5.146s] Level 1:colcon.colcon_core.package_identification:_identify(.) by extension 'cmake'
[5.146s] Level 1:colcon.colcon_core.package_identification:_identify(.) by extension 'python'
[5.146s] Level 1:colcon.colcon_core.package_identification:_identify(.) by extensions ['python_setup_py']
[5.147s] Level 1:colcon.colcon_core.package_identification:_identify(.) by extension 'python_setup_py'
[5.147s] Level 1:colcon.colcon_core.package_identification:_identify(build) by extensions ['ignore', 'ignore_ament_install']
[5.148s] Level 1:colcon.colcon_core.package_identification:_identify(build) by extension 'ignore'
[5.148s] Level 1:colcon.colcon_core.package_identification:_identify(build) ignored
[5.148s] Level 1:colcon.colcon_core.package_identification:_identify(install) by extensions ['ignore', 'ignore_ament_install']
[5.149s] Level 1:colcon.colcon_core.package_identification:_identify(install) by extension 'ignore'
[5.149s] Level 1:colcon.colcon_core.package_identification:_identify(install) ignored
[5.150s] Level 1:colcon.colcon_core.package_identification:_identify(log) by extensions ['ignore', 'ignore_ament_install']
[5.150s] Level 1:colcon.colcon_core.package_identification:_identify(log) by extension 'ignore'
[5.150s] Level 1:colcon.colcon_core.package_identification:_identify(log) ignored
[5.151s] Level 1:colcon.colcon_core.package_identification:_identify(src) by extensions ['ignore', 'ignore_ament_install']
[5.151s] Level 1:colcon.colcon_core.package_identification:_identify(src) by extension 'ignore'
[5.151s] Level 1:colcon.colcon_core.package_identification:_identify(src) by extension 'ignore_ament_install'
[5.152s] Level 1:colcon.colcon_core.package_identification:_identify(src) by extensions ['colcon_pkg']
[5.152s] Level 1:colcon.colcon_core.package_identification:_identify(src) by extension 'colcon_pkg'
[5.152s] Level 1:colcon.colcon_core.package_identification:_identify(src) by extensions ['colcon_meta']
[5.153s] Level 1:colcon.colcon_core.package_identification:_identify(src) by extension 'colcon_meta'
[5.153s] Level 1:colcon.colcon_core.package_identification:_identify(src) by extensions ['ros']
[5.153s] Level 1:colcon.colcon_core.package_identification:_identify(src) by extension 'ros'
[5.153s] Level 1:colcon.colcon_core.package_identification:_identify(src) by extensions ['cmake', 'python']
[5.154s] Level 1:colcon.colcon_core.package_identification:_identify(src) by extension 'cmake'
[5.154s] Level 1:colcon.colcon_core.package_identification:_identify(src) by extension 'python'
[5.154s] Level 1:colcon.colcon_core.package_identification:_identify(src) by extensions ['python_setup_py']
[5.154s] Level 1:colcon.colcon_core.package_identification:_identify(src) by extension 'python_setup_py'
[5.155s] Level 1:colcon.colcon_core.package_identification:_identify(src/body_control) by extensions ['ignore', 'ignore_ament_install']
[5.155s] Level 1:colcon.colcon_core.package_identification:_identify(src/body_control) by extension 'ignore'
[5.155s] Level 1:colcon.colcon_core.package_identification:_identify(src/body_control) by extension 'ignore_ament_install'
[5.156s] Level 1:colcon.colcon_core.package_identification:_identify(src/body_control) by extensions ['colcon_pkg']
[5.156s] Level 1:colcon.colcon_core.package_identification:_identify(src/body_control) by extension 'colcon_pkg'
[5.156s] Level 1:colcon.colcon_core.package_identification:_identify(src/body_control) by extensions ['colcon_meta']
[5.156s] Level 1:colcon.colcon_core.package_identification:_identify(src/body_control) by extension 'colcon_meta'
[5.156s] Level 1:colcon.colcon_core.package_identification:_identify(src/body_control) by extensions ['ros']
[5.156s] Level 1:colcon.colcon_core.package_identification:_identify(src/body_control) by extension 'ros'
[5.168s] DEBUG:colcon.colcon_core.package_identification:Package 'src/body_control' with type 'ros.ament_python' and name 'body_control'
[5.169s] Level 1:colcon.colcon_core.package_identification:_identify(src/drive_arms) by extensions ['ignore', 'ignore_ament_install']
[5.170s] Level 1:colcon.colcon_core.package_identification:_identify(src/drive_arms) by extension 'ignore'
[5.170s] Level 1:colcon.colcon_core.package_identification:_identify(src/drive_arms) by extension 'ignore_ament_install'
[5.170s] Level 1:colcon.colcon_core.package_identification:_identify(src/drive_arms) by extensions ['colcon_pkg']
[5.170s] Level 1:colcon.colcon_core.package_identification:_identify(src/drive_arms) by extension 'colcon_pkg'
[5.171s] Level 1:colcon.colcon_core.package_identification:_identify(src/drive_arms) by extensions ['colcon_meta']
[5.171s] Level 1:colcon.colcon_core.package_identification:_identify(src/drive_arms) by extension 'colcon_meta'
[5.171s] Level 1:colcon.colcon_core.package_identification:_identify(src/drive_arms) by extensions ['ros']
[5.171s] Level 1:colcon.colcon_core.package_identification:_identify(src/drive_arms) by extension 'ros'
[5.173s] DEBUG:colcon.colcon_core.package_identification:Package 'src/drive_arms' with type 'ros.ament_python' and name 'drive_arms'
[5.174s] Level 1:colcon.colcon_core.package_identification:_identify(src/motor_tests) by extensions ['ignore', 'ignore_ament_install']
[5.175s] Level 1:colcon.colcon_core.package_identification:_identify(src/motor_tests) by extension 'ignore'
[5.175s] Level 1:colcon.colcon_core.package_identification:_identify(src/motor_tests) by extension 'ignore_ament_install'
[5.176s] Level 1:colcon.colcon_core.package_identification:_identify(src/motor_tests) by extensions ['colcon_pkg']
[5.176s] Level 1:colcon.colcon_core.package_identification:_identify(src/motor_tests) by extension 'colcon_pkg'
[5.176s] Level 1:colcon.colcon_core.package_identification:_identify(src/motor_tests) by extensions ['colcon_meta']
[5.177s] Level 1:colcon.colcon_core.package_identification:_identify(src/motor_tests) by extension 'colcon_meta'
[5.177s] Level 1:colcon.colcon_core.package_identification:_identify(src/motor_tests) by extensions ['ros']
[5.177s] Level 1:colcon.colcon_core.package_identification:_identify(src/motor_tests) by extension 'ros'
[5.180s] DEBUG:colcon.colcon_core.package_identification:Package 'src/motor_tests' with type 'ros.ament_python' and name 'motor_tests'
[5.180s] Level 1:colcon.colcon_core.package_identification:_identify(src/tail_control) by extensions ['ignore', 'ignore_ament_install']
[5.181s] Level 1:colcon.colcon_core.package_identification:_identify(src/tail_control) by extension 'ignore'
[5.181s] Level 1:colcon.colcon_core.package_identification:_identify(src/tail_control) by extension 'ignore_ament_install'
[5.181s] Level 1:colcon.colcon_core.package_identification:_identify(src/tail_control) by extensions ['colcon_pkg']
[5.181s] Level 1:colcon.colcon_core.package_identification:_identify(src/tail_control) by extension 'colcon_pkg'
[5.182s] Level 1:colcon.colcon_core.package_identification:_identify(src/tail_control) by extensions ['colcon_meta']
[5.182s] Level 1:colcon.colcon_core.package_identification:_identify(src/tail_control) by extension 'colcon_meta'
[5.182s] Level 1:colcon.colcon_core.package_identification:_identify(src/tail_control) by extensions ['ros']
[5.182s] Level 1:colcon.colcon_core.package_identification:_identify(src/tail_control) by extension 'ros'
[5.184s] DEBUG:colcon.colcon_core.package_identification:Package 'src/tail_control' with type 'ros.ament_python' and name 'tail_control'
[5.184s] Level 1:colcon.colcon_core.package_discovery:discover_packages(recursive) using defaults
[5.185s] Level 1:colcon.colcon_core.package_discovery:discover_packages(ignore) discover
[5.185s] Level 1:colcon.colcon_core.package_discovery:discover_packages(ignore) using defaults
[5.185s] Level 1:colcon.colcon_core.package_discovery:discover_packages(path) discover
[5.185s] Level 1:colcon.colcon_core.package_discovery:discover_packages(path) using defaults
[5.479s] INFO:colcon.colcon_core.package_selection:Skipping not selected package 'drive_arms' in 'src/drive_arms'
[5.479s] INFO:colcon.colcon_core.package_selection:Skipping not selected package 'motor_tests' in 'src/motor_tests'
[5.479s] INFO:colcon.colcon_core.package_selection:Skipping not selected package 'tail_control' in 'src/tail_control'
[5.600s] Level 1:colcon.colcon_core.package_discovery:discover_packages(prefix_path) check parameters
[5.601s] Level 1:colcon.colcon_core.package_discovery:discover_packages(prefix_path) discover
[5.732s] DEBUG:colcon.colcon_installed_package_information.package_discovery:Found 4 installed packages in /home/ryan/treeclimber/install
[5.812s] DEBUG:colcon.colcon_installed_package_information.package_discovery:Found 270 installed packages in /opt/ros/humble
[5.819s] Level 1:colcon.colcon_core.package_discovery:discover_packages(prefix_path) using defaults
[6.222s] Level 5:colcon.colcon_core.verb:set package 'body_control' build argument 'cmake_args' from command line to 'None'
[6.222s] Level 5:colcon.colcon_core.verb:set package 'body_control' build argument 'cmake_target' from command line to 'None'
[6.223s] Level 5:colcon.colcon_core.verb:set package 'body_control' build argument 'cmake_target_skip_unavailable' from command line to 'False'
[6.223s] Level 5:colcon.colcon_core.verb:set package 'body_control' build argument 'cmake_clean_cache' from command line to 'False'
[6.223s] Level 5:colcon.colcon_core.verb:set package 'body_control' build argument 'cmake_clean_first' from command line to 'False'
[6.223s] Level 5:colcon.colcon_core.verb:set package 'body_control' build argument 'cmake_force_configure' from command line to 'False'
[6.223s] Level 5:colcon.colcon_core.verb:set package 'body_control' build argument 'ament_cmake_args' from command line to 'None'
[6.223s] Level 5:colcon.colcon_core.verb:set package 'body_control' build argument 'catkin_cmake_args' from command line to 'None'
[6.223s] Level 5:colcon.colcon_core.verb:set package 'body_control' build argument 'catkin_skip_building_tests' from command line to 'False'
[6.224s] DEBUG:colcon.colcon_core.verb:Building package 'body_control' with the following arguments: {'ament_cmake_args': None, 'build_base': '/home/ryan/treeclimber/build/body_control', 'catkin_cmake_args': None, 'catkin_skip_building_tests': False, 'cmake_args': None, 'cmake_clean_cache': False, 'cmake_clean_first': False, 'cmake_force_configure': False, 'cmake_target': None, 'cmake_target_skip_unavailable': False, 'install_base': '/home/ryan/treeclimber/install/body_control', 'merge_install': False, 'path': '/home/ryan/treeclimber/src/body_control', 'symlink_install': False, 'test_result_base': None}
[6.284s] INFO:colcon.colcon_core.executor:Executing jobs using 'parallel' executor
[6.349s] DEBUG:colcon.colcon_parallel_executor.executor.parallel:run_until_complete
[6.352s] INFO:colcon.colcon_ros.task.ament_python.build:Building ROS package in '/home/ryan/treeclimber/src/body_control' with build type 'ament_python'
[6.353s] Level 1:colcon.colcon_core.shell:create_environment_hook('body_control', 'ament_prefix_path')
[6.445s] INFO:colcon.colcon_core.plugin_system:Skipping extension 'colcon_core.shell.bat': Not used on non-Windows systems
[6.446s] INFO:colcon.colcon_core.shell:Creating environment hook '/home/ryan/treeclimber/install/body_control/share/body_control/hook/ament_prefix_path.ps1'
[6.449s] INFO:colcon.colcon_core.shell:Creating environment descriptor '/home/ryan/treeclimber/install/body_control/share/body_control/hook/ament_prefix_path.dsv'
[6.451s] INFO:colcon.colcon_core.shell:Creating environment hook '/home/ryan/treeclimber/install/body_control/share/body_control/hook/ament_prefix_path.sh'
[6.542s] INFO:colcon.colcon_core.shell:Skip shell extension 'powershell' for command environment: Not usable outside of PowerShell
[6.543s] DEBUG:colcon.colcon_core.shell:Skip shell extension 'dsv' for command environment
[9.093s] INFO:colcon.colcon_core.task.python.build:Building Python package in '/home/ryan/treeclimber/src/body_control'
[9.221s] INFO:colcon.colcon_core.shell:Skip shell extension 'powershell' for command environment: Not usable outside of PowerShell
[9.222s] DEBUG:colcon.colcon_core.shell:Skip shell extension 'dsv' for command environment
[12.893s] DEBUG:colcon.colcon_core.event_handler.log_command:Invoking command in '/home/ryan/treeclimber/src/body_control': PYTHONPATH=/home/ryan/treeclimber/build/body_control/prefix_override:/home/ryan/treeclimber/install/body_control/lib/python3.10/site-packages:${PYTHONPATH} /usr/bin/python3 setup.py egg_info --egg-base ../../build/body_control build --build-base /home/ryan/treeclimber/build/body_control/build install --record /home/ryan/treeclimber/build/body_control/install.log --single-version-externally-managed
[15.381s] DEBUG:colcon.colcon_core.event_handler.log_command:Invoked command in '/home/ryan/treeclimber/src/body_control' returned '0': PYTHONPATH=/home/ryan/treeclimber/build/body_control/prefix_override:/home/ryan/treeclimber/install/body_control/lib/python3.10/site-packages:${PYTHONPATH} /usr/bin/python3 setup.py egg_info --egg-base ../../build/body_control build --build-base /home/ryan/treeclimber/build/body_control/build install --record /home/ryan/treeclimber/build/body_control/install.log --single-version-externally-managed
[15.494s] Level 1:colcon.colcon_core.environment:checking '/home/ryan/treeclimber/install/body_control' for CMake module files
[15.497s] Level 1:colcon.colcon_core.environment:checking '/home/ryan/treeclimber/install/body_control' for CMake config files
[15.501s] Level 1:colcon.colcon_core.environment:checking '/home/ryan/treeclimber/install/body_control/lib'
[15.502s] Level 1:colcon.colcon_core.environment:checking '/home/ryan/treeclimber/install/body_control/bin'
[15.503s] Level 1:colcon.colcon_core.environment:checking '/home/ryan/treeclimber/install/body_control/lib/pkgconfig/body_control.pc'
[15.504s] Level 1:colcon.colcon_core.environment:checking '/home/ryan/treeclimber/install/body_control/lib/python3.10/site-packages'
[15.505s] Level 1:colcon.colcon_core.shell:create_environment_hook('body_control', 'pythonpath')
[15.618s] INFO:colcon.colcon_core.shell:Creating environment hook '/home/ryan/treeclimber/install/body_control/share/body_control/hook/pythonpath.ps1'
[15.625s] INFO:colcon.colcon_core.shell:Creating environment descriptor '/home/ryan/treeclimber/install/body_control/share/body_control/hook/pythonpath.dsv'
[15.630s] INFO:colcon.colcon_core.shell:Creating environment hook '/home/ryan/treeclimber/install/body_control/share/body_control/hook/pythonpath.sh'
[15.640s] Level 1:colcon.colcon_core.environment:checking '/home/ryan/treeclimber/install/body_control/bin'
[15.641s] Level 1:colcon.colcon_core.environment:create_environment_scripts_only(body_control)
[15.822s] INFO:colcon.colcon_core.shell:Creating package script '/home/ryan/treeclimber/install/body_control/share/body_control/package.ps1'
[15.832s] INFO:colcon.colcon_core.shell:Creating package descriptor '/home/ryan/treeclimber/install/body_control/share/body_control/package.dsv'
[15.839s] INFO:colcon.colcon_core.shell:Creating package script '/home/ryan/treeclimber/install/body_control/share/body_control/package.sh'
[15.845s] INFO:colcon.colcon_core.shell:Creating package script '/home/ryan/treeclimber/install/body_control/share/body_control/package.bash'
[15.850s] INFO:colcon.colcon_core.shell:Creating package script '/home/ryan/treeclimber/install/body_control/share/body_control/package.zsh'
[15.854s] Level 1:colcon.colcon_core.environment:create_file_with_runtime_dependencies(/home/ryan/treeclimber/install/body_control/share/colcon-core/packages/body_control)
[15.857s] DEBUG:colcon.colcon_parallel_executor.executor.parallel:closing loop
[15.859s] DEBUG:colcon.colcon_parallel_executor.executor.parallel:loop closed
[15.860s] DEBUG:colcon.colcon_parallel_executor.executor.parallel:run_until_complete finished with '0'
[15.860s] DEBUG:colcon.colcon_core.event_reactor:joining thread
[16.052s] INFO:colcon.colcon_core.plugin_system:Skipping extension 'colcon_notification.desktop_notification.terminal_notifier': Not used on non-Darwin systems
[16.053s] INFO:colcon.colcon_core.plugin_system:Skipping extension 'colcon_notification.desktop_notification.win32': Not used on non-Windows systems
[16.054s] INFO:colcon.colcon_notification.desktop_notification:Sending desktop notification using 'notify2'
[16.112s] DEBUG:colcon.colcon_core.event_reactor:joined thread
[16.320s] INFO:colcon.colcon_core.shell:Creating prefix script '/home/ryan/treeclimber/install/local_setup.ps1'
[16.326s] INFO:colcon.colcon_core.shell:Creating prefix util module '/home/ryan/treeclimber/install/_local_setup_util_ps1.py'
[16.334s] INFO:colcon.colcon_core.shell:Creating prefix chain script '/home/ryan/treeclimber/install/setup.ps1'
[16.533s] INFO:colcon.colcon_core.shell:Creating prefix script '/home/ryan/treeclimber/install/local_setup.sh'
[16.535s] INFO:colcon.colcon_core.shell:Creating prefix util module '/home/ryan/treeclimber/install/_local_setup_util_sh.py'
[16.538s] INFO:colcon.colcon_core.shell:Creating prefix chain script '/home/ryan/treeclimber/install/setup.sh'
[16.642s] INFO:colcon.colcon_core.shell:Creating prefix script '/home/ryan/treeclimber/install/local_setup.bash'
[16.645s] INFO:colcon.colcon_core.shell:Creating prefix chain script '/home/ryan/treeclimber/install/setup.bash'
[16.715s] INFO:colcon.colcon_core.shell:Creating prefix script '/home/ryan/treeclimber/install/local_setup.zsh'
[16.717s] INFO:colcon.colcon_core.shell:Creating prefix chain script '/home/ryan/treeclimber/install/setup.zsh'
