[5.879s] Invoking command in '/home/ryan/treeclimber/src/body_control': PYTHONPATH=/home/ryan/treeclimber/build/body_control/prefix_override:/home/ryan/treeclimber/install/body_control/lib/python3.10/site-packages:${PYTHONPATH} /usr/bin/python3 setup.py egg_info --egg-base ../../build/body_control build --build-base /home/ryan/treeclimber/build/body_control/build install --record /home/ryan/treeclimber/build/body_control/install.log --single-version-externally-managed
[7.854s] running egg_info
[7.857s] writing ../../build/body_control/body_control.egg-info/PKG-INFO
[7.866s] writing dependency_links to ../../build/body_control/body_control.egg-info/dependency_links.txt
[7.867s] writing entry points to ../../build/body_control/body_control.egg-info/entry_points.txt
[7.868s] writing requirements to ../../build/body_control/body_control.egg-info/requires.txt
[7.868s] writing top-level names to ../../build/body_control/body_control.egg-info/top_level.txt
[7.874s] reading manifest file '../../build/body_control/body_control.egg-info/SOURCES.txt'
[7.881s] writing manifest file '../../build/body_control/body_control.egg-info/SOURCES.txt'
[7.883s] running build
[7.883s] running build_py
[7.885s] copying body_control/body_controller.py -> /home/ryan/treeclimber/build/body_control/build/lib/body_control
[7.889s] copying body_control/arms_tighten.py -> /home/ryan/treeclimber/build/body_control/build/lib/body_control
[7.890s] copying body_control/arms_loosen.py -> /home/ryan/treeclimber/build/body_control/build/lib/body_control
[7.892s] copying body_control/pcb_test_full.py -> /home/ryan/treeclimber/build/body_control/build/lib/body_control
[7.893s] running install
[7.895s] /usr/lib/python3/dist-packages/setuptools/command/install.py:34: SetuptoolsDeprecationWarning: setup.py install is deprecated. Use build and pip and other standards-based tools.
[7.896s]   warnings.warn(
[7.896s] running install_lib
[7.900s] copying /home/ryan/treeclimber/build/body_control/build/lib/body_control/body_controller.py -> /home/ryan/treeclimber/install/body_control/lib/python3.10/site-packages/body_control
[7.901s] copying /home/ryan/treeclimber/build/body_control/build/lib/body_control/arms_tighten.py -> /home/ryan/treeclimber/install/body_control/lib/python3.10/site-packages/body_control
[7.902s] copying /home/ryan/treeclimber/build/body_control/build/lib/body_control/arms_loosen.py -> /home/ryan/treeclimber/install/body_control/lib/python3.10/site-packages/body_control
[7.903s] copying /home/ryan/treeclimber/build/body_control/build/lib/body_control/pcb_test_full.py -> /home/ryan/treeclimber/install/body_control/lib/python3.10/site-packages/body_control
[7.912s] byte-compiling /home/ryan/treeclimber/install/body_control/lib/python3.10/site-packages/body_control/body_controller.py to body_controller.cpython-310.pyc
[7.922s] byte-compiling /home/ryan/treeclimber/install/body_control/lib/python3.10/site-packages/body_control/arms_tighten.py to arms_tighten.cpython-310.pyc
[7.926s] byte-compiling /home/ryan/treeclimber/install/body_control/lib/python3.10/site-packages/body_control/arms_loosen.py to arms_loosen.cpython-310.pyc
[7.927s] byte-compiling /home/ryan/treeclimber/install/body_control/lib/python3.10/site-packages/body_control/pcb_test_full.py to pcb_test_full.cpython-310.pyc
[7.937s] running install_data
[7.941s] creating /home/ryan/treeclimber/install/body_control/share/body_control/launch
[7.942s] running install_egg_info
[7.951s] removing '/home/ryan/treeclimber/install/body_control/lib/python3.10/site-packages/body_control-0.0.0-py3.10.egg-info' (and everything under it)
[7.954s] Copying ../../build/body_control/body_control.egg-info to /home/ryan/treeclimber/install/body_control/lib/python3.10/site-packages/body_control-0.0.0-py3.10.egg-info
[7.964s] running install_scripts
[8.073s] Installing arms_tighten script to /home/ryan/treeclimber/install/body_control/lib/body_control
[8.080s] writing list of installed files to '/home/ryan/treeclimber/build/body_control/install.log'
[8.352s] Invoked command in '/home/ryan/treeclimber/src/body_control' returned '0': PYTHONPATH=/home/ryan/treeclimber/build/body_control/prefix_override:/home/ryan/treeclimber/install/body_control/lib/python3.10/site-packages:${PYTHONPATH} /usr/bin/python3 setup.py egg_info --egg-base ../../build/body_control build --build-base /home/ryan/treeclimber/build/body_control/build install --record /home/ryan/treeclimber/build/body_control/install.log --single-version-externally-managed
