[3.958s] DEBUG:colcon:Command line arguments: ['/usr/bin/colcon', 'build']
[3.959s] DEBUG:colcon:Parsed command line arguments: Namespace(log_base=None, log_level=None, verb_name='build', build_base='build', install_base='install', merge_install=False, symlink_install=False, test_result_base=None, continue_on_error=False, executor='parallel', parallel_workers=4, event_handlers=None, ignore_user_meta=False, metas=['./colcon.meta'], base_paths=['.'], packages_ignore=None, packages_ignore_regex=None, paths=None, packages_up_to=None, packages_up_to_regex=None, packages_above=None, packages_above_and_dependencies=None, packages_above_depth=None, packages_select_by_dep=None, packages_skip_by_dep=None, packages_skip_up_to=None, packages_select_build_failed=False, packages_skip_build_finished=False, packages_select_test_failures=False, packages_skip_test_passed=False, packages_select=None, packages_skip=None, packages_select_regex=None, packages_skip_regex=None, packages_start=None, packages_end=None, allow_overriding=[], cmake_args=None, cmake_target=None, cmake_target_skip_unavailable=False, cmake_clean_cache=False, cmake_clean_first=False, cmake_force_configure=False, ament_cmake_args=None, catkin_cmake_args=None, catkin_skip_building_tests=False, verb_parser=<colcon_defaults.argument_parser.defaults.DefaultArgumentsDecorator object at 0xffff87492080>, verb_extension=<colcon_core.verb.build.BuildVerb object at 0xffff877571c0>, main=<bound method BuildVerb.main of <colcon_core.verb.build.BuildVerb object at 0xffff877571c0>>)
[4.147s] Level 1:colcon.colcon_core.package_discovery:discover_packages(colcon_meta) check parameters
[4.147s] Level 1:colcon.colcon_core.package_discovery:discover_packages(recursive) check parameters
[4.148s] Level 1:colcon.colcon_core.package_discovery:discover_packages(ignore) check parameters
[4.148s] Level 1:colcon.colcon_core.package_discovery:discover_packages(path) check parameters
[4.148s] Level 1:colcon.colcon_core.package_discovery:discover_packages(colcon_meta) discover
[4.148s] Level 1:colcon.colcon_core.package_discovery:discover_packages(recursive) discover
[4.148s] INFO:colcon.colcon_core.package_discovery:Crawling recursively for packages in '/home/ryan/treeclimber'
[4.149s] Level 1:colcon.colcon_core.package_identification:_identify(.) by extensions ['ignore', 'ignore_ament_install']
[4.149s] Level 1:colcon.colcon_core.package_identification:_identify(.) by extension 'ignore'
[4.149s] Level 1:colcon.colcon_core.package_identification:_identify(.) by extension 'ignore_ament_install'
[4.150s] Level 1:colcon.colcon_core.package_identification:_identify(.) by extensions ['colcon_pkg']
[4.150s] Level 1:colcon.colcon_core.package_identification:_identify(.) by extension 'colcon_pkg'
[4.150s] Level 1:colcon.colcon_core.package_identification:_identify(.) by extensions ['colcon_meta']
[4.150s] Level 1:colcon.colcon_core.package_identification:_identify(.) by extension 'colcon_meta'
[4.150s] Level 1:colcon.colcon_core.package_identification:_identify(.) by extensions ['ros']
[4.150s] Level 1:colcon.colcon_core.package_identification:_identify(.) by extension 'ros'
[4.190s] Level 1:colcon.colcon_core.package_identification:_identify(.) by extensions ['cmake', 'python']
[4.190s] Level 1:colcon.colcon_core.package_identification:_identify(.) by extension 'cmake'
[4.191s] Level 1:colcon.colcon_core.package_identification:_identify(.) by extension 'python'
[4.191s] Level 1:colcon.colcon_core.package_identification:_identify(.) by extensions ['python_setup_py']
[4.191s] Level 1:colcon.colcon_core.package_identification:_identify(.) by extension 'python_setup_py'
[4.191s] Level 1:colcon.colcon_core.package_identification:_identify(build) by extensions ['ignore', 'ignore_ament_install']
[4.192s] Level 1:colcon.colcon_core.package_identification:_identify(build) by extension 'ignore'
[4.192s] Level 1:colcon.colcon_core.package_identification:_identify(build) ignored
[4.193s] Level 1:colcon.colcon_core.package_identification:_identify(install) by extensions ['ignore', 'ignore_ament_install']
[4.193s] Level 1:colcon.colcon_core.package_identification:_identify(install) by extension 'ignore'
[4.193s] Level 1:colcon.colcon_core.package_identification:_identify(install) ignored
[4.194s] Level 1:colcon.colcon_core.package_identification:_identify(log) by extensions ['ignore', 'ignore_ament_install']
[4.195s] Level 1:colcon.colcon_core.package_identification:_identify(log) by extension 'ignore'
[4.195s] Level 1:colcon.colcon_core.package_identification:_identify(log) ignored
[4.195s] Level 1:colcon.colcon_core.package_identification:_identify(src) by extensions ['ignore', 'ignore_ament_install']
[4.196s] Level 1:colcon.colcon_core.package_identification:_identify(src) by extension 'ignore'
[4.196s] Level 1:colcon.colcon_core.package_identification:_identify(src) by extension 'ignore_ament_install'
[4.196s] Level 1:colcon.colcon_core.package_identification:_identify(src) by extensions ['colcon_pkg']
[4.196s] Level 1:colcon.colcon_core.package_identification:_identify(src) by extension 'colcon_pkg'
[4.196s] Level 1:colcon.colcon_core.package_identification:_identify(src) by extensions ['colcon_meta']
[4.196s] Level 1:colcon.colcon_core.package_identification:_identify(src) by extension 'colcon_meta'
[4.197s] Level 1:colcon.colcon_core.package_identification:_identify(src) by extensions ['ros']
[4.197s] Level 1:colcon.colcon_core.package_identification:_identify(src) by extension 'ros'
[4.197s] Level 1:colcon.colcon_core.package_identification:_identify(src) by extensions ['cmake', 'python']
[4.197s] Level 1:colcon.colcon_core.package_identification:_identify(src) by extension 'cmake'
[4.197s] Level 1:colcon.colcon_core.package_identification:_identify(src) by extension 'python'
[4.198s] Level 1:colcon.colcon_core.package_identification:_identify(src) by extensions ['python_setup_py']
[4.198s] Level 1:colcon.colcon_core.package_identification:_identify(src) by extension 'python_setup_py'
[4.198s] Level 1:colcon.colcon_core.package_identification:_identify(src/body_control) by extensions ['ignore', 'ignore_ament_install']
[4.199s] Level 1:colcon.colcon_core.package_identification:_identify(src/body_control) by extension 'ignore'
[4.199s] Level 1:colcon.colcon_core.package_identification:_identify(src/body_control) by extension 'ignore_ament_install'
[4.199s] Level 1:colcon.colcon_core.package_identification:_identify(src/body_control) by extensions ['colcon_pkg']
[4.199s] Level 1:colcon.colcon_core.package_identification:_identify(src/body_control) by extension 'colcon_pkg'
[4.199s] Level 1:colcon.colcon_core.package_identification:_identify(src/body_control) by extensions ['colcon_meta']
[4.200s] Level 1:colcon.colcon_core.package_identification:_identify(src/body_control) by extension 'colcon_meta'
[4.200s] Level 1:colcon.colcon_core.package_identification:_identify(src/body_control) by extensions ['ros']
[4.200s] Level 1:colcon.colcon_core.package_identification:_identify(src/body_control) by extension 'ros'
[4.211s] DEBUG:colcon.colcon_core.package_identification:Package 'src/body_control' with type 'ros.ament_python' and name 'body_control'
[4.212s] Level 1:colcon.colcon_core.package_identification:_identify(src/drive_arms) by extensions ['ignore', 'ignore_ament_install']
[4.212s] Level 1:colcon.colcon_core.package_identification:_identify(src/drive_arms) by extension 'ignore'
[4.212s] Level 1:colcon.colcon_core.package_identification:_identify(src/drive_arms) by extension 'ignore_ament_install'
[4.213s] Level 1:colcon.colcon_core.package_identification:_identify(src/drive_arms) by extensions ['colcon_pkg']
[4.213s] Level 1:colcon.colcon_core.package_identification:_identify(src/drive_arms) by extension 'colcon_pkg'
[4.213s] Level 1:colcon.colcon_core.package_identification:_identify(src/drive_arms) by extensions ['colcon_meta']
[4.213s] Level 1:colcon.colcon_core.package_identification:_identify(src/drive_arms) by extension 'colcon_meta'
[4.213s] Level 1:colcon.colcon_core.package_identification:_identify(src/drive_arms) by extensions ['ros']
[4.213s] Level 1:colcon.colcon_core.package_identification:_identify(src/drive_arms) by extension 'ros'
[4.215s] DEBUG:colcon.colcon_core.package_identification:Package 'src/drive_arms' with type 'ros.ament_python' and name 'drive_arms'
[4.216s] Level 1:colcon.colcon_core.package_identification:_identify(src/motor_tests) by extensions ['ignore', 'ignore_ament_install']
[4.216s] Level 1:colcon.colcon_core.package_identification:_identify(src/motor_tests) by extension 'ignore'
[4.217s] Level 1:colcon.colcon_core.package_identification:_identify(src/motor_tests) by extension 'ignore_ament_install'
[4.217s] Level 1:colcon.colcon_core.package_identification:_identify(src/motor_tests) by extensions ['colcon_pkg']
[4.217s] Level 1:colcon.colcon_core.package_identification:_identify(src/motor_tests) by extension 'colcon_pkg'
[4.217s] Level 1:colcon.colcon_core.package_identification:_identify(src/motor_tests) by extensions ['colcon_meta']
[4.217s] Level 1:colcon.colcon_core.package_identification:_identify(src/motor_tests) by extension 'colcon_meta'
[4.217s] Level 1:colcon.colcon_core.package_identification:_identify(src/motor_tests) by extensions ['ros']
[4.218s] Level 1:colcon.colcon_core.package_identification:_identify(src/motor_tests) by extension 'ros'
[4.219s] DEBUG:colcon.colcon_core.package_identification:Package 'src/motor_tests' with type 'ros.ament_python' and name 'motor_tests'
[4.220s] Level 1:colcon.colcon_core.package_identification:_identify(src/tail_control) by extensions ['ignore', 'ignore_ament_install']
[4.220s] Level 1:colcon.colcon_core.package_identification:_identify(src/tail_control) by extension 'ignore'
[4.221s] Level 1:colcon.colcon_core.package_identification:_identify(src/tail_control) by extension 'ignore_ament_install'
[4.221s] Level 1:colcon.colcon_core.package_identification:_identify(src/tail_control) by extensions ['colcon_pkg']
[4.221s] Level 1:colcon.colcon_core.package_identification:_identify(src/tail_control) by extension 'colcon_pkg'
[4.221s] Level 1:colcon.colcon_core.package_identification:_identify(src/tail_control) by extensions ['colcon_meta']
[4.221s] Level 1:colcon.colcon_core.package_identification:_identify(src/tail_control) by extension 'colcon_meta'
[4.222s] Level 1:colcon.colcon_core.package_identification:_identify(src/tail_control) by extensions ['ros']
[4.222s] Level 1:colcon.colcon_core.package_identification:_identify(src/tail_control) by extension 'ros'
[4.224s] DEBUG:colcon.colcon_core.package_identification:Package 'src/tail_control' with type 'ros.ament_python' and name 'tail_control'
[4.224s] Level 1:colcon.colcon_core.package_discovery:discover_packages(recursive) using defaults
[4.224s] Level 1:colcon.colcon_core.package_discovery:discover_packages(ignore) discover
[4.224s] Level 1:colcon.colcon_core.package_discovery:discover_packages(ignore) using defaults
[4.224s] Level 1:colcon.colcon_core.package_discovery:discover_packages(path) discover
[4.224s] Level 1:colcon.colcon_core.package_discovery:discover_packages(path) using defaults
[4.582s] Level 1:colcon.colcon_core.package_discovery:discover_packages(prefix_path) check parameters
[4.582s] Level 1:colcon.colcon_core.package_discovery:discover_packages(prefix_path) discover
[4.700s] DEBUG:colcon.colcon_installed_package_information.package_discovery:Found 4 installed packages in /home/ryan/treeclimber/install
[4.766s] DEBUG:colcon.colcon_installed_package_information.package_discovery:Found 270 installed packages in /opt/ros/humble
[4.772s] Level 1:colcon.colcon_core.package_discovery:discover_packages(prefix_path) using defaults
[5.126s] Level 5:colcon.colcon_core.verb:set package 'body_control' build argument 'cmake_args' from command line to 'None'
[5.126s] Level 5:colcon.colcon_core.verb:set package 'body_control' build argument 'cmake_target' from command line to 'None'
[5.126s] Level 5:colcon.colcon_core.verb:set package 'body_control' build argument 'cmake_target_skip_unavailable' from command line to 'False'
[5.126s] Level 5:colcon.colcon_core.verb:set package 'body_control' build argument 'cmake_clean_cache' from command line to 'False'
[5.126s] Level 5:colcon.colcon_core.verb:set package 'body_control' build argument 'cmake_clean_first' from command line to 'False'
[5.127s] Level 5:colcon.colcon_core.verb:set package 'body_control' build argument 'cmake_force_configure' from command line to 'False'
[5.127s] Level 5:colcon.colcon_core.verb:set package 'body_control' build argument 'ament_cmake_args' from command line to 'None'
[5.127s] Level 5:colcon.colcon_core.verb:set package 'body_control' build argument 'catkin_cmake_args' from command line to 'None'
[5.127s] Level 5:colcon.colcon_core.verb:set package 'body_control' build argument 'catkin_skip_building_tests' from command line to 'False'
[5.127s] DEBUG:colcon.colcon_core.verb:Building package 'body_control' with the following arguments: {'ament_cmake_args': None, 'build_base': '/home/ryan/treeclimber/build/body_control', 'catkin_cmake_args': None, 'catkin_skip_building_tests': False, 'cmake_args': None, 'cmake_clean_cache': False, 'cmake_clean_first': False, 'cmake_force_configure': False, 'cmake_target': None, 'cmake_target_skip_unavailable': False, 'install_base': '/home/ryan/treeclimber/install/body_control', 'merge_install': False, 'path': '/home/ryan/treeclimber/src/body_control', 'symlink_install': False, 'test_result_base': None}
[5.191s] Level 5:colcon.colcon_core.verb:set package 'drive_arms' build argument 'cmake_args' from command line to 'None'
[5.191s] Level 5:colcon.colcon_core.verb:set package 'drive_arms' build argument 'cmake_target' from command line to 'None'
[5.192s] Level 5:colcon.colcon_core.verb:set package 'drive_arms' build argument 'cmake_target_skip_unavailable' from command line to 'False'
[5.192s] Level 5:colcon.colcon_core.verb:set package 'drive_arms' build argument 'cmake_clean_cache' from command line to 'False'
[5.192s] Level 5:colcon.colcon_core.verb:set package 'drive_arms' build argument 'cmake_clean_first' from command line to 'False'
[5.192s] Level 5:colcon.colcon_core.verb:set package 'drive_arms' build argument 'cmake_force_configure' from command line to 'False'
[5.192s] Level 5:colcon.colcon_core.verb:set package 'drive_arms' build argument 'ament_cmake_args' from command line to 'None'
[5.192s] Level 5:colcon.colcon_core.verb:set package 'drive_arms' build argument 'catkin_cmake_args' from command line to 'None'
[5.192s] Level 5:colcon.colcon_core.verb:set package 'drive_arms' build argument 'catkin_skip_building_tests' from command line to 'False'
[5.192s] DEBUG:colcon.colcon_core.verb:Building package 'drive_arms' with the following arguments: {'ament_cmake_args': None, 'build_base': '/home/ryan/treeclimber/build/drive_arms', 'catkin_cmake_args': None, 'catkin_skip_building_tests': False, 'cmake_args': None, 'cmake_clean_cache': False, 'cmake_clean_first': False, 'cmake_force_configure': False, 'cmake_target': None, 'cmake_target_skip_unavailable': False, 'install_base': '/home/ryan/treeclimber/install/drive_arms', 'merge_install': False, 'path': '/home/ryan/treeclimber/src/drive_arms', 'symlink_install': False, 'test_result_base': None}
[5.249s] Level 5:colcon.colcon_core.verb:set package 'motor_tests' build argument 'cmake_args' from command line to 'None'
[5.250s] Level 5:colcon.colcon_core.verb:set package 'motor_tests' build argument 'cmake_target' from command line to 'None'
[5.250s] Level 5:colcon.colcon_core.verb:set package 'motor_tests' build argument 'cmake_target_skip_unavailable' from command line to 'False'
[5.250s] Level 5:colcon.colcon_core.verb:set package 'motor_tests' build argument 'cmake_clean_cache' from command line to 'False'
[5.250s] Level 5:colcon.colcon_core.verb:set package 'motor_tests' build argument 'cmake_clean_first' from command line to 'False'
[5.250s] Level 5:colcon.colcon_core.verb:set package 'motor_tests' build argument 'cmake_force_configure' from command line to 'False'
[5.250s] Level 5:colcon.colcon_core.verb:set package 'motor_tests' build argument 'ament_cmake_args' from command line to 'None'
[5.250s] Level 5:colcon.colcon_core.verb:set package 'motor_tests' build argument 'catkin_cmake_args' from command line to 'None'
[5.250s] Level 5:colcon.colcon_core.verb:set package 'motor_tests' build argument 'catkin_skip_building_tests' from command line to 'False'
[5.251s] DEBUG:colcon.colcon_core.verb:Building package 'motor_tests' with the following arguments: {'ament_cmake_args': None, 'build_base': '/home/ryan/treeclimber/build/motor_tests', 'catkin_cmake_args': None, 'catkin_skip_building_tests': False, 'cmake_args': None, 'cmake_clean_cache': False, 'cmake_clean_first': False, 'cmake_force_configure': False, 'cmake_target': None, 'cmake_target_skip_unavailable': False, 'install_base': '/home/ryan/treeclimber/install/motor_tests', 'merge_install': False, 'path': '/home/ryan/treeclimber/src/motor_tests', 'symlink_install': False, 'test_result_base': None}
[5.311s] Level 5:colcon.colcon_core.verb:set package 'tail_control' build argument 'cmake_args' from command line to 'None'
[5.311s] Level 5:colcon.colcon_core.verb:set package 'tail_control' build argument 'cmake_target' from command line to 'None'
[5.311s] Level 5:colcon.colcon_core.verb:set package 'tail_control' build argument 'cmake_target_skip_unavailable' from command line to 'False'
[5.311s] Level 5:colcon.colcon_core.verb:set package 'tail_control' build argument 'cmake_clean_cache' from command line to 'False'
[5.311s] Level 5:colcon.colcon_core.verb:set package 'tail_control' build argument 'cmake_clean_first' from command line to 'False'
[5.312s] Level 5:colcon.colcon_core.verb:set package 'tail_control' build argument 'cmake_force_configure' from command line to 'False'
[5.312s] Level 5:colcon.colcon_core.verb:set package 'tail_control' build argument 'ament_cmake_args' from command line to 'None'
[5.312s] Level 5:colcon.colcon_core.verb:set package 'tail_control' build argument 'catkin_cmake_args' from command line to 'None'
[5.312s] Level 5:colcon.colcon_core.verb:set package 'tail_control' build argument 'catkin_skip_building_tests' from command line to 'False'
[5.312s] DEBUG:colcon.colcon_core.verb:Building package 'tail_control' with the following arguments: {'ament_cmake_args': None, 'build_base': '/home/ryan/treeclimber/build/tail_control', 'catkin_cmake_args': None, 'catkin_skip_building_tests': False, 'cmake_args': None, 'cmake_clean_cache': False, 'cmake_clean_first': False, 'cmake_force_configure': False, 'cmake_target': None, 'cmake_target_skip_unavailable': False, 'install_base': '/home/ryan/treeclimber/install/tail_control', 'merge_install': False, 'path': '/home/ryan/treeclimber/src/tail_control', 'symlink_install': False, 'test_result_base': None}
[5.367s] INFO:colcon.colcon_core.executor:Executing jobs using 'parallel' executor
[5.429s] DEBUG:colcon.colcon_parallel_executor.executor.parallel:run_until_complete
[5.430s] INFO:colcon.colcon_ros.task.ament_python.build:Building ROS package in '/home/ryan/treeclimber/src/body_control' with build type 'ament_python'
[5.431s] Level 1:colcon.colcon_core.shell:create_environment_hook('body_control', 'ament_prefix_path')
[5.523s] INFO:colcon.colcon_core.plugin_system:Skipping extension 'colcon_core.shell.bat': Not used on non-Windows systems
[5.524s] INFO:colcon.colcon_core.shell:Creating environment hook '/home/ryan/treeclimber/install/body_control/share/body_control/hook/ament_prefix_path.ps1'
[5.526s] INFO:colcon.colcon_core.shell:Creating environment descriptor '/home/ryan/treeclimber/install/body_control/share/body_control/hook/ament_prefix_path.dsv'
[5.529s] INFO:colcon.colcon_core.shell:Creating environment hook '/home/ryan/treeclimber/install/body_control/share/body_control/hook/ament_prefix_path.sh'
[5.625s] INFO:colcon.colcon_core.shell:Skip shell extension 'powershell' for command environment: Not usable outside of PowerShell
[5.626s] DEBUG:colcon.colcon_core.shell:Skip shell extension 'dsv' for command environment
[6.048s] INFO:colcon.colcon_ros.task.ament_python.build:Building ROS package in '/home/ryan/treeclimber/src/drive_arms' with build type 'ament_python'
[6.049s] Level 1:colcon.colcon_core.shell:create_environment_hook('drive_arms', 'ament_prefix_path')
[6.136s] INFO:colcon.colcon_core.shell:Creating environment hook '/home/ryan/treeclimber/install/drive_arms/share/drive_arms/hook/ament_prefix_path.ps1'
[6.138s] INFO:colcon.colcon_core.shell:Creating environment descriptor '/home/ryan/treeclimber/install/drive_arms/share/drive_arms/hook/ament_prefix_path.dsv'
[6.140s] INFO:colcon.colcon_core.shell:Creating environment hook '/home/ryan/treeclimber/install/drive_arms/share/drive_arms/hook/ament_prefix_path.sh'
[6.242s] INFO:colcon.colcon_core.shell:Skip shell extension 'powershell' for command environment: Not usable outside of PowerShell
[6.242s] DEBUG:colcon.colcon_core.shell:Skip shell extension 'dsv' for command environment
[6.464s] INFO:colcon.colcon_ros.task.ament_python.build:Building ROS package in '/home/ryan/treeclimber/src/motor_tests' with build type 'ament_python'
[6.465s] Level 1:colcon.colcon_core.shell:create_environment_hook('motor_tests', 'ament_prefix_path')
[6.537s] INFO:colcon.colcon_core.shell:Creating environment hook '/home/ryan/treeclimber/install/motor_tests/share/motor_tests/hook/ament_prefix_path.ps1'
[6.539s] INFO:colcon.colcon_core.shell:Creating environment descriptor '/home/ryan/treeclimber/install/motor_tests/share/motor_tests/hook/ament_prefix_path.dsv'
[6.540s] INFO:colcon.colcon_core.shell:Creating environment hook '/home/ryan/treeclimber/install/motor_tests/share/motor_tests/hook/ament_prefix_path.sh'
[6.642s] INFO:colcon.colcon_core.shell:Skip shell extension 'powershell' for command environment: Not usable outside of PowerShell
[6.643s] DEBUG:colcon.colcon_core.shell:Skip shell extension 'dsv' for command environment
[6.857s] INFO:colcon.colcon_ros.task.ament_python.build:Building ROS package in '/home/ryan/treeclimber/src/tail_control' with build type 'ament_python'
[6.857s] Level 1:colcon.colcon_core.shell:create_environment_hook('tail_control', 'ament_prefix_path')
[6.946s] INFO:colcon.colcon_core.shell:Creating environment hook '/home/ryan/treeclimber/install/tail_control/share/tail_control/hook/ament_prefix_path.ps1'
[6.949s] INFO:colcon.colcon_core.shell:Creating environment descriptor '/home/ryan/treeclimber/install/tail_control/share/tail_control/hook/ament_prefix_path.dsv'
[6.951s] INFO:colcon.colcon_core.shell:Creating environment hook '/home/ryan/treeclimber/install/tail_control/share/tail_control/hook/ament_prefix_path.sh'
[7.038s] INFO:colcon.colcon_core.shell:Skip shell extension 'powershell' for command environment: Not usable outside of PowerShell
[7.038s] DEBUG:colcon.colcon_core.shell:Skip shell extension 'dsv' for command environment
[8.526s] INFO:colcon.colcon_core.task.python.build:Building Python package in '/home/ryan/treeclimber/src/body_control'
[8.589s] INFO:colcon.colcon_core.shell:Skip shell extension 'powershell' for command environment: Not usable outside of PowerShell
[8.589s] DEBUG:colcon.colcon_core.shell:Skip shell extension 'dsv' for command environment
[10.060s] INFO:colcon.colcon_core.task.python.build:Building Python package in '/home/ryan/treeclimber/src/drive_arms'
[10.132s] INFO:colcon.colcon_core.shell:Skip shell extension 'powershell' for command environment: Not usable outside of PowerShell
[10.133s] DEBUG:colcon.colcon_core.shell:Skip shell extension 'dsv' for command environment
[11.563s] INFO:colcon.colcon_core.task.python.build:Building Python package in '/home/ryan/treeclimber/src/motor_tests'
[11.631s] INFO:colcon.colcon_core.shell:Skip shell extension 'powershell' for command environment: Not usable outside of PowerShell
[11.631s] DEBUG:colcon.colcon_core.shell:Skip shell extension 'dsv' for command environment
[13.073s] INFO:colcon.colcon_core.task.python.build:Building Python package in '/home/ryan/treeclimber/src/tail_control'
[13.133s] INFO:colcon.colcon_core.shell:Skip shell extension 'powershell' for command environment: Not usable outside of PowerShell
[13.133s] DEBUG:colcon.colcon_core.shell:Skip shell extension 'dsv' for command environment
[15.969s] DEBUG:colcon.colcon_core.event_handler.log_command:Invoking command in '/home/ryan/treeclimber/src/tail_control': PYTHONPATH=/home/ryan/treeclimber/build/tail_control/prefix_override:/home/ryan/treeclimber/install/tail_control/lib/python3.10/site-packages:${PYTHONPATH} /usr/bin/python3 setup.py egg_info --egg-base ../../build/tail_control build --build-base /home/ryan/treeclimber/build/tail_control/build install --record /home/ryan/treeclimber/build/tail_control/install.log --single-version-externally-managed
[16.142s] DEBUG:colcon.colcon_core.event_handler.log_command:Invoking command in '/home/ryan/treeclimber/src/body_control': PYTHONPATH=/home/ryan/treeclimber/build/body_control/prefix_override:/home/ryan/treeclimber/install/body_control/lib/python3.10/site-packages:${PYTHONPATH} /usr/bin/python3 setup.py egg_info --egg-base ../../build/body_control build --build-base /home/ryan/treeclimber/build/body_control/build install --record /home/ryan/treeclimber/build/body_control/install.log --single-version-externally-managed
[16.200s] DEBUG:colcon.colcon_core.event_handler.log_command:Invoking command in '/home/ryan/treeclimber/src/motor_tests': PYTHONPATH=/home/ryan/treeclimber/build/motor_tests/prefix_override:/home/ryan/treeclimber/install/motor_tests/lib/python3.10/site-packages:${PYTHONPATH} /usr/bin/python3 setup.py egg_info --egg-base ../../build/motor_tests build --build-base /home/ryan/treeclimber/build/motor_tests/build install --record /home/ryan/treeclimber/build/motor_tests/install.log --single-version-externally-managed
[16.215s] DEBUG:colcon.colcon_core.event_handler.log_command:Invoking command in '/home/ryan/treeclimber/src/drive_arms': PYTHONPATH=/home/ryan/treeclimber/build/drive_arms/prefix_override:/home/ryan/treeclimber/install/drive_arms/lib/python3.10/site-packages:${PYTHONPATH} /usr/bin/python3 setup.py egg_info --egg-base ../../build/drive_arms build --build-base /home/ryan/treeclimber/build/drive_arms/build install --record /home/ryan/treeclimber/build/drive_arms/install.log --single-version-externally-managed
[18.665s] DEBUG:colcon.colcon_core.event_handler.log_command:Invoked command in '/home/ryan/treeclimber/src/tail_control' returned '0': PYTHONPATH=/home/ryan/treeclimber/build/tail_control/prefix_override:/home/ryan/treeclimber/install/tail_control/lib/python3.10/site-packages:${PYTHONPATH} /usr/bin/python3 setup.py egg_info --egg-base ../../build/tail_control build --build-base /home/ryan/treeclimber/build/tail_control/build install --record /home/ryan/treeclimber/build/tail_control/install.log --single-version-externally-managed
[19.160s] Level 1:colcon.colcon_core.environment:checking '/home/ryan/treeclimber/install/tail_control' for CMake module files
[19.162s] Level 1:colcon.colcon_core.environment:checking '/home/ryan/treeclimber/install/tail_control' for CMake config files
[19.166s] Level 1:colcon.colcon_core.environment:checking '/home/ryan/treeclimber/install/tail_control/lib'
[19.167s] Level 1:colcon.colcon_core.environment:checking '/home/ryan/treeclimber/install/tail_control/bin'
[19.167s] Level 1:colcon.colcon_core.environment:checking '/home/ryan/treeclimber/install/tail_control/lib/pkgconfig/tail_control.pc'
[19.168s] Level 1:colcon.colcon_core.environment:checking '/home/ryan/treeclimber/install/tail_control/lib/python3.10/site-packages'
[19.168s] Level 1:colcon.colcon_core.shell:create_environment_hook('tail_control', 'pythonpath')
[19.250s] INFO:colcon.colcon_core.shell:Creating environment hook '/home/ryan/treeclimber/install/tail_control/share/tail_control/hook/pythonpath.ps1'
[19.252s] INFO:colcon.colcon_core.shell:Creating environment descriptor '/home/ryan/treeclimber/install/tail_control/share/tail_control/hook/pythonpath.dsv'
[19.254s] INFO:colcon.colcon_core.shell:Creating environment hook '/home/ryan/treeclimber/install/tail_control/share/tail_control/hook/pythonpath.sh'
[19.257s] Level 1:colcon.colcon_core.environment:checking '/home/ryan/treeclimber/install/tail_control/bin'
[19.257s] Level 1:colcon.colcon_core.environment:create_environment_scripts_only(tail_control)
[19.314s] INFO:colcon.colcon_core.shell:Creating package script '/home/ryan/treeclimber/install/tail_control/share/tail_control/package.ps1'
[19.319s] INFO:colcon.colcon_core.shell:Creating package descriptor '/home/ryan/treeclimber/install/tail_control/share/tail_control/package.dsv'
[19.323s] INFO:colcon.colcon_core.shell:Creating package script '/home/ryan/treeclimber/install/tail_control/share/tail_control/package.sh'
[19.327s] INFO:colcon.colcon_core.shell:Creating package script '/home/ryan/treeclimber/install/tail_control/share/tail_control/package.bash'
[19.330s] INFO:colcon.colcon_core.shell:Creating package script '/home/ryan/treeclimber/install/tail_control/share/tail_control/package.zsh'
[19.335s] Level 1:colcon.colcon_core.environment:create_file_with_runtime_dependencies(/home/ryan/treeclimber/install/tail_control/share/colcon-core/packages/tail_control)
[19.349s] DEBUG:colcon.colcon_core.event_handler.log_command:Invoked command in '/home/ryan/treeclimber/src/body_control' returned '0': PYTHONPATH=/home/ryan/treeclimber/build/body_control/prefix_override:/home/ryan/treeclimber/install/body_control/lib/python3.10/site-packages:${PYTHONPATH} /usr/bin/python3 setup.py egg_info --egg-base ../../build/body_control build --build-base /home/ryan/treeclimber/build/body_control/build install --record /home/ryan/treeclimber/build/body_control/install.log --single-version-externally-managed
[19.434s] Level 1:colcon.colcon_core.environment:checking '/home/ryan/treeclimber/install/body_control' for CMake module files
[19.438s] Level 1:colcon.colcon_core.environment:checking '/home/ryan/treeclimber/install/body_control' for CMake config files
[19.443s] Level 1:colcon.colcon_core.environment:checking '/home/ryan/treeclimber/install/body_control/lib'
[19.444s] Level 1:colcon.colcon_core.environment:checking '/home/ryan/treeclimber/install/body_control/bin'
[19.445s] Level 1:colcon.colcon_core.environment:checking '/home/ryan/treeclimber/install/body_control/lib/pkgconfig/body_control.pc'
[19.447s] Level 1:colcon.colcon_core.environment:checking '/home/ryan/treeclimber/install/body_control/lib/python3.10/site-packages'
[19.447s] Level 1:colcon.colcon_core.shell:create_environment_hook('body_control', 'pythonpath')
[19.515s] INFO:colcon.colcon_core.shell:Creating environment hook '/home/ryan/treeclimber/install/body_control/share/body_control/hook/pythonpath.ps1'
[19.518s] INFO:colcon.colcon_core.shell:Creating environment descriptor '/home/ryan/treeclimber/install/body_control/share/body_control/hook/pythonpath.dsv'
[19.520s] INFO:colcon.colcon_core.shell:Creating environment hook '/home/ryan/treeclimber/install/body_control/share/body_control/hook/pythonpath.sh'
[19.524s] Level 1:colcon.colcon_core.environment:checking '/home/ryan/treeclimber/install/body_control/bin'
[19.524s] Level 1:colcon.colcon_core.environment:create_environment_scripts_only(body_control)
[19.605s] INFO:colcon.colcon_core.shell:Creating package script '/home/ryan/treeclimber/install/body_control/share/body_control/package.ps1'
[19.607s] INFO:colcon.colcon_core.shell:Creating package descriptor '/home/ryan/treeclimber/install/body_control/share/body_control/package.dsv'
[19.609s] INFO:colcon.colcon_core.shell:Creating package script '/home/ryan/treeclimber/install/body_control/share/body_control/package.sh'
[19.611s] INFO:colcon.colcon_core.shell:Creating package script '/home/ryan/treeclimber/install/body_control/share/body_control/package.bash'
[19.613s] INFO:colcon.colcon_core.shell:Creating package script '/home/ryan/treeclimber/install/body_control/share/body_control/package.zsh'
[19.615s] Level 1:colcon.colcon_core.environment:create_file_with_runtime_dependencies(/home/ryan/treeclimber/install/body_control/share/colcon-core/packages/body_control)
[19.621s] DEBUG:colcon.colcon_core.event_handler.log_command:Invoked command in '/home/ryan/treeclimber/src/motor_tests' returned '0': PYTHONPATH=/home/ryan/treeclimber/build/motor_tests/prefix_override:/home/ryan/treeclimber/install/motor_tests/lib/python3.10/site-packages:${PYTHONPATH} /usr/bin/python3 setup.py egg_info --egg-base ../../build/motor_tests build --build-base /home/ryan/treeclimber/build/motor_tests/build install --record /home/ryan/treeclimber/build/motor_tests/install.log --single-version-externally-managed
[19.692s] Level 1:colcon.colcon_core.environment:checking '/home/ryan/treeclimber/install/motor_tests' for CMake module files
[19.695s] Level 1:colcon.colcon_core.environment:checking '/home/ryan/treeclimber/install/motor_tests' for CMake config files
[19.698s] Level 1:colcon.colcon_core.environment:checking '/home/ryan/treeclimber/install/motor_tests/lib'
[19.699s] Level 1:colcon.colcon_core.environment:checking '/home/ryan/treeclimber/install/motor_tests/bin'
[19.699s] Level 1:colcon.colcon_core.environment:checking '/home/ryan/treeclimber/install/motor_tests/lib/pkgconfig/motor_tests.pc'
[19.700s] Level 1:colcon.colcon_core.environment:checking '/home/ryan/treeclimber/install/motor_tests/lib/python3.10/site-packages'
[19.700s] Level 1:colcon.colcon_core.shell:create_environment_hook('motor_tests', 'pythonpath')
[19.808s] INFO:colcon.colcon_core.shell:Creating environment hook '/home/ryan/treeclimber/install/motor_tests/share/motor_tests/hook/pythonpath.ps1'
[19.810s] INFO:colcon.colcon_core.shell:Creating environment descriptor '/home/ryan/treeclimber/install/motor_tests/share/motor_tests/hook/pythonpath.dsv'
[19.812s] INFO:colcon.colcon_core.shell:Creating environment hook '/home/ryan/treeclimber/install/motor_tests/share/motor_tests/hook/pythonpath.sh'
[19.815s] Level 1:colcon.colcon_core.environment:checking '/home/ryan/treeclimber/install/motor_tests/bin'
[19.815s] Level 1:colcon.colcon_core.environment:create_environment_scripts_only(motor_tests)
[19.890s] INFO:colcon.colcon_core.shell:Creating package script '/home/ryan/treeclimber/install/motor_tests/share/motor_tests/package.ps1'
[19.893s] INFO:colcon.colcon_core.shell:Creating package descriptor '/home/ryan/treeclimber/install/motor_tests/share/motor_tests/package.dsv'
[19.895s] INFO:colcon.colcon_core.shell:Creating package script '/home/ryan/treeclimber/install/motor_tests/share/motor_tests/package.sh'
[19.897s] INFO:colcon.colcon_core.shell:Creating package script '/home/ryan/treeclimber/install/motor_tests/share/motor_tests/package.bash'
[19.899s] INFO:colcon.colcon_core.shell:Creating package script '/home/ryan/treeclimber/install/motor_tests/share/motor_tests/package.zsh'
[19.901s] Level 1:colcon.colcon_core.environment:create_file_with_runtime_dependencies(/home/ryan/treeclimber/install/motor_tests/share/colcon-core/packages/motor_tests)
[19.907s] DEBUG:colcon.colcon_core.event_handler.log_command:Invoked command in '/home/ryan/treeclimber/src/drive_arms' returned '0': PYTHONPATH=/home/ryan/treeclimber/build/drive_arms/prefix_override:/home/ryan/treeclimber/install/drive_arms/lib/python3.10/site-packages:${PYTHONPATH} /usr/bin/python3 setup.py egg_info --egg-base ../../build/drive_arms build --build-base /home/ryan/treeclimber/build/drive_arms/build install --record /home/ryan/treeclimber/build/drive_arms/install.log --single-version-externally-managed
[19.994s] Level 1:colcon.colcon_core.environment:checking '/home/ryan/treeclimber/install/drive_arms' for CMake module files
[19.997s] Level 1:colcon.colcon_core.environment:checking '/home/ryan/treeclimber/install/drive_arms' for CMake config files
[20.000s] Level 1:colcon.colcon_core.environment:checking '/home/ryan/treeclimber/install/drive_arms/lib'
[20.000s] Level 1:colcon.colcon_core.environment:checking '/home/ryan/treeclimber/install/drive_arms/bin'
[20.001s] Level 1:colcon.colcon_core.environment:checking '/home/ryan/treeclimber/install/drive_arms/lib/pkgconfig/drive_arms.pc'
[20.002s] Level 1:colcon.colcon_core.environment:checking '/home/ryan/treeclimber/install/drive_arms/lib/python3.10/site-packages'
[20.002s] Level 1:colcon.colcon_core.shell:create_environment_hook('drive_arms', 'pythonpath')
[20.129s] INFO:colcon.colcon_core.shell:Creating environment hook '/home/ryan/treeclimber/install/drive_arms/share/drive_arms/hook/pythonpath.ps1'
[20.132s] INFO:colcon.colcon_core.shell:Creating environment descriptor '/home/ryan/treeclimber/install/drive_arms/share/drive_arms/hook/pythonpath.dsv'
[20.136s] INFO:colcon.colcon_core.shell:Creating environment hook '/home/ryan/treeclimber/install/drive_arms/share/drive_arms/hook/pythonpath.sh'
[20.142s] Level 1:colcon.colcon_core.environment:checking '/home/ryan/treeclimber/install/drive_arms/bin'
[20.144s] Level 1:colcon.colcon_core.environment:create_environment_scripts_only(drive_arms)
[20.215s] INFO:colcon.colcon_core.shell:Creating package script '/home/ryan/treeclimber/install/drive_arms/share/drive_arms/package.ps1'
[20.217s] INFO:colcon.colcon_core.shell:Creating package descriptor '/home/ryan/treeclimber/install/drive_arms/share/drive_arms/package.dsv'
[20.219s] INFO:colcon.colcon_core.shell:Creating package script '/home/ryan/treeclimber/install/drive_arms/share/drive_arms/package.sh'
[20.221s] INFO:colcon.colcon_core.shell:Creating package script '/home/ryan/treeclimber/install/drive_arms/share/drive_arms/package.bash'
[20.223s] INFO:colcon.colcon_core.shell:Creating package script '/home/ryan/treeclimber/install/drive_arms/share/drive_arms/package.zsh'
[20.225s] Level 1:colcon.colcon_core.environment:create_file_with_runtime_dependencies(/home/ryan/treeclimber/install/drive_arms/share/colcon-core/packages/drive_arms)
[20.227s] DEBUG:colcon.colcon_parallel_executor.executor.parallel:closing loop
[20.229s] DEBUG:colcon.colcon_parallel_executor.executor.parallel:loop closed
[20.230s] DEBUG:colcon.colcon_parallel_executor.executor.parallel:run_until_complete finished with '0'
[20.230s] DEBUG:colcon.colcon_core.event_reactor:joining thread
[20.340s] INFO:colcon.colcon_core.plugin_system:Skipping extension 'colcon_notification.desktop_notification.terminal_notifier': Not used on non-Darwin systems
[20.340s] INFO:colcon.colcon_core.plugin_system:Skipping extension 'colcon_notification.desktop_notification.win32': Not used on non-Windows systems
[20.340s] INFO:colcon.colcon_notification.desktop_notification:Sending desktop notification using 'notify2'
[20.393s] DEBUG:colcon.colcon_core.event_reactor:joined thread
[20.510s] INFO:colcon.colcon_core.shell:Creating prefix script '/home/ryan/treeclimber/install/local_setup.ps1'
[20.515s] INFO:colcon.colcon_core.shell:Creating prefix util module '/home/ryan/treeclimber/install/_local_setup_util_ps1.py'
[20.522s] INFO:colcon.colcon_core.shell:Creating prefix chain script '/home/ryan/treeclimber/install/setup.ps1'
[20.609s] INFO:colcon.colcon_core.shell:Creating prefix script '/home/ryan/treeclimber/install/local_setup.sh'
[20.611s] INFO:colcon.colcon_core.shell:Creating prefix util module '/home/ryan/treeclimber/install/_local_setup_util_sh.py'
[20.613s] INFO:colcon.colcon_core.shell:Creating prefix chain script '/home/ryan/treeclimber/install/setup.sh'
[20.678s] INFO:colcon.colcon_core.shell:Creating prefix script '/home/ryan/treeclimber/install/local_setup.bash'
[20.680s] INFO:colcon.colcon_core.shell:Creating prefix chain script '/home/ryan/treeclimber/install/setup.bash'
[20.753s] INFO:colcon.colcon_core.shell:Creating prefix script '/home/ryan/treeclimber/install/local_setup.zsh'
[20.756s] INFO:colcon.colcon_core.shell:Creating prefix chain script '/home/ryan/treeclimber/install/setup.zsh'
