[7.157s] DEBUG:colcon:Command line arguments: ['/usr/bin/colcon', 'build']
[7.157s] DEBUG:colcon:Parsed command line arguments: Namespace(log_base=None, log_level=None, verb_name='build', build_base='build', install_base='install', merge_install=False, symlink_install=False, test_result_base=None, continue_on_error=False, executor='parallel', parallel_workers=4, event_handlers=None, ignore_user_meta=False, metas=['./colcon.meta'], base_paths=['.'], packages_ignore=None, packages_ignore_regex=None, paths=None, packages_up_to=None, packages_up_to_regex=None, packages_above=None, packages_above_and_dependencies=None, packages_above_depth=None, packages_select_by_dep=None, packages_skip_by_dep=None, packages_skip_up_to=None, packages_select_build_failed=False, packages_skip_build_finished=False, packages_select_test_failures=False, packages_skip_test_passed=False, packages_select=None, packages_skip=None, packages_select_regex=None, packages_skip_regex=None, packages_start=None, packages_end=None, allow_overriding=[], cmake_args=None, cmake_target=None, cmake_target_skip_unavailable=False, cmake_clean_cache=False, cmake_clean_first=False, cmake_force_configure=False, ament_cmake_args=None, catkin_cmake_args=None, catkin_skip_building_tests=False, verb_parser=<colcon_defaults.argument_parser.defaults.DefaultArgumentsDecorator object at 0xffff8ac8df60>, verb_extension=<colcon_core.verb.build.BuildVerb object at 0xffff8af87d60>, main=<bound method BuildVerb.main of <colcon_core.verb.build.BuildVerb object at 0xffff8af87d60>>)
[7.513s] Level 1:colcon.colcon_core.package_discovery:discover_packages(colcon_meta) check parameters
[7.514s] Level 1:colcon.colcon_core.package_discovery:discover_packages(recursive) check parameters
[7.514s] Level 1:colcon.colcon_core.package_discovery:discover_packages(ignore) check parameters
[7.514s] Level 1:colcon.colcon_core.package_discovery:discover_packages(path) check parameters
[7.514s] Level 1:colcon.colcon_core.package_discovery:discover_packages(colcon_meta) discover
[7.514s] Level 1:colcon.colcon_core.package_discovery:discover_packages(recursive) discover
[7.514s] INFO:colcon.colcon_core.package_discovery:Crawling recursively for packages in '/home/ryan/treeclimber'
[7.515s] Level 1:colcon.colcon_core.package_identification:_identify(.) by extensions ['ignore', 'ignore_ament_install']
[7.515s] Level 1:colcon.colcon_core.package_identification:_identify(.) by extension 'ignore'
[7.515s] Level 1:colcon.colcon_core.package_identification:_identify(.) by extension 'ignore_ament_install'
[7.516s] Level 1:colcon.colcon_core.package_identification:_identify(.) by extensions ['colcon_pkg']
[7.516s] Level 1:colcon.colcon_core.package_identification:_identify(.) by extension 'colcon_pkg'
[7.516s] Level 1:colcon.colcon_core.package_identification:_identify(.) by extensions ['colcon_meta']
[7.516s] Level 1:colcon.colcon_core.package_identification:_identify(.) by extension 'colcon_meta'
[7.516s] Level 1:colcon.colcon_core.package_identification:_identify(.) by extensions ['ros']
[7.516s] Level 1:colcon.colcon_core.package_identification:_identify(.) by extension 'ros'
[7.561s] Level 1:colcon.colcon_core.package_identification:_identify(.) by extensions ['cmake', 'python']
[7.562s] Level 1:colcon.colcon_core.package_identification:_identify(.) by extension 'cmake'
[7.562s] Level 1:colcon.colcon_core.package_identification:_identify(.) by extension 'python'
[7.562s] Level 1:colcon.colcon_core.package_identification:_identify(.) by extensions ['python_setup_py']
[7.562s] Level 1:colcon.colcon_core.package_identification:_identify(.) by extension 'python_setup_py'
[7.563s] Level 1:colcon.colcon_core.package_identification:_identify(build) by extensions ['ignore', 'ignore_ament_install']
[7.563s] Level 1:colcon.colcon_core.package_identification:_identify(build) by extension 'ignore'
[7.563s] Level 1:colcon.colcon_core.package_identification:_identify(build) ignored
[7.564s] Level 1:colcon.colcon_core.package_identification:_identify(install) by extensions ['ignore', 'ignore_ament_install']
[7.564s] Level 1:colcon.colcon_core.package_identification:_identify(install) by extension 'ignore'
[7.564s] Level 1:colcon.colcon_core.package_identification:_identify(install) ignored
[7.565s] Level 1:colcon.colcon_core.package_identification:_identify(log) by extensions ['ignore', 'ignore_ament_install']
[7.565s] Level 1:colcon.colcon_core.package_identification:_identify(log) by extension 'ignore'
[7.565s] Level 1:colcon.colcon_core.package_identification:_identify(log) ignored
[7.566s] Level 1:colcon.colcon_core.package_identification:_identify(src) by extensions ['ignore', 'ignore_ament_install']
[7.566s] Level 1:colcon.colcon_core.package_identification:_identify(src) by extension 'ignore'
[7.566s] Level 1:colcon.colcon_core.package_identification:_identify(src) by extension 'ignore_ament_install'
[7.566s] Level 1:colcon.colcon_core.package_identification:_identify(src) by extensions ['colcon_pkg']
[7.566s] Level 1:colcon.colcon_core.package_identification:_identify(src) by extension 'colcon_pkg'
[7.566s] Level 1:colcon.colcon_core.package_identification:_identify(src) by extensions ['colcon_meta']
[7.567s] Level 1:colcon.colcon_core.package_identification:_identify(src) by extension 'colcon_meta'
[7.567s] Level 1:colcon.colcon_core.package_identification:_identify(src) by extensions ['ros']
[7.567s] Level 1:colcon.colcon_core.package_identification:_identify(src) by extension 'ros'
[7.567s] Level 1:colcon.colcon_core.package_identification:_identify(src) by extensions ['cmake', 'python']
[7.567s] Level 1:colcon.colcon_core.package_identification:_identify(src) by extension 'cmake'
[7.567s] Level 1:colcon.colcon_core.package_identification:_identify(src) by extension 'python'
[7.568s] Level 1:colcon.colcon_core.package_identification:_identify(src) by extensions ['python_setup_py']
[7.568s] Level 1:colcon.colcon_core.package_identification:_identify(src) by extension 'python_setup_py'
[7.568s] Level 1:colcon.colcon_core.package_identification:_identify(src/body_control) by extensions ['ignore', 'ignore_ament_install']
[7.568s] Level 1:colcon.colcon_core.package_identification:_identify(src/body_control) by extension 'ignore'
[7.569s] Level 1:colcon.colcon_core.package_identification:_identify(src/body_control) by extension 'ignore_ament_install'
[7.569s] Level 1:colcon.colcon_core.package_identification:_identify(src/body_control) by extensions ['colcon_pkg']
[7.569s] Level 1:colcon.colcon_core.package_identification:_identify(src/body_control) by extension 'colcon_pkg'
[7.569s] Level 1:colcon.colcon_core.package_identification:_identify(src/body_control) by extensions ['colcon_meta']
[7.569s] Level 1:colcon.colcon_core.package_identification:_identify(src/body_control) by extension 'colcon_meta'
[7.569s] Level 1:colcon.colcon_core.package_identification:_identify(src/body_control) by extensions ['ros']
[7.570s] Level 1:colcon.colcon_core.package_identification:_identify(src/body_control) by extension 'ros'
[7.581s] DEBUG:colcon.colcon_core.package_identification:Package 'src/body_control' with type 'ros.ament_python' and name 'body_control'
[7.582s] Level 1:colcon.colcon_core.package_identification:_identify(src/drive_arms) by extensions ['ignore', 'ignore_ament_install']
[7.582s] Level 1:colcon.colcon_core.package_identification:_identify(src/drive_arms) by extension 'ignore'
[7.583s] Level 1:colcon.colcon_core.package_identification:_identify(src/drive_arms) by extension 'ignore_ament_install'
[7.584s] Level 1:colcon.colcon_core.package_identification:_identify(src/drive_arms) by extensions ['colcon_pkg']
[7.584s] Level 1:colcon.colcon_core.package_identification:_identify(src/drive_arms) by extension 'colcon_pkg'
[7.585s] Level 1:colcon.colcon_core.package_identification:_identify(src/drive_arms) by extensions ['colcon_meta']
[7.585s] Level 1:colcon.colcon_core.package_identification:_identify(src/drive_arms) by extension 'colcon_meta'
[7.585s] Level 1:colcon.colcon_core.package_identification:_identify(src/drive_arms) by extensions ['ros']
[7.585s] Level 1:colcon.colcon_core.package_identification:_identify(src/drive_arms) by extension 'ros'
[7.588s] DEBUG:colcon.colcon_core.package_identification:Package 'src/drive_arms' with type 'ros.ament_python' and name 'drive_arms'
[7.589s] Level 1:colcon.colcon_core.package_identification:_identify(src/motor_tests) by extensions ['ignore', 'ignore_ament_install']
[7.589s] Level 1:colcon.colcon_core.package_identification:_identify(src/motor_tests) by extension 'ignore'
[7.589s] Level 1:colcon.colcon_core.package_identification:_identify(src/motor_tests) by extension 'ignore_ament_install'
[7.590s] Level 1:colcon.colcon_core.package_identification:_identify(src/motor_tests) by extensions ['colcon_pkg']
[7.590s] Level 1:colcon.colcon_core.package_identification:_identify(src/motor_tests) by extension 'colcon_pkg'
[7.590s] Level 1:colcon.colcon_core.package_identification:_identify(src/motor_tests) by extensions ['colcon_meta']
[7.590s] Level 1:colcon.colcon_core.package_identification:_identify(src/motor_tests) by extension 'colcon_meta'
[7.590s] Level 1:colcon.colcon_core.package_identification:_identify(src/motor_tests) by extensions ['ros']
[7.590s] Level 1:colcon.colcon_core.package_identification:_identify(src/motor_tests) by extension 'ros'
[7.593s] DEBUG:colcon.colcon_core.package_identification:Package 'src/motor_tests' with type 'ros.ament_python' and name 'motor_tests'
[7.593s] Level 1:colcon.colcon_core.package_discovery:discover_packages(recursive) using defaults
[7.593s] Level 1:colcon.colcon_core.package_discovery:discover_packages(ignore) discover
[7.593s] Level 1:colcon.colcon_core.package_discovery:discover_packages(ignore) using defaults
[7.594s] Level 1:colcon.colcon_core.package_discovery:discover_packages(path) discover
[7.594s] Level 1:colcon.colcon_core.package_discovery:discover_packages(path) using defaults
[8.098s] Level 1:colcon.colcon_core.package_discovery:discover_packages(prefix_path) check parameters
[8.098s] Level 1:colcon.colcon_core.package_discovery:discover_packages(prefix_path) discover
[8.236s] DEBUG:colcon.colcon_installed_package_information.package_discovery:Found 270 installed packages in /opt/ros/humble
[8.242s] Level 1:colcon.colcon_core.package_discovery:discover_packages(prefix_path) using defaults
[8.673s] Level 5:colcon.colcon_core.verb:set package 'body_control' build argument 'cmake_args' from command line to 'None'
[8.674s] Level 5:colcon.colcon_core.verb:set package 'body_control' build argument 'cmake_target' from command line to 'None'
[8.674s] Level 5:colcon.colcon_core.verb:set package 'body_control' build argument 'cmake_target_skip_unavailable' from command line to 'False'
[8.674s] Level 5:colcon.colcon_core.verb:set package 'body_control' build argument 'cmake_clean_cache' from command line to 'False'
[8.674s] Level 5:colcon.colcon_core.verb:set package 'body_control' build argument 'cmake_clean_first' from command line to 'False'
[8.674s] Level 5:colcon.colcon_core.verb:set package 'body_control' build argument 'cmake_force_configure' from command line to 'False'
[8.674s] Level 5:colcon.colcon_core.verb:set package 'body_control' build argument 'ament_cmake_args' from command line to 'None'
[8.674s] Level 5:colcon.colcon_core.verb:set package 'body_control' build argument 'catkin_cmake_args' from command line to 'None'
[8.674s] Level 5:colcon.colcon_core.verb:set package 'body_control' build argument 'catkin_skip_building_tests' from command line to 'False'
[8.674s] DEBUG:colcon.colcon_core.verb:Building package 'body_control' with the following arguments: {'ament_cmake_args': None, 'build_base': '/home/ryan/treeclimber/build/body_control', 'catkin_cmake_args': None, 'catkin_skip_building_tests': False, 'cmake_args': None, 'cmake_clean_cache': False, 'cmake_clean_first': False, 'cmake_force_configure': False, 'cmake_target': None, 'cmake_target_skip_unavailable': False, 'install_base': '/home/ryan/treeclimber/install/body_control', 'merge_install': False, 'path': '/home/ryan/treeclimber/src/body_control', 'symlink_install': False, 'test_result_base': None}
[8.735s] Level 5:colcon.colcon_core.verb:set package 'drive_arms' build argument 'cmake_args' from command line to 'None'
[8.736s] Level 5:colcon.colcon_core.verb:set package 'drive_arms' build argument 'cmake_target' from command line to 'None'
[8.736s] Level 5:colcon.colcon_core.verb:set package 'drive_arms' build argument 'cmake_target_skip_unavailable' from command line to 'False'
[8.736s] Level 5:colcon.colcon_core.verb:set package 'drive_arms' build argument 'cmake_clean_cache' from command line to 'False'
[8.736s] Level 5:colcon.colcon_core.verb:set package 'drive_arms' build argument 'cmake_clean_first' from command line to 'False'
[8.736s] Level 5:colcon.colcon_core.verb:set package 'drive_arms' build argument 'cmake_force_configure' from command line to 'False'
[8.736s] Level 5:colcon.colcon_core.verb:set package 'drive_arms' build argument 'ament_cmake_args' from command line to 'None'
[8.737s] Level 5:colcon.colcon_core.verb:set package 'drive_arms' build argument 'catkin_cmake_args' from command line to 'None'
[8.737s] Level 5:colcon.colcon_core.verb:set package 'drive_arms' build argument 'catkin_skip_building_tests' from command line to 'False'
[8.737s] DEBUG:colcon.colcon_core.verb:Building package 'drive_arms' with the following arguments: {'ament_cmake_args': None, 'build_base': '/home/ryan/treeclimber/build/drive_arms', 'catkin_cmake_args': None, 'catkin_skip_building_tests': False, 'cmake_args': None, 'cmake_clean_cache': False, 'cmake_clean_first': False, 'cmake_force_configure': False, 'cmake_target': None, 'cmake_target_skip_unavailable': False, 'install_base': '/home/ryan/treeclimber/install/drive_arms', 'merge_install': False, 'path': '/home/ryan/treeclimber/src/drive_arms', 'symlink_install': False, 'test_result_base': None}
[8.796s] Level 5:colcon.colcon_core.verb:set package 'motor_tests' build argument 'cmake_args' from command line to 'None'
[8.796s] Level 5:colcon.colcon_core.verb:set package 'motor_tests' build argument 'cmake_target' from command line to 'None'
[8.796s] Level 5:colcon.colcon_core.verb:set package 'motor_tests' build argument 'cmake_target_skip_unavailable' from command line to 'False'
[8.796s] Level 5:colcon.colcon_core.verb:set package 'motor_tests' build argument 'cmake_clean_cache' from command line to 'False'
[8.797s] Level 5:colcon.colcon_core.verb:set package 'motor_tests' build argument 'cmake_clean_first' from command line to 'False'
[8.797s] Level 5:colcon.colcon_core.verb:set package 'motor_tests' build argument 'cmake_force_configure' from command line to 'False'
[8.797s] Level 5:colcon.colcon_core.verb:set package 'motor_tests' build argument 'ament_cmake_args' from command line to 'None'
[8.797s] Level 5:colcon.colcon_core.verb:set package 'motor_tests' build argument 'catkin_cmake_args' from command line to 'None'
[8.797s] Level 5:colcon.colcon_core.verb:set package 'motor_tests' build argument 'catkin_skip_building_tests' from command line to 'False'
[8.797s] DEBUG:colcon.colcon_core.verb:Building package 'motor_tests' with the following arguments: {'ament_cmake_args': None, 'build_base': '/home/ryan/treeclimber/build/motor_tests', 'catkin_cmake_args': None, 'catkin_skip_building_tests': False, 'cmake_args': None, 'cmake_clean_cache': False, 'cmake_clean_first': False, 'cmake_force_configure': False, 'cmake_target': None, 'cmake_target_skip_unavailable': False, 'install_base': '/home/ryan/treeclimber/install/motor_tests', 'merge_install': False, 'path': '/home/ryan/treeclimber/src/motor_tests', 'symlink_install': False, 'test_result_base': None}
[8.855s] INFO:colcon.colcon_core.executor:Executing jobs using 'parallel' executor
[8.919s] DEBUG:colcon.colcon_parallel_executor.executor.parallel:run_until_complete
[8.920s] INFO:colcon.colcon_ros.task.ament_python.build:Building ROS package in '/home/ryan/treeclimber/src/body_control' with build type 'ament_python'
[8.921s] Level 1:colcon.colcon_core.shell:create_environment_hook('body_control', 'ament_prefix_path')
[9.022s] INFO:colcon.colcon_core.plugin_system:Skipping extension 'colcon_core.shell.bat': Not used on non-Windows systems
[9.023s] INFO:colcon.colcon_core.shell:Creating environment hook '/home/ryan/treeclimber/install/body_control/share/body_control/hook/ament_prefix_path.ps1'
[9.030s] INFO:colcon.colcon_core.shell:Creating environment descriptor '/home/ryan/treeclimber/install/body_control/share/body_control/hook/ament_prefix_path.dsv'
[9.056s] INFO:colcon.colcon_core.shell:Creating environment hook '/home/ryan/treeclimber/install/body_control/share/body_control/hook/ament_prefix_path.sh'
[9.153s] INFO:colcon.colcon_core.shell:Skip shell extension 'powershell' for command environment: Not usable outside of PowerShell
[9.153s] DEBUG:colcon.colcon_core.shell:Skip shell extension 'dsv' for command environment
[9.299s] INFO:colcon.colcon_ros.task.ament_python.build:Building ROS package in '/home/ryan/treeclimber/src/drive_arms' with build type 'ament_python'
[9.300s] Level 1:colcon.colcon_core.shell:create_environment_hook('drive_arms', 'ament_prefix_path')
[9.386s] INFO:colcon.colcon_core.shell:Creating environment hook '/home/ryan/treeclimber/install/drive_arms/share/drive_arms/hook/ament_prefix_path.ps1'
[9.390s] INFO:colcon.colcon_core.shell:Creating environment descriptor '/home/ryan/treeclimber/install/drive_arms/share/drive_arms/hook/ament_prefix_path.dsv'
[9.391s] INFO:colcon.colcon_core.shell:Creating environment hook '/home/ryan/treeclimber/install/drive_arms/share/drive_arms/hook/ament_prefix_path.sh'
[9.458s] INFO:colcon.colcon_core.shell:Skip shell extension 'powershell' for command environment: Not usable outside of PowerShell
[9.459s] DEBUG:colcon.colcon_core.shell:Skip shell extension 'dsv' for command environment
[9.599s] INFO:colcon.colcon_ros.task.ament_python.build:Building ROS package in '/home/ryan/treeclimber/src/motor_tests' with build type 'ament_python'
[9.600s] Level 1:colcon.colcon_core.shell:create_environment_hook('motor_tests', 'ament_prefix_path')
[9.693s] INFO:colcon.colcon_core.shell:Creating environment hook '/home/ryan/treeclimber/install/motor_tests/share/motor_tests/hook/ament_prefix_path.ps1'
[9.697s] INFO:colcon.colcon_core.shell:Creating environment descriptor '/home/ryan/treeclimber/install/motor_tests/share/motor_tests/hook/ament_prefix_path.dsv'
[9.699s] INFO:colcon.colcon_core.shell:Creating environment hook '/home/ryan/treeclimber/install/motor_tests/share/motor_tests/hook/ament_prefix_path.sh'
[9.774s] INFO:colcon.colcon_core.shell:Skip shell extension 'powershell' for command environment: Not usable outside of PowerShell
[9.774s] DEBUG:colcon.colcon_core.shell:Skip shell extension 'dsv' for command environment
[11.118s] INFO:colcon.colcon_core.task.python.build:Building Python package in '/home/ryan/treeclimber/src/body_control'
[11.187s] INFO:colcon.colcon_core.shell:Skip shell extension 'powershell' for command environment: Not usable outside of PowerShell
[11.187s] DEBUG:colcon.colcon_core.shell:Skip shell extension 'dsv' for command environment
[12.471s] INFO:colcon.colcon_core.task.python.build:Building Python package in '/home/ryan/treeclimber/src/drive_arms'
[12.534s] INFO:colcon.colcon_core.shell:Skip shell extension 'powershell' for command environment: Not usable outside of PowerShell
[12.534s] DEBUG:colcon.colcon_core.shell:Skip shell extension 'dsv' for command environment
[13.994s] INFO:colcon.colcon_core.task.python.build:Building Python package in '/home/ryan/treeclimber/src/motor_tests'
[14.097s] INFO:colcon.colcon_core.shell:Skip shell extension 'powershell' for command environment: Not usable outside of PowerShell
[14.098s] DEBUG:colcon.colcon_core.shell:Skip shell extension 'dsv' for command environment
[37.232s] DEBUG:colcon.colcon_core.event_handler.log_command:Invoking command in '/home/ryan/treeclimber/src/body_control': PYTHONPATH=/home/ryan/treeclimber/build/body_control/prefix_override:/home/ryan/treeclimber/install/body_control/lib/python3.10/site-packages:${PYTHONPATH} /usr/bin/python3 setup.py egg_info --egg-base ../../build/body_control build --build-base /home/ryan/treeclimber/build/body_control/build install --record /home/ryan/treeclimber/build/body_control/install.log --single-version-externally-managed
[37.250s] DEBUG:colcon.colcon_core.event_handler.log_command:Invoking command in '/home/ryan/treeclimber/src/motor_tests': PYTHONPATH=/home/ryan/treeclimber/build/motor_tests/prefix_override:/home/ryan/treeclimber/install/motor_tests/lib/python3.10/site-packages:${PYTHONPATH} /usr/bin/python3 setup.py egg_info --egg-base ../../build/motor_tests build --build-base /home/ryan/treeclimber/build/motor_tests/build install --record /home/ryan/treeclimber/build/motor_tests/install.log --single-version-externally-managed
[37.256s] DEBUG:colcon.colcon_core.event_handler.log_command:Invoking command in '/home/ryan/treeclimber/src/drive_arms': PYTHONPATH=/home/ryan/treeclimber/build/drive_arms/prefix_override:/home/ryan/treeclimber/install/drive_arms/lib/python3.10/site-packages:${PYTHONPATH} /usr/bin/python3 setup.py egg_info --egg-base ../../build/drive_arms build --build-base /home/ryan/treeclimber/build/drive_arms/build install --record /home/ryan/treeclimber/build/drive_arms/install.log --single-version-externally-managed
[40.602s] DEBUG:colcon.colcon_core.event_handler.log_command:Invoked command in '/home/ryan/treeclimber/src/motor_tests' returned '0': PYTHONPATH=/home/ryan/treeclimber/build/motor_tests/prefix_override:/home/ryan/treeclimber/install/motor_tests/lib/python3.10/site-packages:${PYTHONPATH} /usr/bin/python3 setup.py egg_info --egg-base ../../build/motor_tests build --build-base /home/ryan/treeclimber/build/motor_tests/build install --record /home/ryan/treeclimber/build/motor_tests/install.log --single-version-externally-managed
[41.248s] Level 1:colcon.colcon_core.environment:checking '/home/ryan/treeclimber/install/motor_tests' for CMake module files
[41.255s] Level 1:colcon.colcon_core.environment:checking '/home/ryan/treeclimber/install/motor_tests' for CMake config files
[41.268s] Level 1:colcon.colcon_core.environment:checking '/home/ryan/treeclimber/install/motor_tests/lib'
[41.270s] Level 1:colcon.colcon_core.environment:checking '/home/ryan/treeclimber/install/motor_tests/bin'
[41.271s] Level 1:colcon.colcon_core.environment:checking '/home/ryan/treeclimber/install/motor_tests/lib/pkgconfig/motor_tests.pc'
[41.274s] Level 1:colcon.colcon_core.environment:checking '/home/ryan/treeclimber/install/motor_tests/lib/python3.10/site-packages'
[41.275s] Level 1:colcon.colcon_core.shell:create_environment_hook('motor_tests', 'pythonpath')
[41.623s] INFO:colcon.colcon_core.shell:Creating environment hook '/home/ryan/treeclimber/install/motor_tests/share/motor_tests/hook/pythonpath.ps1'
[41.630s] INFO:colcon.colcon_core.shell:Creating environment descriptor '/home/ryan/treeclimber/install/motor_tests/share/motor_tests/hook/pythonpath.dsv'
[41.637s] INFO:colcon.colcon_core.shell:Creating environment hook '/home/ryan/treeclimber/install/motor_tests/share/motor_tests/hook/pythonpath.sh'
[41.648s] Level 1:colcon.colcon_core.environment:checking '/home/ryan/treeclimber/install/motor_tests/bin'
[41.654s] Level 1:colcon.colcon_core.environment:create_environment_scripts_only(motor_tests)
[42.004s] INFO:colcon.colcon_core.shell:Creating package script '/home/ryan/treeclimber/install/motor_tests/share/motor_tests/package.ps1'
[42.013s] INFO:colcon.colcon_core.shell:Creating package descriptor '/home/ryan/treeclimber/install/motor_tests/share/motor_tests/package.dsv'
[42.019s] INFO:colcon.colcon_core.shell:Creating package script '/home/ryan/treeclimber/install/motor_tests/share/motor_tests/package.sh'
[42.026s] INFO:colcon.colcon_core.shell:Creating package script '/home/ryan/treeclimber/install/motor_tests/share/motor_tests/package.bash'
[42.034s] INFO:colcon.colcon_core.shell:Creating package script '/home/ryan/treeclimber/install/motor_tests/share/motor_tests/package.zsh'
[42.040s] Level 1:colcon.colcon_core.environment:create_file_with_runtime_dependencies(/home/ryan/treeclimber/install/motor_tests/share/colcon-core/packages/motor_tests)
[42.069s] DEBUG:colcon.colcon_core.event_handler.log_command:Invoked command in '/home/ryan/treeclimber/src/drive_arms' returned '0': PYTHONPATH=/home/ryan/treeclimber/build/drive_arms/prefix_override:/home/ryan/treeclimber/install/drive_arms/lib/python3.10/site-packages:${PYTHONPATH} /usr/bin/python3 setup.py egg_info --egg-base ../../build/drive_arms build --build-base /home/ryan/treeclimber/build/drive_arms/build install --record /home/ryan/treeclimber/build/drive_arms/install.log --single-version-externally-managed
[42.488s] Level 1:colcon.colcon_core.environment:checking '/home/ryan/treeclimber/install/drive_arms' for CMake module files
[42.495s] Level 1:colcon.colcon_core.environment:checking '/home/ryan/treeclimber/install/drive_arms' for CMake config files
[42.510s] Level 1:colcon.colcon_core.environment:checking '/home/ryan/treeclimber/install/drive_arms/lib'
[42.512s] Level 1:colcon.colcon_core.environment:checking '/home/ryan/treeclimber/install/drive_arms/bin'
[42.513s] Level 1:colcon.colcon_core.environment:checking '/home/ryan/treeclimber/install/drive_arms/lib/pkgconfig/drive_arms.pc'
[42.515s] Level 1:colcon.colcon_core.environment:checking '/home/ryan/treeclimber/install/drive_arms/lib/python3.10/site-packages'
[42.516s] Level 1:colcon.colcon_core.shell:create_environment_hook('drive_arms', 'pythonpath')
[42.846s] INFO:colcon.colcon_core.shell:Creating environment hook '/home/ryan/treeclimber/install/drive_arms/share/drive_arms/hook/pythonpath.ps1'
[42.851s] INFO:colcon.colcon_core.shell:Creating environment descriptor '/home/ryan/treeclimber/install/drive_arms/share/drive_arms/hook/pythonpath.dsv'
[42.856s] INFO:colcon.colcon_core.shell:Creating environment hook '/home/ryan/treeclimber/install/drive_arms/share/drive_arms/hook/pythonpath.sh'
[42.863s] Level 1:colcon.colcon_core.environment:checking '/home/ryan/treeclimber/install/drive_arms/bin'
[42.864s] Level 1:colcon.colcon_core.environment:create_environment_scripts_only(drive_arms)
[43.086s] INFO:colcon.colcon_core.shell:Creating package script '/home/ryan/treeclimber/install/drive_arms/share/drive_arms/package.ps1'
[43.089s] INFO:colcon.colcon_core.shell:Creating package descriptor '/home/ryan/treeclimber/install/drive_arms/share/drive_arms/package.dsv'
[43.091s] INFO:colcon.colcon_core.shell:Creating package script '/home/ryan/treeclimber/install/drive_arms/share/drive_arms/package.sh'
[43.095s] INFO:colcon.colcon_core.shell:Creating package script '/home/ryan/treeclimber/install/drive_arms/share/drive_arms/package.bash'
[43.097s] INFO:colcon.colcon_core.shell:Creating package script '/home/ryan/treeclimber/install/drive_arms/share/drive_arms/package.zsh'
[43.100s] Level 1:colcon.colcon_core.environment:create_file_with_runtime_dependencies(/home/ryan/treeclimber/install/drive_arms/share/colcon-core/packages/drive_arms)
[43.139s] DEBUG:colcon.colcon_core.event_handler.log_command:Invoked command in '/home/ryan/treeclimber/src/body_control' returned '0': PYTHONPATH=/home/ryan/treeclimber/build/body_control/prefix_override:/home/ryan/treeclimber/install/body_control/lib/python3.10/site-packages:${PYTHONPATH} /usr/bin/python3 setup.py egg_info --egg-base ../../build/body_control build --build-base /home/ryan/treeclimber/build/body_control/build install --record /home/ryan/treeclimber/build/body_control/install.log --single-version-externally-managed
[43.471s] Level 1:colcon.colcon_core.environment:checking '/home/ryan/treeclimber/install/body_control' for CMake module files
[43.476s] Level 1:colcon.colcon_core.environment:checking '/home/ryan/treeclimber/install/body_control' for CMake config files
[43.533s] Level 1:colcon.colcon_core.environment:checking '/home/ryan/treeclimber/install/body_control/lib'
[43.534s] Level 1:colcon.colcon_core.environment:checking '/home/ryan/treeclimber/install/body_control/bin'
[43.536s] Level 1:colcon.colcon_core.environment:checking '/home/ryan/treeclimber/install/body_control/lib/pkgconfig/body_control.pc'
[43.538s] Level 1:colcon.colcon_core.environment:checking '/home/ryan/treeclimber/install/body_control/lib/python3.10/site-packages'
[43.571s] Level 1:colcon.colcon_core.shell:create_environment_hook('body_control', 'pythonpath')
[43.854s] INFO:colcon.colcon_core.shell:Creating environment hook '/home/ryan/treeclimber/install/body_control/share/body_control/hook/pythonpath.ps1'
[43.859s] INFO:colcon.colcon_core.shell:Creating environment descriptor '/home/ryan/treeclimber/install/body_control/share/body_control/hook/pythonpath.dsv'
[43.866s] INFO:colcon.colcon_core.shell:Creating environment hook '/home/ryan/treeclimber/install/body_control/share/body_control/hook/pythonpath.sh'
[43.870s] Level 1:colcon.colcon_core.environment:checking '/home/ryan/treeclimber/install/body_control/bin'
[43.870s] Level 1:colcon.colcon_core.environment:create_environment_scripts_only(body_control)
[43.991s] INFO:colcon.colcon_core.shell:Creating package script '/home/ryan/treeclimber/install/body_control/share/body_control/package.ps1'
[43.996s] INFO:colcon.colcon_core.shell:Creating package descriptor '/home/ryan/treeclimber/install/body_control/share/body_control/package.dsv'
[44.001s] INFO:colcon.colcon_core.shell:Creating package script '/home/ryan/treeclimber/install/body_control/share/body_control/package.sh'
[44.006s] INFO:colcon.colcon_core.shell:Creating package script '/home/ryan/treeclimber/install/body_control/share/body_control/package.bash'
[44.013s] INFO:colcon.colcon_core.shell:Creating package script '/home/ryan/treeclimber/install/body_control/share/body_control/package.zsh'
[44.019s] Level 1:colcon.colcon_core.environment:create_file_with_runtime_dependencies(/home/ryan/treeclimber/install/body_control/share/colcon-core/packages/body_control)
[44.022s] DEBUG:colcon.colcon_parallel_executor.executor.parallel:closing loop
[44.024s] DEBUG:colcon.colcon_parallel_executor.executor.parallel:loop closed
[44.025s] DEBUG:colcon.colcon_parallel_executor.executor.parallel:run_until_complete finished with '0'
[44.026s] DEBUG:colcon.colcon_core.event_reactor:joining thread
[44.296s] INFO:colcon.colcon_core.plugin_system:Skipping extension 'colcon_notification.desktop_notification.terminal_notifier': Not used on non-Darwin systems
[44.296s] INFO:colcon.colcon_core.plugin_system:Skipping extension 'colcon_notification.desktop_notification.win32': Not used on non-Windows systems
[44.296s] INFO:colcon.colcon_notification.desktop_notification:Sending desktop notification using 'notify2'
[44.400s] DEBUG:colcon.colcon_core.event_reactor:joined thread
[44.729s] INFO:colcon.colcon_core.shell:Creating prefix script '/home/ryan/treeclimber/install/local_setup.ps1'
[44.738s] INFO:colcon.colcon_core.shell:Creating prefix util module '/home/ryan/treeclimber/install/_local_setup_util_ps1.py'
[44.765s] INFO:colcon.colcon_core.shell:Creating prefix chain script '/home/ryan/treeclimber/install/setup.ps1'
[44.971s] INFO:colcon.colcon_core.shell:Creating prefix script '/home/ryan/treeclimber/install/local_setup.sh'
[44.976s] INFO:colcon.colcon_core.shell:Creating prefix util module '/home/ryan/treeclimber/install/_local_setup_util_sh.py'
[44.982s] INFO:colcon.colcon_core.shell:Creating prefix chain script '/home/ryan/treeclimber/install/setup.sh'
[45.280s] INFO:colcon.colcon_core.shell:Creating prefix script '/home/ryan/treeclimber/install/local_setup.bash'
[45.286s] INFO:colcon.colcon_core.shell:Creating prefix chain script '/home/ryan/treeclimber/install/setup.bash'
[45.553s] INFO:colcon.colcon_core.shell:Creating prefix script '/home/ryan/treeclimber/install/local_setup.zsh'
[45.561s] INFO:colcon.colcon_core.shell:Creating prefix chain script '/home/ryan/treeclimber/install/setup.zsh'
