[10.165s] Invoking command in '/home/ryan/treeclimber/src/drive_arms': PYTHONPATH=/home/ryan/treeclimber/build/drive_arms/prefix_override:/home/ryan/treeclimber/install/drive_arms/lib/python3.10/site-packages:${PYTHONPATH} /usr/bin/python3 setup.py egg_info --egg-base ../../build/drive_arms build --build-base /home/ryan/treeclimber/build/drive_arms/build install --record /home/ryan/treeclimber/build/drive_arms/install.log --single-version-externally-managed
[12.230s] running egg_info
[12.247s] writing ../../build/drive_arms/drive_arms.egg-info/PKG-INFO
[12.252s] writing dependency_links to ../../build/drive_arms/drive_arms.egg-info/dependency_links.txt
[12.260s] writing entry points to ../../build/drive_arms/drive_arms.egg-info/entry_points.txt
[12.266s] writing requirements to ../../build/drive_arms/drive_arms.egg-info/requires.txt
[12.270s] writing top-level names to ../../build/drive_arms/drive_arms.egg-info/top_level.txt
[12.275s] reading manifest file '../../build/drive_arms/drive_arms.egg-info/SOURCES.txt'
[12.278s] writing manifest file '../../build/drive_arms/drive_arms.egg-info/SOURCES.txt'
[12.299s] running build
[12.300s] running build_py
[12.301s] running install
[12.301s] /usr/lib/python3/dist-packages/setuptools/command/install.py:34: SetuptoolsDeprecationWarning: setup.py install is deprecated. Use build and pip and other standards-based tools.
[12.302s]   warnings.warn(
[12.302s] running install_lib
[12.311s] running install_data
[12.314s] running install_egg_info
[12.339s] removing '/home/ryan/treeclimber/install/drive_arms/lib/python3.10/site-packages/drive_arms-0.0.0-py3.10.egg-info' (and everything under it)
[12.351s] Copying ../../build/drive_arms/drive_arms.egg-info to /home/ryan/treeclimber/install/drive_arms/lib/python3.10/site-packages/drive_arms-0.0.0-py3.10.egg-info
[12.415s] running install_scripts
[12.782s] Installing spi_test script to /home/ryan/treeclimber/install/drive_arms/lib/drive_arms
[12.789s] writing list of installed files to '/home/ryan/treeclimber/build/drive_arms/install.log'
[13.857s] Invoked command in '/home/ryan/treeclimber/src/drive_arms' returned '0': PYTHONPATH=/home/ryan/treeclimber/build/drive_arms/prefix_override:/home/ryan/treeclimber/install/drive_arms/lib/python3.10/site-packages:${PYTHONPATH} /usr/bin/python3 setup.py egg_info --egg-base ../../build/drive_arms build --build-base /home/ryan/treeclimber/build/drive_arms/build install --record /home/ryan/treeclimber/build/drive_arms/install.log --single-version-externally-managed
