[3.535s] Invoking command in '/home/ryan/treeclimber/src/tail_control': PYTHONPATH=/home/ryan/treeclimber/build/tail_control/prefix_override:/home/ryan/treeclimber/install/tail_control/lib/python3.10/site-packages:${PYTHONPATH} /usr/bin/python3 setup.py egg_info --egg-base ../../build/tail_control build --build-base /home/ryan/treeclimber/build/tail_control/build install --record /home/ryan/treeclimber/build/tail_control/install.log --single-version-externally-managed
[4.764s] running egg_info
[4.767s] writing ../../build/tail_control/tail_control.egg-info/PKG-INFO
[4.768s] writing dependency_links to ../../build/tail_control/tail_control.egg-info/dependency_links.txt
[4.769s] writing entry points to ../../build/tail_control/tail_control.egg-info/entry_points.txt
[4.769s] writing requirements to ../../build/tail_control/tail_control.egg-info/requires.txt
[4.770s] writing top-level names to ../../build/tail_control/tail_control.egg-info/top_level.txt
[4.783s] reading manifest file '../../build/tail_control/tail_control.egg-info/SOURCES.txt'
[4.784s] writing manifest file '../../build/tail_control/tail_control.egg-info/SOURCES.txt'
[4.788s] running build
[4.788s] running build_py
[4.791s] running install
[4.794s] running install_lib
[4.798s] /usr/lib/python3/dist-packages/setuptools/command/install.py:34: SetuptoolsDeprecationWarning: setup.py install is deprecated. Use build and pip and other standards-based tools.
[4.799s]   warnings.warn(
[4.803s] running install_data
[4.804s] running install_egg_info
[4.811s] removing '/home/ryan/treeclimber/install/tail_control/lib/python3.10/site-packages/tail_control-0.0.0-py3.10.egg-info' (and everything under it)
[4.813s] Copying ../../build/tail_control/tail_control.egg-info to /home/ryan/treeclimber/install/tail_control/lib/python3.10/site-packages/tail_control-0.0.0-py3.10.egg-info
[4.819s] running install_scripts
[4.898s] Installing killswitch_relay script to /home/ryan/treeclimber/install/tail_control/lib/tail_control
[4.901s] writing list of installed files to '/home/ryan/treeclimber/build/tail_control/install.log'
[5.034s] Invoked command in '/home/ryan/treeclimber/src/tail_control' returned '0': PYTHONPATH=/home/ryan/treeclimber/build/tail_control/prefix_override:/home/ryan/treeclimber/install/tail_control/lib/python3.10/site-packages:${PYTHONPATH} /usr/bin/python3 setup.py egg_info --egg-base ../../build/tail_control build --build-base /home/ryan/treeclimber/build/tail_control/build install --record /home/ryan/treeclimber/build/tail_control/install.log --single-version-externally-managed
