running egg_info
creating ../../build/drive_arms/drive_arms.egg-info
writing ../../build/drive_arms/drive_arms.egg-info/PKG-INFO
writing dependency_links to ../../build/drive_arms/drive_arms.egg-info/dependency_links.txt
writing entry points to ../../build/drive_arms/drive_arms.egg-info/entry_points.txt
writing requirements to ../../build/drive_arms/drive_arms.egg-info/requires.txt
writing top-level names to ../../build/drive_arms/drive_arms.egg-info/top_level.txt
writing manifest file '../../build/drive_arms/drive_arms.egg-info/SOURCES.txt'
reading manifest file '../../build/drive_arms/drive_arms.egg-info/SOURCES.txt'
writing manifest file '../../build/drive_arms/drive_arms.egg-info/SOURCES.txt'
running build
running build_py
creating /home/ryan/treeclimber/build/drive_arms/build
creating /home/ryan/treeclimber/build/drive_arms/build/lib
creating /home/ryan/treeclimber/build/drive_arms/build/lib/drive_arms
copying drive_arms/__init__.py -> /home/ryan/treeclimber/build/drive_arms/build/lib/drive_arms
running install
running install_lib
creating /home/ryan/treeclimber/install/drive_arms/lib/python3.10/site-packages/drive_arms
copying /home/ryan/treeclimber/build/drive_arms/build/lib/drive_arms/__init__.py -> /home/ryan/treeclimber/install/drive_arms/lib/python3.10/site-packages/drive_arms
byte-compiling /home/ryan/treeclimber/install/drive_arms/lib/python3.10/site-packages/drive_arms/__init__.py to __init__.cpython-310.pyc
running install_data
creating /home/ryan/treeclimber/install/drive_arms/share/ament_index
creating /home/ryan/treeclimber/install/drive_arms/share/ament_index/resource_index
creating /home/ryan/treeclimber/install/drive_arms/share/ament_index/resource_index/packages
copying resource/drive_arms -> /home/ryan/treeclimber/install/drive_arms/share/ament_index/resource_index/packages
copying package.xml -> /home/ryan/treeclimber/install/drive_arms/share/drive_arms
running install_egg_info
Copying ../../build/drive_arms/drive_arms.egg-info to /home/ryan/treeclimber/install/drive_arms/lib/python3.10/site-packages/drive_arms-0.0.0-py3.10.egg-info
running install_scripts
writing list of installed files to '/home/ryan/treeclimber/build/drive_arms/install.log'
