[4.490s] Invoking command in '/home/ryan/treeclimber/src/drive_arms': PYTHONPATH=/home/ryan/treeclimber/build/drive_arms/prefix_override:/home/ryan/treeclimber/install/drive_arms/lib/python3.10/site-packages:${PYTHONPATH} /usr/bin/python3 setup.py egg_info --egg-base ../../build/drive_arms build --build-base /home/ryan/treeclimber/build/drive_arms/build install --record /home/ryan/treeclimber/build/drive_arms/install.log --single-version-externally-managed
[5.735s] running egg_info
[5.739s] creating ../../build/drive_arms/drive_arms.egg-info
[5.740s] writing ../../build/drive_arms/drive_arms.egg-info/PKG-INFO
[5.741s] writing dependency_links to ../../build/drive_arms/drive_arms.egg-info/dependency_links.txt
[5.742s] writing entry points to ../../build/drive_arms/drive_arms.egg-info/entry_points.txt
[5.742s] writing requirements to ../../build/drive_arms/drive_arms.egg-info/requires.txt
[5.744s] writing top-level names to ../../build/drive_arms/drive_arms.egg-info/top_level.txt
[5.745s] writing manifest file '../../build/drive_arms/drive_arms.egg-info/SOURCES.txt'
[5.752s] reading manifest file '../../build/drive_arms/drive_arms.egg-info/SOURCES.txt'
[5.756s] writing manifest file '../../build/drive_arms/drive_arms.egg-info/SOURCES.txt'
[5.757s] running build
[5.758s] running build_py
[5.758s] creating /home/ryan/treeclimber/build/drive_arms/build
[5.759s] creating /home/ryan/treeclimber/build/drive_arms/build/lib
[5.760s] creating /home/ryan/treeclimber/build/drive_arms/build/lib/drive_arms
[5.761s] copying drive_arms/__init__.py -> /home/ryan/treeclimber/build/drive_arms/build/lib/drive_arms
[5.762s] running install
[5.763s] /usr/lib/python3/dist-packages/setuptools/command/install.py:34: SetuptoolsDeprecationWarning: setup.py install is deprecated. Use build and pip and other standards-based tools.
[5.763s]   warnings.warn(
[5.763s] running install_lib
[5.766s] creating /home/ryan/treeclimber/install/drive_arms/lib/python3.10/site-packages/drive_arms
[5.767s] copying /home/ryan/treeclimber/build/drive_arms/build/lib/drive_arms/__init__.py -> /home/ryan/treeclimber/install/drive_arms/lib/python3.10/site-packages/drive_arms
[5.769s] byte-compiling /home/ryan/treeclimber/install/drive_arms/lib/python3.10/site-packages/drive_arms/__init__.py to __init__.cpython-310.pyc
[5.771s] running install_data
[5.773s] creating /home/ryan/treeclimber/install/drive_arms/share/ament_index
[5.774s] creating /home/ryan/treeclimber/install/drive_arms/share/ament_index/resource_index
[5.774s] creating /home/ryan/treeclimber/install/drive_arms/share/ament_index/resource_index/packages
[5.775s] copying resource/drive_arms -> /home/ryan/treeclimber/install/drive_arms/share/ament_index/resource_index/packages
[5.775s] copying package.xml -> /home/ryan/treeclimber/install/drive_arms/share/drive_arms
[5.775s] running install_egg_info
[5.787s] Copying ../../build/drive_arms/drive_arms.egg-info to /home/ryan/treeclimber/install/drive_arms/lib/python3.10/site-packages/drive_arms-0.0.0-py3.10.egg-info
[5.799s] running install_scripts
[5.909s] writing list of installed files to '/home/ryan/treeclimber/build/drive_arms/install.log'
[6.214s] Invoked command in '/home/ryan/treeclimber/src/drive_arms' returned '0': PYTHONPATH=/home/ryan/treeclimber/build/drive_arms/prefix_override:/home/ryan/treeclimber/install/drive_arms/lib/python3.10/site-packages:${PYTHONPATH} /usr/bin/python3 setup.py egg_info --egg-base ../../build/drive_arms build --build-base /home/ryan/treeclimber/build/drive_arms/build install --record /home/ryan/treeclimber/build/drive_arms/install.log --single-version-externally-managed
