[13.845s] Invoking command in '/home/ryan/treeclimber/src/body_control': PYTHONPATH=/home/ryan/treeclimber/build/body_control/prefix_override:/home/ryan/treeclimber/install/body_control/lib/python3.10/site-packages:${PYTHONPATH} /usr/bin/python3 setup.py egg_info --egg-base ../../build/body_control build --build-base /home/ryan/treeclimber/build/body_control/build install --record /home/ryan/treeclimber/build/body_control/install.log --single-version-externally-managed
[16.703s] running egg_info
[16.706s] writing ../../build/body_control/body_control.egg-info/PKG-INFO
[16.707s] writing dependency_links to ../../build/body_control/body_control.egg-info/dependency_links.txt
[16.707s] writing entry points to ../../build/body_control/body_control.egg-info/entry_points.txt
[16.708s] writing requirements to ../../build/body_control/body_control.egg-info/requires.txt
[16.709s] writing top-level names to ../../build/body_control/body_control.egg-info/top_level.txt
[16.727s] reading manifest file '../../build/body_control/body_control.egg-info/SOURCES.txt'
[16.764s] writing manifest file '../../build/body_control/body_control.egg-info/SOURCES.txt'
[16.766s] running build
[16.767s] running build_py
[16.786s] copying body_control/pcb_test_full.py -> /home/ryan/treeclimber/build/body_control/build/lib/body_control
[16.788s] running install
[16.789s] running install_lib
[16.795s] /usr/lib/python3/dist-packages/setuptools/command/install.py:34: SetuptoolsDeprecationWarning: setup.py install is deprecated. Use build and pip and other standards-based tools.
[16.796s]   warnings.warn(
[16.797s] copying /home/ryan/treeclimber/build/body_control/build/lib/body_control/pcb_test_full.py -> /home/ryan/treeclimber/install/body_control/lib/python3.10/site-packages/body_control
[16.797s] byte-compiling /home/ryan/treeclimber/install/body_control/lib/python3.10/site-packages/body_control/pcb_test_full.py to pcb_test_full.cpython-310.pyc
[16.805s] running install_data
[16.806s] running install_egg_info
[16.815s] removing '/home/ryan/treeclimber/install/body_control/lib/python3.10/site-packages/body_control-0.0.0-py3.10.egg-info' (and everything under it)
[16.828s] Copying ../../build/body_control/body_control.egg-info to /home/ryan/treeclimber/install/body_control/lib/python3.10/site-packages/body_control-0.0.0-py3.10.egg-info
[16.842s] running install_scripts
[17.201s] writing list of installed files to '/home/ryan/treeclimber/build/body_control/install.log'
[17.760s] Invoked command in '/home/ryan/treeclimber/src/body_control' returned '0': PYTHONPATH=/home/ryan/treeclimber/build/body_control/prefix_override:/home/ryan/treeclimber/install/body_control/lib/python3.10/site-packages:${PYTHONPATH} /usr/bin/python3 setup.py egg_info --egg-base ../../build/body_control build --build-base /home/ryan/treeclimber/build/body_control/build install --record /home/ryan/treeclimber/build/body_control/install.log --single-version-externally-managed
