[3.407s] Invoking command in '/home/ryan/treeclimber/src/tail_control': PYTHONPATH=/home/ryan/treeclimber/build/tail_control/prefix_override:/home/ryan/treeclimber/install/tail_control/lib/python3.10/site-packages:${PYTHONPATH} /usr/bin/python3 setup.py egg_info --egg-base ../../build/tail_control build --build-base /home/ryan/treeclimber/build/tail_control/build install --record /home/ryan/treeclimber/build/tail_control/install.log --single-version-externally-managed
[4.457s] running egg_info
[4.460s] creating ../../build/tail_control/tail_control.egg-info
[4.461s] writing ../../build/tail_control/tail_control.egg-info/PKG-INFO
[4.461s] writing dependency_links to ../../build/tail_control/tail_control.egg-info/dependency_links.txt
[4.464s] writing entry points to ../../build/tail_control/tail_control.egg-info/entry_points.txt
[4.464s] writing requirements to ../../build/tail_control/tail_control.egg-info/requires.txt
[4.465s] writing top-level names to ../../build/tail_control/tail_control.egg-info/top_level.txt
[4.466s] writing manifest file '../../build/tail_control/tail_control.egg-info/SOURCES.txt'
[4.471s] reading manifest file '../../build/tail_control/tail_control.egg-info/SOURCES.txt'
[4.474s] writing manifest file '../../build/tail_control/tail_control.egg-info/SOURCES.txt'
[4.475s] running build
[4.475s] running build_py
[4.476s] creating /home/ryan/treeclimber/build/tail_control/build
[4.476s] creating /home/ryan/treeclimber/build/tail_control/build/lib
[4.477s] creating /home/ryan/treeclimber/build/tail_control/build/lib/tail_control
[4.477s] copying tail_control/__init__.py -> /home/ryan/treeclimber/build/tail_control/build/lib/tail_control
[4.478s] copying tail_control/killswitch_relay.py -> /home/ryan/treeclimber/build/tail_control/build/lib/tail_control
[4.478s] running install
[4.480s] /usr/lib/python3/dist-packages/setuptools/command/install.py:34: SetuptoolsDeprecationWarning: setup.py install is deprecated. Use build and pip and other standards-based tools.
[4.480s]   warnings.warn(
[4.481s] running install_lib
[4.484s] creating /home/ryan/treeclimber/install/tail_control/lib/python3.10/site-packages/tail_control
[4.488s] copying /home/ryan/treeclimber/build/tail_control/build/lib/tail_control/__init__.py -> /home/ryan/treeclimber/install/tail_control/lib/python3.10/site-packages/tail_control
[4.488s] copying /home/ryan/treeclimber/build/tail_control/build/lib/tail_control/killswitch_relay.py -> /home/ryan/treeclimber/install/tail_control/lib/python3.10/site-packages/tail_control
[4.489s] byte-compiling /home/ryan/treeclimber/install/tail_control/lib/python3.10/site-packages/tail_control/__init__.py to __init__.cpython-310.pyc
[4.490s] byte-compiling /home/ryan/treeclimber/install/tail_control/lib/python3.10/site-packages/tail_control/killswitch_relay.py to killswitch_relay.cpython-310.pyc
[4.492s] running install_data
[4.494s] creating /home/ryan/treeclimber/install/tail_control/share/ament_index
[4.495s] creating /home/ryan/treeclimber/install/tail_control/share/ament_index/resource_index
[4.495s] creating /home/ryan/treeclimber/install/tail_control/share/ament_index/resource_index/packages
[4.496s] copying resource/tail_control -> /home/ryan/treeclimber/install/tail_control/share/ament_index/resource_index/packages
[4.496s] copying package.xml -> /home/ryan/treeclimber/install/tail_control/share/tail_control
[4.497s] running install_egg_info
[4.508s] Copying ../../build/tail_control/tail_control.egg-info to /home/ryan/treeclimber/install/tail_control/lib/python3.10/site-packages/tail_control-0.0.0-py3.10.egg-info
[4.514s] running install_scripts
[4.594s] Installing talker script to /home/ryan/treeclimber/install/tail_control/lib/tail_control
[4.596s] writing list of installed files to '/home/ryan/treeclimber/build/tail_control/install.log'
[4.728s] Invoked command in '/home/ryan/treeclimber/src/tail_control' returned '0': PYTHONPATH=/home/ryan/treeclimber/build/tail_control/prefix_override:/home/ryan/treeclimber/install/tail_control/lib/python3.10/site-packages:${PYTHONPATH} /usr/bin/python3 setup.py egg_info --egg-base ../../build/tail_control build --build-base /home/ryan/treeclimber/build/tail_control/build install --record /home/ryan/treeclimber/build/tail_control/install.log --single-version-externally-managed
