[4.443s] Invoking command in '/home/ryan/treeclimber/src/tail_control': PYTHONPATH=/home/ryan/treeclimber/build/tail_control/prefix_override:/home/ryan/treeclimber/install/tail_control/lib/python3.10/site-packages:${PYTHONPATH} /usr/bin/python3 setup.py egg_info --egg-base ../../build/tail_control build --build-base /home/ryan/treeclimber/build/tail_control/build install --record /home/ryan/treeclimber/build/tail_control/install.log --single-version-externally-managed
[5.580s] running egg_info
[5.583s] writing ../../build/tail_control/tail_control.egg-info/PKG-INFO
[5.584s] writing dependency_links to ../../build/tail_control/tail_control.egg-info/dependency_links.txt
[5.585s] writing entry points to ../../build/tail_control/tail_control.egg-info/entry_points.txt
[5.586s] writing requirements to ../../build/tail_control/tail_control.egg-info/requires.txt
[5.587s] writing top-level names to ../../build/tail_control/tail_control.egg-info/top_level.txt
[5.598s] reading manifest file '../../build/tail_control/tail_control.egg-info/SOURCES.txt'
[5.601s] writing manifest file '../../build/tail_control/tail_control.egg-info/SOURCES.txt'
[5.602s] running build
[5.603s] running build_py
[5.604s] copying tail_control/killswitch_relay.py -> /home/ryan/treeclimber/build/tail_control/build/lib/tail_control
[5.606s] running install
[5.607s] /usr/lib/python3/dist-packages/setuptools/command/install.py:34: SetuptoolsDeprecationWarning: setup.py install is deprecated. Use build and pip and other standards-based tools.
[5.608s]   warnings.warn(
[5.613s] running install_lib
[5.616s] copying /home/ryan/treeclimber/build/tail_control/build/lib/tail_control/killswitch_relay.py -> /home/ryan/treeclimber/install/tail_control/lib/python3.10/site-packages/tail_control
[5.620s] byte-compiling /home/ryan/treeclimber/install/tail_control/lib/python3.10/site-packages/tail_control/killswitch_relay.py to killswitch_relay.cpython-310.pyc
[5.622s] running install_data
[5.625s] running install_egg_info
[5.631s] removing '/home/ryan/treeclimber/install/tail_control/lib/python3.10/site-packages/tail_control-0.0.0-py3.10.egg-info' (and everything under it)
[5.634s] Copying ../../build/tail_control/tail_control.egg-info to /home/ryan/treeclimber/install/tail_control/lib/python3.10/site-packages/tail_control-0.0.0-py3.10.egg-info
[5.639s] running install_scripts
[5.720s] Installing talker script to /home/ryan/treeclimber/install/tail_control/lib/tail_control
[5.722s] writing list of installed files to '/home/ryan/treeclimber/build/tail_control/install.log'
[5.857s] Invoked command in '/home/ryan/treeclimber/src/tail_control' returned '0': PYTHONPATH=/home/ryan/treeclimber/build/tail_control/prefix_override:/home/ryan/treeclimber/install/tail_control/lib/python3.10/site-packages:${PYTHONPATH} /usr/bin/python3 setup.py egg_info --egg-base ../../build/tail_control build --build-base /home/ryan/treeclimber/build/tail_control/build install --record /home/ryan/treeclimber/build/tail_control/install.log --single-version-externally-managed
