[3.499s] Invoking command in '/home/ryan/treeclimber/src/tail_control': PYTHONPATH=/home/ryan/treeclimber/build/tail_control/prefix_override:/home/ryan/treeclimber/install/tail_control/lib/python3.10/site-packages:${PYTHONPATH} /usr/bin/python3 setup.py egg_info --egg-base ../../build/tail_control build --build-base /home/ryan/treeclimber/build/tail_control/build install --record /home/ryan/treeclimber/build/tail_control/install.log --single-version-externally-managed
[4.625s] running egg_info
[4.628s] writing ../../build/tail_control/tail_control.egg-info/PKG-INFO
[4.629s] writing dependency_links to ../../build/tail_control/tail_control.egg-info/dependency_links.txt
[4.630s] writing entry points to ../../build/tail_control/tail_control.egg-info/entry_points.txt
[4.631s] writing requirements to ../../build/tail_control/tail_control.egg-info/requires.txt
[4.632s] writing top-level names to ../../build/tail_control/tail_control.egg-info/top_level.txt
[4.640s] reading manifest file '../../build/tail_control/tail_control.egg-info/SOURCES.txt'
[4.647s] writing manifest file '../../build/tail_control/tail_control.egg-info/SOURCES.txt'
[4.649s] running build
[4.650s] running build_py
[4.653s] copying tail_control/killswitch_relay.py -> /home/ryan/treeclimber/build/tail_control/build/lib/tail_control
[4.654s] running install
[4.655s] /usr/lib/python3/dist-packages/setuptools/command/install.py:34: SetuptoolsDeprecationWarning: setup.py install is deprecated. Use build and pip and other standards-based tools.
[4.656s]   warnings.warn(
[4.656s] running install_lib
[4.659s] copying /home/ryan/treeclimber/build/tail_control/build/lib/tail_control/killswitch_relay.py -> /home/ryan/treeclimber/install/tail_control/lib/python3.10/site-packages/tail_control
[4.663s] byte-compiling /home/ryan/treeclimber/install/tail_control/lib/python3.10/site-packages/tail_control/killswitch_relay.py to killswitch_relay.cpython-310.pyc
[4.668s] running install_data
[4.669s] running install_egg_info
[4.680s] removing '/home/ryan/treeclimber/install/tail_control/lib/python3.10/site-packages/tail_control-0.0.0-py3.10.egg-info' (and everything under it)
[4.683s] Copying ../../build/tail_control/tail_control.egg-info to /home/ryan/treeclimber/install/tail_control/lib/python3.10/site-packages/tail_control-0.0.0-py3.10.egg-info
[4.691s] running install_scripts
[4.766s] Installing talker script to /home/ryan/treeclimber/install/tail_control/lib/tail_control
[4.768s] writing list of installed files to '/home/ryan/treeclimber/build/tail_control/install.log'
[4.909s] Invoked command in '/home/ryan/treeclimber/src/tail_control' returned '0': PYTHONPATH=/home/ryan/treeclimber/build/tail_control/prefix_override:/home/ryan/treeclimber/install/tail_control/lib/python3.10/site-packages:${PYTHONPATH} /usr/bin/python3 setup.py egg_info --egg-base ../../build/tail_control build --build-base /home/ryan/treeclimber/build/tail_control/build install --record /home/ryan/treeclimber/build/tail_control/install.log --single-version-externally-managed
