[3.622s] Invoking command in '/home/ryan/treeclimber/src/tail_control': PYTHONPATH=/home/ryan/treeclimber/build/tail_control/prefix_override:/home/ryan/treeclimber/install/tail_control/lib/python3.10/site-packages:${PYTHONPATH} /usr/bin/python3 setup.py egg_info --egg-base ../../build/tail_control build --build-base /home/ryan/treeclimber/build/tail_control/build install --record /home/ryan/treeclimber/build/tail_control/install.log --single-version-externally-managed
[4.811s] running egg_info
[4.814s] writing ../../build/tail_control/tail_control.egg-info/PKG-INFO
[4.815s] writing dependency_links to ../../build/tail_control/tail_control.egg-info/dependency_links.txt
[4.816s] writing entry points to ../../build/tail_control/tail_control.egg-info/entry_points.txt
[4.817s] writing requirements to ../../build/tail_control/tail_control.egg-info/requires.txt
[4.818s] writing top-level names to ../../build/tail_control/tail_control.egg-info/top_level.txt
[4.826s] reading manifest file '../../build/tail_control/tail_control.egg-info/SOURCES.txt'
[4.829s] writing manifest file '../../build/tail_control/tail_control.egg-info/SOURCES.txt'
[4.830s] running build
[4.831s] running build_py
[4.832s] running install
[4.833s] /usr/lib/python3/dist-packages/setuptools/command/install.py:34: SetuptoolsDeprecationWarning: setup.py install is deprecated. Use build and pip and other standards-based tools.
[4.834s]   warnings.warn(
[4.834s] running install_lib
[4.839s] running install_data
[4.842s] running install_egg_info
[4.848s] removing '/home/ryan/treeclimber/install/tail_control/lib/python3.10/site-packages/tail_control-0.0.0-py3.10.egg-info' (and everything under it)
[4.850s] Copying ../../build/tail_control/tail_control.egg-info to /home/ryan/treeclimber/install/tail_control/lib/python3.10/site-packages/tail_control-0.0.0-py3.10.egg-info
[4.856s] running install_scripts
[4.945s] Installing killswitch_relay script to /home/ryan/treeclimber/install/tail_control/lib/tail_control
[4.947s] writing list of installed files to '/home/ryan/treeclimber/build/tail_control/install.log'
[5.109s] Invoked command in '/home/ryan/treeclimber/src/tail_control' returned '0': PYTHONPATH=/home/ryan/treeclimber/build/tail_control/prefix_override:/home/ryan/treeclimber/install/tail_control/lib/python3.10/site-packages:${PYTHONPATH} /usr/bin/python3 setup.py egg_info --egg-base ../../build/tail_control build --build-base /home/ryan/treeclimber/build/tail_control/build install --record /home/ryan/treeclimber/build/tail_control/install.log --single-version-externally-managed
