[4.540s] DEBUG:colcon:Command line arguments: ['/usr/bin/colcon', 'build', '--packages-select', 'body_control']
[4.540s] DEBUG:colcon:Parsed command line arguments: Namespace(log_base=None, log_level=None, verb_name='build', build_base='build', install_base='install', merge_install=False, symlink_install=False, test_result_base=None, continue_on_error=False, executor='parallel', parallel_workers=4, event_handlers=None, ignore_user_meta=False, metas=['./colcon.meta'], base_paths=['.'], packages_ignore=None, packages_ignore_regex=None, paths=None, packages_up_to=None, packages_up_to_regex=None, packages_above=None, packages_above_and_dependencies=None, packages_above_depth=None, packages_select_by_dep=None, packages_skip_by_dep=None, packages_skip_up_to=None, packages_select_build_failed=False, packages_skip_build_finished=False, packages_select_test_failures=False, packages_skip_test_passed=False, packages_select=['body_control'], packages_skip=None, packages_select_regex=None, packages_skip_regex=None, packages_start=None, packages_end=None, allow_overriding=[], cmake_args=None, cmake_target=None, cmake_target_skip_unavailable=False, cmake_clean_cache=False, cmake_clean_first=False, cmake_force_configure=False, ament_cmake_args=None, catkin_cmake_args=None, catkin_skip_building_tests=False, verb_parser=<colcon_defaults.argument_parser.defaults.DefaultArgumentsDecorator object at 0xffffbc433eb0>, verb_extension=<colcon_core.verb.build.BuildVerb object at 0xffffbc6f71c0>, main=<bound method BuildVerb.main of <colcon_core.verb.build.BuildVerb object at 0xffffbc6f71c0>>)
[4.745s] Level 1:colcon.colcon_core.package_discovery:discover_packages(colcon_meta) check parameters
[4.745s] Level 1:colcon.colcon_core.package_discovery:discover_packages(recursive) check parameters
[4.745s] Level 1:colcon.colcon_core.package_discovery:discover_packages(ignore) check parameters
[4.746s] Level 1:colcon.colcon_core.package_discovery:discover_packages(path) check parameters
[4.746s] Level 1:colcon.colcon_core.package_discovery:discover_packages(colcon_meta) discover
[4.746s] Level 1:colcon.colcon_core.package_discovery:discover_packages(recursive) discover
[4.746s] INFO:colcon.colcon_core.package_discovery:Crawling recursively for packages in '/home/ryan/treeclimber'
[4.747s] Level 1:colcon.colcon_core.package_identification:_identify(.) by extensions ['ignore', 'ignore_ament_install']
[4.747s] Level 1:colcon.colcon_core.package_identification:_identify(.) by extension 'ignore'
[4.747s] Level 1:colcon.colcon_core.package_identification:_identify(.) by extension 'ignore_ament_install'
[4.748s] Level 1:colcon.colcon_core.package_identification:_identify(.) by extensions ['colcon_pkg']
[4.748s] Level 1:colcon.colcon_core.package_identification:_identify(.) by extension 'colcon_pkg'
[4.748s] Level 1:colcon.colcon_core.package_identification:_identify(.) by extensions ['colcon_meta']
[4.748s] Level 1:colcon.colcon_core.package_identification:_identify(.) by extension 'colcon_meta'
[4.748s] Level 1:colcon.colcon_core.package_identification:_identify(.) by extensions ['ros']
[4.748s] Level 1:colcon.colcon_core.package_identification:_identify(.) by extension 'ros'
[4.791s] Level 1:colcon.colcon_core.package_identification:_identify(.) by extensions ['cmake', 'python']
[4.791s] Level 1:colcon.colcon_core.package_identification:_identify(.) by extension 'cmake'
[4.792s] Level 1:colcon.colcon_core.package_identification:_identify(.) by extension 'python'
[4.792s] Level 1:colcon.colcon_core.package_identification:_identify(.) by extensions ['python_setup_py']
[4.792s] Level 1:colcon.colcon_core.package_identification:_identify(.) by extension 'python_setup_py'
[4.792s] Level 1:colcon.colcon_core.package_identification:_identify(build) by extensions ['ignore', 'ignore_ament_install']
[4.793s] Level 1:colcon.colcon_core.package_identification:_identify(build) by extension 'ignore'
[4.793s] Level 1:colcon.colcon_core.package_identification:_identify(build) ignored
[4.794s] Level 1:colcon.colcon_core.package_identification:_identify(install) by extensions ['ignore', 'ignore_ament_install']
[4.794s] Level 1:colcon.colcon_core.package_identification:_identify(install) by extension 'ignore'
[4.794s] Level 1:colcon.colcon_core.package_identification:_identify(install) ignored
[4.795s] Level 1:colcon.colcon_core.package_identification:_identify(log) by extensions ['ignore', 'ignore_ament_install']
[4.795s] Level 1:colcon.colcon_core.package_identification:_identify(log) by extension 'ignore'
[4.796s] Level 1:colcon.colcon_core.package_identification:_identify(log) ignored
[4.796s] Level 1:colcon.colcon_core.package_identification:_identify(src) by extensions ['ignore', 'ignore_ament_install']
[4.796s] Level 1:colcon.colcon_core.package_identification:_identify(src) by extension 'ignore'
[4.797s] Level 1:colcon.colcon_core.package_identification:_identify(src) by extension 'ignore_ament_install'
[4.797s] Level 1:colcon.colcon_core.package_identification:_identify(src) by extensions ['colcon_pkg']
[4.797s] Level 1:colcon.colcon_core.package_identification:_identify(src) by extension 'colcon_pkg'
[4.797s] Level 1:colcon.colcon_core.package_identification:_identify(src) by extensions ['colcon_meta']
[4.798s] Level 1:colcon.colcon_core.package_identification:_identify(src) by extension 'colcon_meta'
[4.798s] Level 1:colcon.colcon_core.package_identification:_identify(src) by extensions ['ros']
[4.798s] Level 1:colcon.colcon_core.package_identification:_identify(src) by extension 'ros'
[4.798s] Level 1:colcon.colcon_core.package_identification:_identify(src) by extensions ['cmake', 'python']
[4.798s] Level 1:colcon.colcon_core.package_identification:_identify(src) by extension 'cmake'
[4.799s] Level 1:colcon.colcon_core.package_identification:_identify(src) by extension 'python'
[4.799s] Level 1:colcon.colcon_core.package_identification:_identify(src) by extensions ['python_setup_py']
[4.799s] Level 1:colcon.colcon_core.package_identification:_identify(src) by extension 'python_setup_py'
[4.799s] Level 1:colcon.colcon_core.package_identification:_identify(src/body_control) by extensions ['ignore', 'ignore_ament_install']
[4.800s] Level 1:colcon.colcon_core.package_identification:_identify(src/body_control) by extension 'ignore'
[4.800s] Level 1:colcon.colcon_core.package_identification:_identify(src/body_control) by extension 'ignore_ament_install'
[4.800s] Level 1:colcon.colcon_core.package_identification:_identify(src/body_control) by extensions ['colcon_pkg']
[4.800s] Level 1:colcon.colcon_core.package_identification:_identify(src/body_control) by extension 'colcon_pkg'
[4.801s] Level 1:colcon.colcon_core.package_identification:_identify(src/body_control) by extensions ['colcon_meta']
[4.801s] Level 1:colcon.colcon_core.package_identification:_identify(src/body_control) by extension 'colcon_meta'
[4.801s] Level 1:colcon.colcon_core.package_identification:_identify(src/body_control) by extensions ['ros']
[4.801s] Level 1:colcon.colcon_core.package_identification:_identify(src/body_control) by extension 'ros'
[4.813s] DEBUG:colcon.colcon_core.package_identification:Package 'src/body_control' with type 'ros.ament_python' and name 'body_control'
[4.814s] Level 1:colcon.colcon_core.package_identification:_identify(src/drive_arms) by extensions ['ignore', 'ignore_ament_install']
[4.814s] Level 1:colcon.colcon_core.package_identification:_identify(src/drive_arms) by extension 'ignore'
[4.814s] Level 1:colcon.colcon_core.package_identification:_identify(src/drive_arms) by extension 'ignore_ament_install'
[4.815s] Level 1:colcon.colcon_core.package_identification:_identify(src/drive_arms) by extensions ['colcon_pkg']
[4.815s] Level 1:colcon.colcon_core.package_identification:_identify(src/drive_arms) by extension 'colcon_pkg'
[4.815s] Level 1:colcon.colcon_core.package_identification:_identify(src/drive_arms) by extensions ['colcon_meta']
[4.815s] Level 1:colcon.colcon_core.package_identification:_identify(src/drive_arms) by extension 'colcon_meta'
[4.815s] Level 1:colcon.colcon_core.package_identification:_identify(src/drive_arms) by extensions ['ros']
[4.815s] Level 1:colcon.colcon_core.package_identification:_identify(src/drive_arms) by extension 'ros'
[4.817s] DEBUG:colcon.colcon_core.package_identification:Package 'src/drive_arms' with type 'ros.ament_python' and name 'drive_arms'
[4.818s] Level 1:colcon.colcon_core.package_identification:_identify(src/motor_tests) by extensions ['ignore', 'ignore_ament_install']
[4.818s] Level 1:colcon.colcon_core.package_identification:_identify(src/motor_tests) by extension 'ignore'
[4.819s] Level 1:colcon.colcon_core.package_identification:_identify(src/motor_tests) by extension 'ignore_ament_install'
[4.819s] Level 1:colcon.colcon_core.package_identification:_identify(src/motor_tests) by extensions ['colcon_pkg']
[4.819s] Level 1:colcon.colcon_core.package_identification:_identify(src/motor_tests) by extension 'colcon_pkg'
[4.819s] Level 1:colcon.colcon_core.package_identification:_identify(src/motor_tests) by extensions ['colcon_meta']
[4.819s] Level 1:colcon.colcon_core.package_identification:_identify(src/motor_tests) by extension 'colcon_meta'
[4.819s] Level 1:colcon.colcon_core.package_identification:_identify(src/motor_tests) by extensions ['ros']
[4.820s] Level 1:colcon.colcon_core.package_identification:_identify(src/motor_tests) by extension 'ros'
[4.822s] DEBUG:colcon.colcon_core.package_identification:Package 'src/motor_tests' with type 'ros.ament_python' and name 'motor_tests'
[4.822s] Level 1:colcon.colcon_core.package_identification:_identify(src/tail_control) by extensions ['ignore', 'ignore_ament_install']
[4.823s] Level 1:colcon.colcon_core.package_identification:_identify(src/tail_control) by extension 'ignore'
[4.823s] Level 1:colcon.colcon_core.package_identification:_identify(src/tail_control) by extension 'ignore_ament_install'
[4.824s] Level 1:colcon.colcon_core.package_identification:_identify(src/tail_control) by extensions ['colcon_pkg']
[4.824s] Level 1:colcon.colcon_core.package_identification:_identify(src/tail_control) by extension 'colcon_pkg'
[4.824s] Level 1:colcon.colcon_core.package_identification:_identify(src/tail_control) by extensions ['colcon_meta']
[4.825s] Level 1:colcon.colcon_core.package_identification:_identify(src/tail_control) by extension 'colcon_meta'
[4.825s] Level 1:colcon.colcon_core.package_identification:_identify(src/tail_control) by extensions ['ros']
[4.825s] Level 1:colcon.colcon_core.package_identification:_identify(src/tail_control) by extension 'ros'
[4.827s] DEBUG:colcon.colcon_core.package_identification:Package 'src/tail_control' with type 'ros.ament_python' and name 'tail_control'
[4.827s] Level 1:colcon.colcon_core.package_discovery:discover_packages(recursive) using defaults
[4.828s] Level 1:colcon.colcon_core.package_discovery:discover_packages(ignore) discover
[4.828s] Level 1:colcon.colcon_core.package_discovery:discover_packages(ignore) using defaults
[4.828s] Level 1:colcon.colcon_core.package_discovery:discover_packages(path) discover
[4.828s] Level 1:colcon.colcon_core.package_discovery:discover_packages(path) using defaults
[5.121s] INFO:colcon.colcon_core.package_selection:Skipping not selected package 'drive_arms' in 'src/drive_arms'
[5.121s] INFO:colcon.colcon_core.package_selection:Skipping not selected package 'motor_tests' in 'src/motor_tests'
[5.121s] INFO:colcon.colcon_core.package_selection:Skipping not selected package 'tail_control' in 'src/tail_control'
[5.243s] Level 1:colcon.colcon_core.package_discovery:discover_packages(prefix_path) check parameters
[5.243s] Level 1:colcon.colcon_core.package_discovery:discover_packages(prefix_path) discover
[5.374s] DEBUG:colcon.colcon_installed_package_information.package_discovery:Found 4 installed packages in /home/ryan/treeclimber/install
[5.441s] DEBUG:colcon.colcon_installed_package_information.package_discovery:Found 270 installed packages in /opt/ros/humble
[5.447s] Level 1:colcon.colcon_core.package_discovery:discover_packages(prefix_path) using defaults
[5.861s] Level 5:colcon.colcon_core.verb:set package 'body_control' build argument 'cmake_args' from command line to 'None'
[5.861s] Level 5:colcon.colcon_core.verb:set package 'body_control' build argument 'cmake_target' from command line to 'None'
[5.861s] Level 5:colcon.colcon_core.verb:set package 'body_control' build argument 'cmake_target_skip_unavailable' from command line to 'False'
[5.861s] Level 5:colcon.colcon_core.verb:set package 'body_control' build argument 'cmake_clean_cache' from command line to 'False'
[5.861s] Level 5:colcon.colcon_core.verb:set package 'body_control' build argument 'cmake_clean_first' from command line to 'False'
[5.862s] Level 5:colcon.colcon_core.verb:set package 'body_control' build argument 'cmake_force_configure' from command line to 'False'
[5.862s] Level 5:colcon.colcon_core.verb:set package 'body_control' build argument 'ament_cmake_args' from command line to 'None'
[5.862s] Level 5:colcon.colcon_core.verb:set package 'body_control' build argument 'catkin_cmake_args' from command line to 'None'
[5.862s] Level 5:colcon.colcon_core.verb:set package 'body_control' build argument 'catkin_skip_building_tests' from command line to 'False'
[5.862s] DEBUG:colcon.colcon_core.verb:Building package 'body_control' with the following arguments: {'ament_cmake_args': None, 'build_base': '/home/ryan/treeclimber/build/body_control', 'catkin_cmake_args': None, 'catkin_skip_building_tests': False, 'cmake_args': None, 'cmake_clean_cache': False, 'cmake_clean_first': False, 'cmake_force_configure': False, 'cmake_target': None, 'cmake_target_skip_unavailable': False, 'install_base': '/home/ryan/treeclimber/install/body_control', 'merge_install': False, 'path': '/home/ryan/treeclimber/src/body_control', 'symlink_install': False, 'test_result_base': None}
[5.923s] INFO:colcon.colcon_core.executor:Executing jobs using 'parallel' executor
[5.986s] DEBUG:colcon.colcon_parallel_executor.executor.parallel:run_until_complete
[5.987s] INFO:colcon.colcon_ros.task.ament_python.build:Building ROS package in '/home/ryan/treeclimber/src/body_control' with build type 'ament_python'
[5.988s] Level 1:colcon.colcon_core.shell:create_environment_hook('body_control', 'ament_prefix_path')
[6.131s] INFO:colcon.colcon_core.plugin_system:Skipping extension 'colcon_core.shell.bat': Not used on non-Windows systems
[6.134s] INFO:colcon.colcon_core.shell:Creating environment hook '/home/ryan/treeclimber/install/body_control/share/body_control/hook/ament_prefix_path.ps1'
[6.141s] INFO:colcon.colcon_core.shell:Creating environment descriptor '/home/ryan/treeclimber/install/body_control/share/body_control/hook/ament_prefix_path.dsv'
[6.147s] INFO:colcon.colcon_core.shell:Creating environment hook '/home/ryan/treeclimber/install/body_control/share/body_control/hook/ament_prefix_path.sh'
[6.335s] INFO:colcon.colcon_core.shell:Skip shell extension 'powershell' for command environment: Not usable outside of PowerShell
[6.335s] DEBUG:colcon.colcon_core.shell:Skip shell extension 'dsv' for command environment
[8.516s] INFO:colcon.colcon_core.task.python.build:Building Python package in '/home/ryan/treeclimber/src/body_control'
[8.651s] INFO:colcon.colcon_core.shell:Skip shell extension 'powershell' for command environment: Not usable outside of PowerShell
[8.651s] DEBUG:colcon.colcon_core.shell:Skip shell extension 'dsv' for command environment
[11.444s] DEBUG:colcon.colcon_core.event_handler.log_command:Invoking command in '/home/ryan/treeclimber/src/body_control': PYTHONPATH=/home/ryan/treeclimber/build/body_control/prefix_override:/home/ryan/treeclimber/install/body_control/lib/python3.10/site-packages:${PYTHONPATH} /usr/bin/python3 setup.py egg_info --egg-base ../../build/body_control build --build-base /home/ryan/treeclimber/build/body_control/build install --record /home/ryan/treeclimber/build/body_control/install.log --single-version-externally-managed
[13.768s] DEBUG:colcon.colcon_core.event_handler.log_command:Invoked command in '/home/ryan/treeclimber/src/body_control' returned '0': PYTHONPATH=/home/ryan/treeclimber/build/body_control/prefix_override:/home/ryan/treeclimber/install/body_control/lib/python3.10/site-packages:${PYTHONPATH} /usr/bin/python3 setup.py egg_info --egg-base ../../build/body_control build --build-base /home/ryan/treeclimber/build/body_control/build install --record /home/ryan/treeclimber/build/body_control/install.log --single-version-externally-managed
[14.104s] Level 1:colcon.colcon_core.environment:checking '/home/ryan/treeclimber/install/body_control' for CMake module files
[14.110s] Level 1:colcon.colcon_core.environment:checking '/home/ryan/treeclimber/install/body_control' for CMake config files
[14.129s] Level 1:colcon.colcon_core.environment:checking '/home/ryan/treeclimber/install/body_control/lib'
[14.131s] Level 1:colcon.colcon_core.environment:checking '/home/ryan/treeclimber/install/body_control/bin'
[14.131s] Level 1:colcon.colcon_core.environment:checking '/home/ryan/treeclimber/install/body_control/lib/pkgconfig/body_control.pc'
[14.133s] Level 1:colcon.colcon_core.environment:checking '/home/ryan/treeclimber/install/body_control/lib/python3.10/site-packages'
[14.134s] Level 1:colcon.colcon_core.shell:create_environment_hook('body_control', 'pythonpath')
[14.415s] INFO:colcon.colcon_core.shell:Creating environment hook '/home/ryan/treeclimber/install/body_control/share/body_control/hook/pythonpath.ps1'
[14.418s] INFO:colcon.colcon_core.shell:Creating environment descriptor '/home/ryan/treeclimber/install/body_control/share/body_control/hook/pythonpath.dsv'
[14.423s] INFO:colcon.colcon_core.shell:Creating environment hook '/home/ryan/treeclimber/install/body_control/share/body_control/hook/pythonpath.sh'
[14.430s] Level 1:colcon.colcon_core.environment:checking '/home/ryan/treeclimber/install/body_control/bin'
[14.431s] Level 1:colcon.colcon_core.environment:create_environment_scripts_only(body_control)
[14.550s] INFO:colcon.colcon_core.shell:Creating package script '/home/ryan/treeclimber/install/body_control/share/body_control/package.ps1'
[14.560s] INFO:colcon.colcon_core.shell:Creating package descriptor '/home/ryan/treeclimber/install/body_control/share/body_control/package.dsv'
[14.562s] INFO:colcon.colcon_core.shell:Creating package script '/home/ryan/treeclimber/install/body_control/share/body_control/package.sh'
[14.569s] INFO:colcon.colcon_core.shell:Creating package script '/home/ryan/treeclimber/install/body_control/share/body_control/package.bash'
[14.574s] INFO:colcon.colcon_core.shell:Creating package script '/home/ryan/treeclimber/install/body_control/share/body_control/package.zsh'
[14.579s] Level 1:colcon.colcon_core.environment:create_file_with_runtime_dependencies(/home/ryan/treeclimber/install/body_control/share/colcon-core/packages/body_control)
[14.582s] DEBUG:colcon.colcon_parallel_executor.executor.parallel:closing loop
[14.585s] DEBUG:colcon.colcon_parallel_executor.executor.parallel:loop closed
[14.586s] DEBUG:colcon.colcon_parallel_executor.executor.parallel:run_until_complete finished with '0'
[14.587s] DEBUG:colcon.colcon_core.event_reactor:joining thread
[14.795s] INFO:colcon.colcon_core.plugin_system:Skipping extension 'colcon_notification.desktop_notification.terminal_notifier': Not used on non-Darwin systems
[14.797s] INFO:colcon.colcon_core.plugin_system:Skipping extension 'colcon_notification.desktop_notification.win32': Not used on non-Windows systems
[14.799s] INFO:colcon.colcon_notification.desktop_notification:Sending desktop notification using 'notify2'
[14.876s] DEBUG:colcon.colcon_core.event_reactor:joined thread
[15.023s] INFO:colcon.colcon_core.shell:Creating prefix script '/home/ryan/treeclimber/install/local_setup.ps1'
[15.027s] INFO:colcon.colcon_core.shell:Creating prefix util module '/home/ryan/treeclimber/install/_local_setup_util_ps1.py'
[15.036s] INFO:colcon.colcon_core.shell:Creating prefix chain script '/home/ryan/treeclimber/install/setup.ps1'
[15.251s] INFO:colcon.colcon_core.shell:Creating prefix script '/home/ryan/treeclimber/install/local_setup.sh'
[15.258s] INFO:colcon.colcon_core.shell:Creating prefix util module '/home/ryan/treeclimber/install/_local_setup_util_sh.py'
[15.263s] INFO:colcon.colcon_core.shell:Creating prefix chain script '/home/ryan/treeclimber/install/setup.sh'
[15.404s] INFO:colcon.colcon_core.shell:Creating prefix script '/home/ryan/treeclimber/install/local_setup.bash'
[15.407s] INFO:colcon.colcon_core.shell:Creating prefix chain script '/home/ryan/treeclimber/install/setup.bash'
[15.474s] INFO:colcon.colcon_core.shell:Creating prefix script '/home/ryan/treeclimber/install/local_setup.zsh'
[15.476s] INFO:colcon.colcon_core.shell:Creating prefix chain script '/home/ryan/treeclimber/install/setup.zsh'
