[3.989s] DEBUG:colcon:Command line arguments: ['/usr/bin/colcon', 'build', '--packages-select', 'tail_control']
[3.989s] DEBUG:colcon:Parsed command line arguments: Namespace(log_base=None, log_level=None, verb_name='build', build_base='build', install_base='install', merge_install=False, symlink_install=False, test_result_base=None, continue_on_error=False, executor='parallel', parallel_workers=4, event_handlers=None, ignore_user_meta=False, metas=['./colcon.meta'], base_paths=['.'], packages_ignore=None, packages_ignore_regex=None, paths=None, packages_up_to=None, packages_up_to_regex=None, packages_above=None, packages_above_and_dependencies=None, packages_above_depth=None, packages_select_by_dep=None, packages_skip_by_dep=None, packages_skip_up_to=None, packages_select_build_failed=False, packages_skip_build_finished=False, packages_select_test_failures=False, packages_skip_test_passed=False, packages_select=['tail_control'], packages_skip=None, packages_select_regex=None, packages_skip_regex=None, packages_start=None, packages_end=None, allow_overriding=[], cmake_args=None, cmake_target=None, cmake_target_skip_unavailable=False, cmake_clean_cache=False, cmake_clean_first=False, cmake_force_configure=False, ament_cmake_args=None, catkin_cmake_args=None, catkin_skip_building_tests=False, verb_parser=<colcon_defaults.argument_parser.defaults.DefaultArgumentsDecorator object at 0xffff9e8b3820>, verb_extension=<colcon_core.verb.build.BuildVerb object at 0xffff9eb916c0>, main=<bound method BuildVerb.main of <colcon_core.verb.build.BuildVerb object at 0xffff9eb916c0>>)
[4.181s] Level 1:colcon.colcon_core.package_discovery:discover_packages(colcon_meta) check parameters
[4.182s] Level 1:colcon.colcon_core.package_discovery:discover_packages(recursive) check parameters
[4.182s] Level 1:colcon.colcon_core.package_discovery:discover_packages(ignore) check parameters
[4.182s] Level 1:colcon.colcon_core.package_discovery:discover_packages(path) check parameters
[4.182s] Level 1:colcon.colcon_core.package_discovery:discover_packages(colcon_meta) discover
[4.183s] Level 1:colcon.colcon_core.package_discovery:discover_packages(recursive) discover
[4.183s] INFO:colcon.colcon_core.package_discovery:Crawling recursively for packages in '/home/ryan/treeclimber'
[4.183s] Level 1:colcon.colcon_core.package_identification:_identify(.) by extensions ['ignore', 'ignore_ament_install']
[4.184s] Level 1:colcon.colcon_core.package_identification:_identify(.) by extension 'ignore'
[4.184s] Level 1:colcon.colcon_core.package_identification:_identify(.) by extension 'ignore_ament_install'
[4.185s] Level 1:colcon.colcon_core.package_identification:_identify(.) by extensions ['colcon_pkg']
[4.185s] Level 1:colcon.colcon_core.package_identification:_identify(.) by extension 'colcon_pkg'
[4.185s] Level 1:colcon.colcon_core.package_identification:_identify(.) by extensions ['colcon_meta']
[4.185s] Level 1:colcon.colcon_core.package_identification:_identify(.) by extension 'colcon_meta'
[4.185s] Level 1:colcon.colcon_core.package_identification:_identify(.) by extensions ['ros']
[4.185s] Level 1:colcon.colcon_core.package_identification:_identify(.) by extension 'ros'
[4.225s] Level 1:colcon.colcon_core.package_identification:_identify(.) by extensions ['cmake', 'python']
[4.225s] Level 1:colcon.colcon_core.package_identification:_identify(.) by extension 'cmake'
[4.226s] Level 1:colcon.colcon_core.package_identification:_identify(.) by extension 'python'
[4.226s] Level 1:colcon.colcon_core.package_identification:_identify(.) by extensions ['python_setup_py']
[4.226s] Level 1:colcon.colcon_core.package_identification:_identify(.) by extension 'python_setup_py'
[4.227s] Level 1:colcon.colcon_core.package_identification:_identify(build) by extensions ['ignore', 'ignore_ament_install']
[4.227s] Level 1:colcon.colcon_core.package_identification:_identify(build) by extension 'ignore'
[4.227s] Level 1:colcon.colcon_core.package_identification:_identify(build) ignored
[4.228s] Level 1:colcon.colcon_core.package_identification:_identify(install) by extensions ['ignore', 'ignore_ament_install']
[4.229s] Level 1:colcon.colcon_core.package_identification:_identify(install) by extension 'ignore'
[4.229s] Level 1:colcon.colcon_core.package_identification:_identify(install) ignored
[4.230s] Level 1:colcon.colcon_core.package_identification:_identify(log) by extensions ['ignore', 'ignore_ament_install']
[4.230s] Level 1:colcon.colcon_core.package_identification:_identify(log) by extension 'ignore'
[4.230s] Level 1:colcon.colcon_core.package_identification:_identify(log) ignored
[4.231s] Level 1:colcon.colcon_core.package_identification:_identify(src) by extensions ['ignore', 'ignore_ament_install']
[4.231s] Level 1:colcon.colcon_core.package_identification:_identify(src) by extension 'ignore'
[4.232s] Level 1:colcon.colcon_core.package_identification:_identify(src) by extension 'ignore_ament_install'
[4.232s] Level 1:colcon.colcon_core.package_identification:_identify(src) by extensions ['colcon_pkg']
[4.232s] Level 1:colcon.colcon_core.package_identification:_identify(src) by extension 'colcon_pkg'
[4.232s] Level 1:colcon.colcon_core.package_identification:_identify(src) by extensions ['colcon_meta']
[4.232s] Level 1:colcon.colcon_core.package_identification:_identify(src) by extension 'colcon_meta'
[4.233s] Level 1:colcon.colcon_core.package_identification:_identify(src) by extensions ['ros']
[4.233s] Level 1:colcon.colcon_core.package_identification:_identify(src) by extension 'ros'
[4.233s] Level 1:colcon.colcon_core.package_identification:_identify(src) by extensions ['cmake', 'python']
[4.233s] Level 1:colcon.colcon_core.package_identification:_identify(src) by extension 'cmake'
[4.233s] Level 1:colcon.colcon_core.package_identification:_identify(src) by extension 'python'
[4.234s] Level 1:colcon.colcon_core.package_identification:_identify(src) by extensions ['python_setup_py']
[4.234s] Level 1:colcon.colcon_core.package_identification:_identify(src) by extension 'python_setup_py'
[4.234s] Level 1:colcon.colcon_core.package_identification:_identify(src/body_control) by extensions ['ignore', 'ignore_ament_install']
[4.235s] Level 1:colcon.colcon_core.package_identification:_identify(src/body_control) by extension 'ignore'
[4.235s] Level 1:colcon.colcon_core.package_identification:_identify(src/body_control) by extension 'ignore_ament_install'
[4.235s] Level 1:colcon.colcon_core.package_identification:_identify(src/body_control) by extensions ['colcon_pkg']
[4.236s] Level 1:colcon.colcon_core.package_identification:_identify(src/body_control) by extension 'colcon_pkg'
[4.236s] Level 1:colcon.colcon_core.package_identification:_identify(src/body_control) by extensions ['colcon_meta']
[4.236s] Level 1:colcon.colcon_core.package_identification:_identify(src/body_control) by extension 'colcon_meta'
[4.236s] Level 1:colcon.colcon_core.package_identification:_identify(src/body_control) by extensions ['ros']
[4.236s] Level 1:colcon.colcon_core.package_identification:_identify(src/body_control) by extension 'ros'
[4.247s] DEBUG:colcon.colcon_core.package_identification:Package 'src/body_control' with type 'ros.ament_python' and name 'body_control'
[4.248s] Level 1:colcon.colcon_core.package_identification:_identify(src/drive_arms) by extensions ['ignore', 'ignore_ament_install']
[4.248s] Level 1:colcon.colcon_core.package_identification:_identify(src/drive_arms) by extension 'ignore'
[4.249s] Level 1:colcon.colcon_core.package_identification:_identify(src/drive_arms) by extension 'ignore_ament_install'
[4.249s] Level 1:colcon.colcon_core.package_identification:_identify(src/drive_arms) by extensions ['colcon_pkg']
[4.249s] Level 1:colcon.colcon_core.package_identification:_identify(src/drive_arms) by extension 'colcon_pkg'
[4.249s] Level 1:colcon.colcon_core.package_identification:_identify(src/drive_arms) by extensions ['colcon_meta']
[4.250s] Level 1:colcon.colcon_core.package_identification:_identify(src/drive_arms) by extension 'colcon_meta'
[4.250s] Level 1:colcon.colcon_core.package_identification:_identify(src/drive_arms) by extensions ['ros']
[4.250s] Level 1:colcon.colcon_core.package_identification:_identify(src/drive_arms) by extension 'ros'
[4.252s] DEBUG:colcon.colcon_core.package_identification:Package 'src/drive_arms' with type 'ros.ament_python' and name 'drive_arms'
[4.253s] Level 1:colcon.colcon_core.package_identification:_identify(src/motor_tests) by extensions ['ignore', 'ignore_ament_install']
[4.253s] Level 1:colcon.colcon_core.package_identification:_identify(src/motor_tests) by extension 'ignore'
[4.253s] Level 1:colcon.colcon_core.package_identification:_identify(src/motor_tests) by extension 'ignore_ament_install'
[4.254s] Level 1:colcon.colcon_core.package_identification:_identify(src/motor_tests) by extensions ['colcon_pkg']
[4.254s] Level 1:colcon.colcon_core.package_identification:_identify(src/motor_tests) by extension 'colcon_pkg'
[4.254s] Level 1:colcon.colcon_core.package_identification:_identify(src/motor_tests) by extensions ['colcon_meta']
[4.254s] Level 1:colcon.colcon_core.package_identification:_identify(src/motor_tests) by extension 'colcon_meta'
[4.254s] Level 1:colcon.colcon_core.package_identification:_identify(src/motor_tests) by extensions ['ros']
[4.255s] Level 1:colcon.colcon_core.package_identification:_identify(src/motor_tests) by extension 'ros'
[4.256s] DEBUG:colcon.colcon_core.package_identification:Package 'src/motor_tests' with type 'ros.ament_python' and name 'motor_tests'
[4.257s] Level 1:colcon.colcon_core.package_identification:_identify(src/tail_control) by extensions ['ignore', 'ignore_ament_install']
[4.258s] Level 1:colcon.colcon_core.package_identification:_identify(src/tail_control) by extension 'ignore'
[4.258s] Level 1:colcon.colcon_core.package_identification:_identify(src/tail_control) by extension 'ignore_ament_install'
[4.258s] Level 1:colcon.colcon_core.package_identification:_identify(src/tail_control) by extensions ['colcon_pkg']
[4.258s] Level 1:colcon.colcon_core.package_identification:_identify(src/tail_control) by extension 'colcon_pkg'
[4.259s] Level 1:colcon.colcon_core.package_identification:_identify(src/tail_control) by extensions ['colcon_meta']
[4.259s] Level 1:colcon.colcon_core.package_identification:_identify(src/tail_control) by extension 'colcon_meta'
[4.259s] Level 1:colcon.colcon_core.package_identification:_identify(src/tail_control) by extensions ['ros']
[4.259s] Level 1:colcon.colcon_core.package_identification:_identify(src/tail_control) by extension 'ros'
[4.261s] DEBUG:colcon.colcon_core.package_identification:Package 'src/tail_control' with type 'ros.ament_python' and name 'tail_control'
[4.261s] Level 1:colcon.colcon_core.package_discovery:discover_packages(recursive) using defaults
[4.262s] Level 1:colcon.colcon_core.package_discovery:discover_packages(ignore) discover
[4.262s] Level 1:colcon.colcon_core.package_discovery:discover_packages(ignore) using defaults
[4.262s] Level 1:colcon.colcon_core.package_discovery:discover_packages(path) discover
[4.262s] Level 1:colcon.colcon_core.package_discovery:discover_packages(path) using defaults
[4.513s] INFO:colcon.colcon_core.package_selection:Skipping not selected package 'body_control' in 'src/body_control'
[4.513s] INFO:colcon.colcon_core.package_selection:Skipping not selected package 'drive_arms' in 'src/drive_arms'
[4.514s] INFO:colcon.colcon_core.package_selection:Skipping not selected package 'motor_tests' in 'src/motor_tests'
[4.634s] Level 1:colcon.colcon_core.package_discovery:discover_packages(prefix_path) check parameters
[4.634s] Level 1:colcon.colcon_core.package_discovery:discover_packages(prefix_path) discover
[4.793s] DEBUG:colcon.colcon_installed_package_information.package_discovery:Found 4 installed packages in /home/ryan/treeclimber/install
[4.870s] DEBUG:colcon.colcon_installed_package_information.package_discovery:Found 270 installed packages in /opt/ros/humble
[4.875s] Level 1:colcon.colcon_core.package_discovery:discover_packages(prefix_path) using defaults
[5.247s] Level 5:colcon.colcon_core.verb:set package 'tail_control' build argument 'cmake_args' from command line to 'None'
[5.247s] Level 5:colcon.colcon_core.verb:set package 'tail_control' build argument 'cmake_target' from command line to 'None'
[5.247s] Level 5:colcon.colcon_core.verb:set package 'tail_control' build argument 'cmake_target_skip_unavailable' from command line to 'False'
[5.247s] Level 5:colcon.colcon_core.verb:set package 'tail_control' build argument 'cmake_clean_cache' from command line to 'False'
[5.247s] Level 5:colcon.colcon_core.verb:set package 'tail_control' build argument 'cmake_clean_first' from command line to 'False'
[5.248s] Level 5:colcon.colcon_core.verb:set package 'tail_control' build argument 'cmake_force_configure' from command line to 'False'
[5.248s] Level 5:colcon.colcon_core.verb:set package 'tail_control' build argument 'ament_cmake_args' from command line to 'None'
[5.248s] Level 5:colcon.colcon_core.verb:set package 'tail_control' build argument 'catkin_cmake_args' from command line to 'None'
[5.248s] Level 5:colcon.colcon_core.verb:set package 'tail_control' build argument 'catkin_skip_building_tests' from command line to 'False'
[5.248s] DEBUG:colcon.colcon_core.verb:Building package 'tail_control' with the following arguments: {'ament_cmake_args': None, 'build_base': '/home/ryan/treeclimber/build/tail_control', 'catkin_cmake_args': None, 'catkin_skip_building_tests': False, 'cmake_args': None, 'cmake_clean_cache': False, 'cmake_clean_first': False, 'cmake_force_configure': False, 'cmake_target': None, 'cmake_target_skip_unavailable': False, 'install_base': '/home/ryan/treeclimber/install/tail_control', 'merge_install': False, 'path': '/home/ryan/treeclimber/src/tail_control', 'symlink_install': False, 'test_result_base': None}
[5.305s] INFO:colcon.colcon_core.executor:Executing jobs using 'parallel' executor
[5.366s] DEBUG:colcon.colcon_parallel_executor.executor.parallel:run_until_complete
[5.367s] INFO:colcon.colcon_ros.task.ament_python.build:Building ROS package in '/home/ryan/treeclimber/src/tail_control' with build type 'ament_python'
[5.368s] Level 1:colcon.colcon_core.shell:create_environment_hook('tail_control', 'ament_prefix_path')
[5.463s] INFO:colcon.colcon_core.plugin_system:Skipping extension 'colcon_core.shell.bat': Not used on non-Windows systems
[5.464s] INFO:colcon.colcon_core.shell:Creating environment hook '/home/ryan/treeclimber/install/tail_control/share/tail_control/hook/ament_prefix_path.ps1'
[5.467s] INFO:colcon.colcon_core.shell:Creating environment descriptor '/home/ryan/treeclimber/install/tail_control/share/tail_control/hook/ament_prefix_path.dsv'
[5.469s] INFO:colcon.colcon_core.shell:Creating environment hook '/home/ryan/treeclimber/install/tail_control/share/tail_control/hook/ament_prefix_path.sh'
[5.576s] INFO:colcon.colcon_core.shell:Skip shell extension 'powershell' for command environment: Not usable outside of PowerShell
[5.577s] DEBUG:colcon.colcon_core.shell:Skip shell extension 'dsv' for command environment
[7.057s] INFO:colcon.colcon_core.task.python.build:Building Python package in '/home/ryan/treeclimber/src/tail_control'
[7.124s] INFO:colcon.colcon_core.shell:Skip shell extension 'powershell' for command environment: Not usable outside of PowerShell
[7.125s] DEBUG:colcon.colcon_core.shell:Skip shell extension 'dsv' for command environment
[8.906s] DEBUG:colcon.colcon_core.event_handler.log_command:Invoking command in '/home/ryan/treeclimber/src/tail_control': PYTHONPATH=/home/ryan/treeclimber/build/tail_control/prefix_override:/home/ryan/treeclimber/install/tail_control/lib/python3.10/site-packages:${PYTHONPATH} /usr/bin/python3 setup.py egg_info --egg-base ../../build/tail_control build --build-base /home/ryan/treeclimber/build/tail_control/build install --record /home/ryan/treeclimber/build/tail_control/install.log --single-version-externally-managed
[10.323s] DEBUG:colcon.colcon_core.event_handler.log_command:Invoked command in '/home/ryan/treeclimber/src/tail_control' returned '0': PYTHONPATH=/home/ryan/treeclimber/build/tail_control/prefix_override:/home/ryan/treeclimber/install/tail_control/lib/python3.10/site-packages:${PYTHONPATH} /usr/bin/python3 setup.py egg_info --egg-base ../../build/tail_control build --build-base /home/ryan/treeclimber/build/tail_control/build install --record /home/ryan/treeclimber/build/tail_control/install.log --single-version-externally-managed
[10.413s] Level 1:colcon.colcon_core.environment:checking '/home/ryan/treeclimber/install/tail_control' for CMake module files
[10.415s] Level 1:colcon.colcon_core.environment:checking '/home/ryan/treeclimber/install/tail_control' for CMake config files
[10.419s] Level 1:colcon.colcon_core.environment:checking '/home/ryan/treeclimber/install/tail_control/lib'
[10.420s] Level 1:colcon.colcon_core.environment:checking '/home/ryan/treeclimber/install/tail_control/bin'
[10.420s] Level 1:colcon.colcon_core.environment:checking '/home/ryan/treeclimber/install/tail_control/lib/pkgconfig/tail_control.pc'
[10.421s] Level 1:colcon.colcon_core.environment:checking '/home/ryan/treeclimber/install/tail_control/lib/python3.10/site-packages'
[10.422s] Level 1:colcon.colcon_core.shell:create_environment_hook('tail_control', 'pythonpath')
[10.493s] INFO:colcon.colcon_core.shell:Creating environment hook '/home/ryan/treeclimber/install/tail_control/share/tail_control/hook/pythonpath.ps1'
[10.495s] INFO:colcon.colcon_core.shell:Creating environment descriptor '/home/ryan/treeclimber/install/tail_control/share/tail_control/hook/pythonpath.dsv'
[10.497s] INFO:colcon.colcon_core.shell:Creating environment hook '/home/ryan/treeclimber/install/tail_control/share/tail_control/hook/pythonpath.sh'
[10.500s] Level 1:colcon.colcon_core.environment:checking '/home/ryan/treeclimber/install/tail_control/bin'
[10.500s] Level 1:colcon.colcon_core.environment:create_environment_scripts_only(tail_control)
[10.586s] INFO:colcon.colcon_core.shell:Creating package script '/home/ryan/treeclimber/install/tail_control/share/tail_control/package.ps1'
[10.590s] INFO:colcon.colcon_core.shell:Creating package descriptor '/home/ryan/treeclimber/install/tail_control/share/tail_control/package.dsv'
[10.592s] INFO:colcon.colcon_core.shell:Creating package script '/home/ryan/treeclimber/install/tail_control/share/tail_control/package.sh'
[10.596s] INFO:colcon.colcon_core.shell:Creating package script '/home/ryan/treeclimber/install/tail_control/share/tail_control/package.bash'
[10.599s] INFO:colcon.colcon_core.shell:Creating package script '/home/ryan/treeclimber/install/tail_control/share/tail_control/package.zsh'
[10.602s] Level 1:colcon.colcon_core.environment:create_file_with_runtime_dependencies(/home/ryan/treeclimber/install/tail_control/share/colcon-core/packages/tail_control)
[10.603s] DEBUG:colcon.colcon_parallel_executor.executor.parallel:closing loop
[10.605s] DEBUG:colcon.colcon_parallel_executor.executor.parallel:loop closed
[10.605s] DEBUG:colcon.colcon_parallel_executor.executor.parallel:run_until_complete finished with '0'
[10.606s] DEBUG:colcon.colcon_core.event_reactor:joining thread
[10.729s] INFO:colcon.colcon_core.plugin_system:Skipping extension 'colcon_notification.desktop_notification.terminal_notifier': Not used on non-Darwin systems
[10.729s] INFO:colcon.colcon_core.plugin_system:Skipping extension 'colcon_notification.desktop_notification.win32': Not used on non-Windows systems
[10.729s] INFO:colcon.colcon_notification.desktop_notification:Sending desktop notification using 'notify2'
[10.788s] DEBUG:colcon.colcon_core.event_reactor:joined thread
[10.910s] INFO:colcon.colcon_core.shell:Creating prefix script '/home/ryan/treeclimber/install/local_setup.ps1'
[10.915s] INFO:colcon.colcon_core.shell:Creating prefix util module '/home/ryan/treeclimber/install/_local_setup_util_ps1.py'
[10.924s] INFO:colcon.colcon_core.shell:Creating prefix chain script '/home/ryan/treeclimber/install/setup.ps1'
[11.023s] INFO:colcon.colcon_core.shell:Creating prefix script '/home/ryan/treeclimber/install/local_setup.sh'
[11.025s] INFO:colcon.colcon_core.shell:Creating prefix util module '/home/ryan/treeclimber/install/_local_setup_util_sh.py'
[11.028s] INFO:colcon.colcon_core.shell:Creating prefix chain script '/home/ryan/treeclimber/install/setup.sh'
[11.136s] INFO:colcon.colcon_core.shell:Creating prefix script '/home/ryan/treeclimber/install/local_setup.bash'
[11.138s] INFO:colcon.colcon_core.shell:Creating prefix chain script '/home/ryan/treeclimber/install/setup.bash'
[11.243s] INFO:colcon.colcon_core.shell:Creating prefix script '/home/ryan/treeclimber/install/local_setup.zsh'
[11.245s] INFO:colcon.colcon_core.shell:Creating prefix chain script '/home/ryan/treeclimber/install/setup.zsh'
