[3.702s] Invoking command in '/home/ryan/treeclimber/src/tail_control': PYTHONPATH=/home/ryan/treeclimber/build/tail_control/prefix_override:/home/ryan/treeclimber/install/tail_control/lib/python3.10/site-packages:${PYTHONPATH} /usr/bin/python3 setup.py egg_info --egg-base ../../build/tail_control build --build-base /home/ryan/treeclimber/build/tail_control/build install --record /home/ryan/treeclimber/build/tail_control/install.log --single-version-externally-managed
[4.835s] running egg_info
[4.838s] writing ../../build/tail_control/tail_control.egg-info/PKG-INFO
[4.839s] writing dependency_links to ../../build/tail_control/tail_control.egg-info/dependency_links.txt
[4.840s] writing entry points to ../../build/tail_control/tail_control.egg-info/entry_points.txt
[4.842s] writing requirements to ../../build/tail_control/tail_control.egg-info/requires.txt
[4.843s] writing top-level names to ../../build/tail_control/tail_control.egg-info/top_level.txt
[4.849s] reading manifest file '../../build/tail_control/tail_control.egg-info/SOURCES.txt'
[4.853s] writing manifest file '../../build/tail_control/tail_control.egg-info/SOURCES.txt'
[4.854s] running build
[4.854s] running build_py
[4.855s] running install
[4.856s] /usr/lib/python3/dist-packages/setuptools/command/install.py:34: SetuptoolsDeprecationWarning: setup.py install is deprecated. Use build and pip and other standards-based tools.
[4.856s]   warnings.warn(
[4.857s] running install_lib
[4.862s] running install_data
[4.864s] running install_egg_info
[4.879s] removing '/home/ryan/treeclimber/install/tail_control/lib/python3.10/site-packages/tail_control-0.0.0-py3.10.egg-info' (and everything under it)
[4.880s] Copying ../../build/tail_control/tail_control.egg-info to /home/ryan/treeclimber/install/tail_control/lib/python3.10/site-packages/tail_control-0.0.0-py3.10.egg-info
[4.888s] running install_scripts
[4.966s] Installing talker script to /home/ryan/treeclimber/install/tail_control/lib/tail_control
[4.967s] writing list of installed files to '/home/ryan/treeclimber/build/tail_control/install.log'
[5.142s] Invoked command in '/home/ryan/treeclimber/src/tail_control' returned '0': PYTHONPATH=/home/ryan/treeclimber/build/tail_control/prefix_override:/home/ryan/treeclimber/install/tail_control/lib/python3.10/site-packages:${PYTHONPATH} /usr/bin/python3 setup.py egg_info --egg-base ../../build/tail_control build --build-base /home/ryan/treeclimber/build/tail_control/build install --record /home/ryan/treeclimber/build/tail_control/install.log --single-version-externally-managed
