[5.801s] Invoking command in '/home/ryan/treeclimber/src/body_control': PYTHONPATH=/home/ryan/treeclimber/build/body_control/prefix_override:/home/ryan/treeclimber/install/body_control/lib/python3.10/site-packages:${PYTHONPATH} /usr/bin/python3 setup.py egg_info --egg-base ../../build/body_control build --build-base /home/ryan/treeclimber/build/body_control/build install --record /home/ryan/treeclimber/build/body_control/install.log --single-version-externally-managed
[7.553s] running egg_info
[7.556s] writing ../../build/body_control/body_control.egg-info/PKG-INFO
[7.558s] writing dependency_links to ../../build/body_control/body_control.egg-info/dependency_links.txt
[7.560s] writing entry points to ../../build/body_control/body_control.egg-info/entry_points.txt
[7.561s] writing requirements to ../../build/body_control/body_control.egg-info/requires.txt
[7.562s] writing top-level names to ../../build/body_control/body_control.egg-info/top_level.txt
[7.573s] reading manifest file '../../build/body_control/body_control.egg-info/SOURCES.txt'
[7.579s] writing manifest file '../../build/body_control/body_control.egg-info/SOURCES.txt'
[7.580s] running build
[7.581s] running build_py
[7.583s] copying body_control/body_controller.py -> /home/ryan/treeclimber/build/body_control/build/lib/body_control
[7.583s] copying body_control/arms_tighten.py -> /home/ryan/treeclimber/build/body_control/build/lib/body_control
[7.585s] copying body_control/drive_robot.py -> /home/ryan/treeclimber/build/body_control/build/lib/body_control
[7.586s] copying body_control/arms_tweak.py -> /home/ryan/treeclimber/build/body_control/build/lib/body_control
[7.587s] running install
[7.589s] /usr/lib/python3/dist-packages/setuptools/command/install.py:34: SetuptoolsDeprecationWarning: setup.py install is deprecated. Use build and pip and other standards-based tools.
[7.590s]   warnings.warn(
[7.591s] running install_lib
[7.597s] copying /home/ryan/treeclimber/build/body_control/build/lib/body_control/body_controller.py -> /home/ryan/treeclimber/install/body_control/lib/python3.10/site-packages/body_control
[7.603s] copying /home/ryan/treeclimber/build/body_control/build/lib/body_control/arms_tighten.py -> /home/ryan/treeclimber/install/body_control/lib/python3.10/site-packages/body_control
[7.604s] copying /home/ryan/treeclimber/build/body_control/build/lib/body_control/drive_robot.py -> /home/ryan/treeclimber/install/body_control/lib/python3.10/site-packages/body_control
[7.609s] copying /home/ryan/treeclimber/build/body_control/build/lib/body_control/arms_tweak.py -> /home/ryan/treeclimber/install/body_control/lib/python3.10/site-packages/body_control
[7.610s] byte-compiling /home/ryan/treeclimber/install/body_control/lib/python3.10/site-packages/body_control/body_controller.py to body_controller.cpython-310.pyc
[7.613s] byte-compiling /home/ryan/treeclimber/install/body_control/lib/python3.10/site-packages/body_control/arms_tighten.py to arms_tighten.cpython-310.pyc
[7.616s] byte-compiling /home/ryan/treeclimber/install/body_control/lib/python3.10/site-packages/body_control/drive_robot.py to drive_robot.cpython-310.pyc
[7.619s] byte-compiling /home/ryan/treeclimber/install/body_control/lib/python3.10/site-packages/body_control/arms_tweak.py to arms_tweak.cpython-310.pyc
[7.621s] running install_data
[7.624s] running install_egg_info
[7.643s] removing '/home/ryan/treeclimber/install/body_control/lib/python3.10/site-packages/body_control-0.0.0-py3.10.egg-info' (and everything under it)
[7.644s] Copying ../../build/body_control/body_control.egg-info to /home/ryan/treeclimber/install/body_control/lib/python3.10/site-packages/body_control-0.0.0-py3.10.egg-info
[7.656s] running install_scripts
[7.777s] Installing arms_loosen script to /home/ryan/treeclimber/install/body_control/lib/body_control
[7.781s] Installing arms_tighten script to /home/ryan/treeclimber/install/body_control/lib/body_control
[7.782s] writing list of installed files to '/home/ryan/treeclimber/build/body_control/install.log'
[8.028s] Invoked command in '/home/ryan/treeclimber/src/body_control' returned '0': PYTHONPATH=/home/ryan/treeclimber/build/body_control/prefix_override:/home/ryan/treeclimber/install/body_control/lib/python3.10/site-packages:${PYTHONPATH} /usr/bin/python3 setup.py egg_info --egg-base ../../build/body_control build --build-base /home/ryan/treeclimber/build/body_control/build install --record /home/ryan/treeclimber/build/body_control/install.log --single-version-externally-managed
