[13.397s] Invoking command in '/home/ryan/treeclimber/src/drive_arms': PYTHONPATH=/home/ryan/treeclimber/build/drive_arms/prefix_override:/home/ryan/treeclimber/install/drive_arms/lib/python3.10/site-packages:${PYTHONPATH} /usr/bin/python3 setup.py egg_info --egg-base ../../build/drive_arms build --build-base /home/ryan/treeclimber/build/drive_arms/build install --record /home/ryan/treeclimber/build/drive_arms/install.log --single-version-externally-managed
[16.452s] running egg_info
[16.458s] writing ../../build/drive_arms/drive_arms.egg-info/PKG-INFO
[16.461s] writing dependency_links to ../../build/drive_arms/drive_arms.egg-info/dependency_links.txt
[16.477s] writing entry points to ../../build/drive_arms/drive_arms.egg-info/entry_points.txt
[16.478s] writing requirements to ../../build/drive_arms/drive_arms.egg-info/requires.txt
[16.479s] writing top-level names to ../../build/drive_arms/drive_arms.egg-info/top_level.txt
[16.481s] reading manifest file '../../build/drive_arms/drive_arms.egg-info/SOURCES.txt'
[16.492s] writing manifest file '../../build/drive_arms/drive_arms.egg-info/SOURCES.txt'
[16.495s] running build
[16.495s] running build_py
[16.503s] running install
[16.511s] /usr/lib/python3/dist-packages/setuptools/command/install.py:34: SetuptoolsDeprecationWarning: setup.py install is deprecated. Use build and pip and other standards-based tools.
[16.519s]   warnings.warn(
[16.523s] running install_lib
[16.538s] running install_data
[16.556s] running install_egg_info
[16.569s] removing '/home/ryan/treeclimber/install/drive_arms/lib/python3.10/site-packages/drive_arms-0.0.0-py3.10.egg-info' (and everything under it)
[16.581s] Copying ../../build/drive_arms/drive_arms.egg-info to /home/ryan/treeclimber/install/drive_arms/lib/python3.10/site-packages/drive_arms-0.0.0-py3.10.egg-info
[16.591s] running install_scripts
[16.815s] Installing spi_test script to /home/ryan/treeclimber/install/drive_arms/lib/drive_arms
[16.821s] writing list of installed files to '/home/ryan/treeclimber/build/drive_arms/install.log'
[17.983s] Invoked command in '/home/ryan/treeclimber/src/drive_arms' returned '0': PYTHONPATH=/home/ryan/treeclimber/build/drive_arms/prefix_override:/home/ryan/treeclimber/install/drive_arms/lib/python3.10/site-packages:${PYTHONPATH} /usr/bin/python3 setup.py egg_info --egg-base ../../build/drive_arms build --build-base /home/ryan/treeclimber/build/drive_arms/build install --record /home/ryan/treeclimber/build/drive_arms/install.log --single-version-externally-managed
