[3.468s] Invoking command in '/home/ryan/treeclimber/src/tail_control': PYTHONPATH=/home/ryan/treeclimber/build/tail_control/prefix_override:/home/ryan/treeclimber/install/tail_control/lib/python3.10/site-packages:${PYTHONPATH} /usr/bin/python3 setup.py egg_info --egg-base ../../build/tail_control build --build-base /home/ryan/treeclimber/build/tail_control/build install --record /home/ryan/treeclimber/build/tail_control/install.log --single-version-externally-managed
[4.596s] running egg_info
[4.599s] writing ../../build/tail_control/tail_control.egg-info/PKG-INFO
[4.600s] writing dependency_links to ../../build/tail_control/tail_control.egg-info/dependency_links.txt
[4.602s] writing entry points to ../../build/tail_control/tail_control.egg-info/entry_points.txt
[4.602s] writing requirements to ../../build/tail_control/tail_control.egg-info/requires.txt
[4.603s] writing top-level names to ../../build/tail_control/tail_control.egg-info/top_level.txt
[4.610s] reading manifest file '../../build/tail_control/tail_control.egg-info/SOURCES.txt'
[4.614s] writing manifest file '../../build/tail_control/tail_control.egg-info/SOURCES.txt'
[4.615s] running build
[4.615s] running build_py
[4.616s] copying tail_control/killswitch_relay.py -> /home/ryan/treeclimber/build/tail_control/build/lib/tail_control
[4.617s] running install
[4.618s] /usr/lib/python3/dist-packages/setuptools/command/install.py:34: SetuptoolsDeprecationWarning: setup.py install is deprecated. Use build and pip and other standards-based tools.
[4.618s]   warnings.warn(
[4.619s] running install_lib
[4.622s] copying /home/ryan/treeclimber/build/tail_control/build/lib/tail_control/killswitch_relay.py -> /home/ryan/treeclimber/install/tail_control/lib/python3.10/site-packages/tail_control
[4.625s] byte-compiling /home/ryan/treeclimber/install/tail_control/lib/python3.10/site-packages/tail_control/killswitch_relay.py to killswitch_relay.cpython-310.pyc
[4.627s] running install_data
[4.630s] running install_egg_info
[4.636s] removing '/home/ryan/treeclimber/install/tail_control/lib/python3.10/site-packages/tail_control-0.0.0-py3.10.egg-info' (and everything under it)
[4.638s] Copying ../../build/tail_control/tail_control.egg-info to /home/ryan/treeclimber/install/tail_control/lib/python3.10/site-packages/tail_control-0.0.0-py3.10.egg-info
[4.643s] running install_scripts
[4.733s] Installing talker script to /home/ryan/treeclimber/install/tail_control/lib/tail_control
[4.734s] writing list of installed files to '/home/ryan/treeclimber/build/tail_control/install.log'
[4.874s] Invoked command in '/home/ryan/treeclimber/src/tail_control' returned '0': PYTHONPATH=/home/ryan/treeclimber/build/tail_control/prefix_override:/home/ryan/treeclimber/install/tail_control/lib/python3.10/site-packages:${PYTHONPATH} /usr/bin/python3 setup.py egg_info --egg-base ../../build/tail_control build --build-base /home/ryan/treeclimber/build/tail_control/build install --record /home/ryan/treeclimber/build/tail_control/install.log --single-version-externally-managed
