[28.310s] Invoking command in '/home/ryan/treeclimber/src/body_control': PYTHONPATH=/home/ryan/treeclimber/build/body_control/prefix_override:/home/ryan/treeclimber/install/body_control/lib/python3.10/site-packages:${PYTHONPATH} /usr/bin/python3 setup.py egg_info --egg-base ../../build/body_control build --build-base /home/ryan/treeclimber/build/body_control/build install --record /home/ryan/treeclimber/build/body_control/install.log --single-version-externally-managed
[30.988s] running egg_info
[30.996s] writing ../../build/body_control/body_control.egg-info/PKG-INFO
[31.019s] writing dependency_links to ../../build/body_control/body_control.egg-info/dependency_links.txt
[31.044s] writing entry points to ../../build/body_control/body_control.egg-info/entry_points.txt
[31.057s] writing requirements to ../../build/body_control/body_control.egg-info/requires.txt
[31.058s] writing top-level names to ../../build/body_control/body_control.egg-info/top_level.txt
[31.118s] reading manifest file '../../build/body_control/body_control.egg-info/SOURCES.txt'
[31.124s] writing manifest file '../../build/body_control/body_control.egg-info/SOURCES.txt'
[31.141s] running build
[31.142s] running build_py
[31.148s] copying body_control/pcb_test_full.py -> /home/ryan/treeclimber/build/body_control/build/lib/body_control
[31.151s] copying body_control/canbus_test_canhat.py -> /home/ryan/treeclimber/build/body_control/build/lib/body_control
[31.169s] running install
[31.170s] /usr/lib/python3/dist-packages/setuptools/command/install.py:34: SetuptoolsDeprecationWarning: setup.py install is deprecated. Use build and pip and other standards-based tools.
[31.175s]   warnings.warn(
[31.177s] running install_lib
[31.185s] copying /home/ryan/treeclimber/build/body_control/build/lib/body_control/pcb_test_full.py -> /home/ryan/treeclimber/install/body_control/lib/python3.10/site-packages/body_control
[31.187s] copying /home/ryan/treeclimber/build/body_control/build/lib/body_control/canbus_test_canhat.py -> /home/ryan/treeclimber/install/body_control/lib/python3.10/site-packages/body_control
[31.202s] byte-compiling /home/ryan/treeclimber/install/body_control/lib/python3.10/site-packages/body_control/pcb_test_full.py to pcb_test_full.cpython-310.pyc
[31.228s] byte-compiling /home/ryan/treeclimber/install/body_control/lib/python3.10/site-packages/body_control/canbus_test_canhat.py to canbus_test_canhat.cpython-310.pyc
[31.252s] running install_data
[31.274s] running install_egg_info
[31.320s] removing '/home/ryan/treeclimber/install/body_control/lib/python3.10/site-packages/body_control-0.0.0-py3.10.egg-info' (and everything under it)
[31.321s] Copying ../../build/body_control/body_control.egg-info to /home/ryan/treeclimber/install/body_control/lib/python3.10/site-packages/body_control-0.0.0-py3.10.egg-info
[31.380s] running install_scripts
[31.694s] writing list of installed files to '/home/ryan/treeclimber/build/body_control/install.log'
[34.216s] Invoked command in '/home/ryan/treeclimber/src/body_control' returned '0': PYTHONPATH=/home/ryan/treeclimber/build/body_control/prefix_override:/home/ryan/treeclimber/install/body_control/lib/python3.10/site-packages:${PYTHONPATH} /usr/bin/python3 setup.py egg_info --egg-base ../../build/body_control build --build-base /home/ryan/treeclimber/build/body_control/build install --record /home/ryan/treeclimber/build/body_control/install.log --single-version-externally-managed
