[6.102s] Invoking command in '/home/ryan/treeclimber/src/body_control': PYTHONPATH=/home/ryan/treeclimber/build/body_control/prefix_override:/home/ryan/treeclimber/install/body_control/lib/python3.10/site-packages:${PYTHONPATH} /usr/bin/python3 setup.py egg_info --egg-base ../../build/body_control build --build-base /home/ryan/treeclimber/build/body_control/build install --record /home/ryan/treeclimber/build/body_control/install.log --single-version-externally-managed
[7.906s] running egg_info
[7.909s] writing ../../build/body_control/body_control.egg-info/PKG-INFO
[7.911s] writing dependency_links to ../../build/body_control/body_control.egg-info/dependency_links.txt
[7.912s] writing entry points to ../../build/body_control/body_control.egg-info/entry_points.txt
[7.915s] writing requirements to ../../build/body_control/body_control.egg-info/requires.txt
[7.915s] writing top-level names to ../../build/body_control/body_control.egg-info/top_level.txt
[7.935s] reading manifest file '../../build/body_control/body_control.egg-info/SOURCES.txt'
[7.944s] writing manifest file '../../build/body_control/body_control.egg-info/SOURCES.txt'
[7.949s] running build
[7.953s] running build_py
[7.956s] copying body_control/drive_robot.py -> /home/ryan/treeclimber/build/body_control/build/lib/body_control
[7.966s] running install
[7.970s] /usr/lib/python3/dist-packages/setuptools/command/install.py:34: SetuptoolsDeprecationWarning: setup.py install is deprecated. Use build and pip and other standards-based tools.
[7.976s]   warnings.warn(
[7.979s] running install_lib
[7.980s] copying /home/ryan/treeclimber/build/body_control/build/lib/body_control/drive_robot.py -> /home/ryan/treeclimber/install/body_control/lib/python3.10/site-packages/body_control
[7.980s] byte-compiling /home/ryan/treeclimber/install/body_control/lib/python3.10/site-packages/body_control/drive_robot.py to drive_robot.cpython-310.pyc
[7.983s] running install_data
[7.993s] running install_egg_info
[8.002s] removing '/home/ryan/treeclimber/install/body_control/lib/python3.10/site-packages/body_control-0.0.0-py3.10.egg-info' (and everything under it)
[8.016s] Copying ../../build/body_control/body_control.egg-info to /home/ryan/treeclimber/install/body_control/lib/python3.10/site-packages/body_control-0.0.0-py3.10.egg-info
[8.025s] running install_scripts
[8.169s] Installing arms_loosen script to /home/ryan/treeclimber/install/body_control/lib/body_control
[8.170s] Installing arms_tighten script to /home/ryan/treeclimber/install/body_control/lib/body_control
[8.171s] Installing drive_robot script to /home/ryan/treeclimber/install/body_control/lib/body_control
[8.173s] writing list of installed files to '/home/ryan/treeclimber/build/body_control/install.log'
[8.452s] Invoked command in '/home/ryan/treeclimber/src/body_control' returned '0': PYTHONPATH=/home/ryan/treeclimber/build/body_control/prefix_override:/home/ryan/treeclimber/install/body_control/lib/python3.10/site-packages:${PYTHONPATH} /usr/bin/python3 setup.py egg_info --egg-base ../../build/body_control build --build-base /home/ryan/treeclimber/build/body_control/build install --record /home/ryan/treeclimber/build/body_control/install.log --single-version-externally-managed
