[5.757s] Invoking command in '/home/ryan/treeclimber/src/body_control': PYTHONPATH=/home/ryan/treeclimber/build/body_control/prefix_override:/home/ryan/treeclimber/install/body_control/lib/python3.10/site-packages:${PYTHONPATH} /usr/bin/python3 setup.py egg_info --egg-base ../../build/body_control build --build-base /home/ryan/treeclimber/build/body_control/build install --record /home/ryan/treeclimber/build/body_control/install.log --single-version-externally-managed
[7.145s] running egg_info
[7.151s] creating ../../build/body_control/body_control.egg-info
[7.152s] writing ../../build/body_control/body_control.egg-info/PKG-INFO
[7.158s] writing dependency_links to ../../build/body_control/body_control.egg-info/dependency_links.txt
[7.160s] writing entry points to ../../build/body_control/body_control.egg-info/entry_points.txt
[7.160s] writing requirements to ../../build/body_control/body_control.egg-info/requires.txt
[7.161s] writing top-level names to ../../build/body_control/body_control.egg-info/top_level.txt
[7.163s] writing manifest file '../../build/body_control/body_control.egg-info/SOURCES.txt'
[7.167s] reading manifest file '../../build/body_control/body_control.egg-info/SOURCES.txt'
[7.169s] writing manifest file '../../build/body_control/body_control.egg-info/SOURCES.txt'
[7.170s] running build
[7.171s] running build_py
[7.172s] creating /home/ryan/treeclimber/build/body_control/build
[7.173s] creating /home/ryan/treeclimber/build/body_control/build/lib
[7.174s] creating /home/ryan/treeclimber/build/body_control/build/lib/body_control
[7.175s] copying body_control/__init__.py -> /home/ryan/treeclimber/build/body_control/build/lib/body_control
[7.176s] running install
[7.177s] /usr/lib/python3/dist-packages/setuptools/command/install.py:34: SetuptoolsDeprecationWarning: setup.py install is deprecated. Use build and pip and other standards-based tools.
[7.177s]   warnings.warn(
[7.187s] running install_lib
[7.196s] creating /home/ryan/treeclimber/install/body_control/lib/python3.10/site-packages/body_control
[7.199s] copying /home/ryan/treeclimber/build/body_control/build/lib/body_control/__init__.py -> /home/ryan/treeclimber/install/body_control/lib/python3.10/site-packages/body_control
[7.199s] byte-compiling /home/ryan/treeclimber/install/body_control/lib/python3.10/site-packages/body_control/__init__.py to __init__.cpython-310.pyc
[7.200s] running install_data
[7.201s] creating /home/ryan/treeclimber/install/body_control/share/ament_index
[7.201s] creating /home/ryan/treeclimber/install/body_control/share/ament_index/resource_index
[7.204s] creating /home/ryan/treeclimber/install/body_control/share/ament_index/resource_index/packages
[7.205s] copying resource/body_control -> /home/ryan/treeclimber/install/body_control/share/ament_index/resource_index/packages
[7.206s] copying package.xml -> /home/ryan/treeclimber/install/body_control/share/body_control
[7.206s] running install_egg_info
[7.210s] Copying ../../build/body_control/body_control.egg-info to /home/ryan/treeclimber/install/body_control/lib/python3.10/site-packages/body_control-0.0.0-py3.10.egg-info
[7.230s] running install_scripts
[7.378s] writing list of installed files to '/home/ryan/treeclimber/build/body_control/install.log'
[7.892s] Invoked command in '/home/ryan/treeclimber/src/body_control' returned '0': PYTHONPATH=/home/ryan/treeclimber/build/body_control/prefix_override:/home/ryan/treeclimber/install/body_control/lib/python3.10/site-packages:${PYTHONPATH} /usr/bin/python3 setup.py egg_info --egg-base ../../build/body_control build --build-base /home/ryan/treeclimber/build/body_control/build install --record /home/ryan/treeclimber/build/body_control/install.log --single-version-externally-managed
