running egg_info
writing ../../build/drive_arms/drive_arms.egg-info/PKG-INFO
writing dependency_links to ../../build/drive_arms/drive_arms.egg-info/dependency_links.txt
writing entry points to ../../build/drive_arms/drive_arms.egg-info/entry_points.txt
writing requirements to ../../build/drive_arms/drive_arms.egg-info/requires.txt
writing top-level names to ../../build/drive_arms/drive_arms.egg-info/top_level.txt
reading manifest file '../../build/drive_arms/drive_arms.egg-info/SOURCES.txt'
writing manifest file '../../build/drive_arms/drive_arms.egg-info/SOURCES.txt'
running build
running build_py
/usr/lib/python3/dist-packages/setuptools/command/install.py:34: SetuptoolsDeprecationWarning: setup.py install is deprecated. Use build and pip and other standards-based tools.
  warnings.warn(
running install
running install_lib
running install_data
running install_egg_info
removing '/home/ryan/treeclimber/install/drive_arms/lib/python3.10/site-packages/drive_arms-0.0.0-py3.10.egg-info' (and everything under it)
Copying ../../build/drive_arms/drive_arms.egg-info to /home/ryan/treeclimber/install/drive_arms/lib/python3.10/site-packages/drive_arms-0.0.0-py3.10.egg-info
running install_scripts
Installing spi_test script to /home/ryan/treeclimber/install/drive_arms/lib/drive_arms
writing list of installed files to '/home/ryan/treeclimber/build/drive_arms/install.log'
