[27.955s] Invoking command in '/home/ryan/treeclimber/src/drive_arms': PYTHONPATH=/home/ryan/treeclimber/build/drive_arms/prefix_override:/home/ryan/treeclimber/install/drive_arms/lib/python3.10/site-packages:${PYTHONPATH} /usr/bin/python3 setup.py egg_info --egg-base ../../build/drive_arms build --build-base /home/ryan/treeclimber/build/drive_arms/build install --record /home/ryan/treeclimber/build/drive_arms/install.log --single-version-externally-managed
[30.836s] running egg_info
[30.844s] writing ../../build/drive_arms/drive_arms.egg-info/PKG-INFO
[30.860s] writing dependency_links to ../../build/drive_arms/drive_arms.egg-info/dependency_links.txt
[30.862s] writing entry points to ../../build/drive_arms/drive_arms.egg-info/entry_points.txt
[30.864s] writing requirements to ../../build/drive_arms/drive_arms.egg-info/requires.txt
[30.866s] writing top-level names to ../../build/drive_arms/drive_arms.egg-info/top_level.txt
[30.919s] reading manifest file '../../build/drive_arms/drive_arms.egg-info/SOURCES.txt'
[30.928s] writing manifest file '../../build/drive_arms/drive_arms.egg-info/SOURCES.txt'
[30.930s] running build
[30.940s] running build_py
[30.971s] /usr/lib/python3/dist-packages/setuptools/command/install.py:34: SetuptoolsDeprecationWarning: setup.py install is deprecated. Use build and pip and other standards-based tools.
[30.973s]   warnings.warn(
[30.975s] running install
[30.996s] running install_lib
[31.017s] running install_data
[31.019s] running install_egg_info
[31.046s] removing '/home/ryan/treeclimber/install/drive_arms/lib/python3.10/site-packages/drive_arms-0.0.0-py3.10.egg-info' (and everything under it)
[31.047s] Copying ../../build/drive_arms/drive_arms.egg-info to /home/ryan/treeclimber/install/drive_arms/lib/python3.10/site-packages/drive_arms-0.0.0-py3.10.egg-info
[31.073s] running install_scripts
[31.335s] Installing spi_test script to /home/ryan/treeclimber/install/drive_arms/lib/drive_arms
[31.343s] writing list of installed files to '/home/ryan/treeclimber/build/drive_arms/install.log'
[32.767s] Invoked command in '/home/ryan/treeclimber/src/drive_arms' returned '0': PYTHONPATH=/home/ryan/treeclimber/build/drive_arms/prefix_override:/home/ryan/treeclimber/install/drive_arms/lib/python3.10/site-packages:${PYTHONPATH} /usr/bin/python3 setup.py egg_info --egg-base ../../build/drive_arms build --build-base /home/ryan/treeclimber/build/drive_arms/build install --record /home/ryan/treeclimber/build/drive_arms/install.log --single-version-externally-managed
