[12.632s] Invoking command in '/home/ryan/treeclimber/src/tail_control': PYTHONPATH=/home/ryan/treeclimber/build/tail_control/prefix_override:/home/ryan/treeclimber/install/tail_control/lib/python3.10/site-packages:${PYTHONPATH} /usr/bin/python3 setup.py egg_info --egg-base ../../build/tail_control build --build-base /home/ryan/treeclimber/build/tail_control/build install --record /home/ryan/treeclimber/build/tail_control/install.log --single-version-externally-managed
[14.979s] running egg_info
[14.983s] writing ../../build/tail_control/tail_control.egg-info/PKG-INFO
[14.996s] writing dependency_links to ../../build/tail_control/tail_control.egg-info/dependency_links.txt
[14.997s] writing entry points to ../../build/tail_control/tail_control.egg-info/entry_points.txt
[14.997s] writing requirements to ../../build/tail_control/tail_control.egg-info/requires.txt
[15.001s] writing top-level names to ../../build/tail_control/tail_control.egg-info/top_level.txt
[15.021s] reading manifest file '../../build/tail_control/tail_control.egg-info/SOURCES.txt'
[15.039s] writing manifest file '../../build/tail_control/tail_control.egg-info/SOURCES.txt'
[15.044s] running build
[15.047s] running build_py
[15.049s] copying tail_control/killswitch_relay.py -> /home/ryan/treeclimber/build/tail_control/build/lib/tail_control
[15.058s] running install
[15.067s] /usr/lib/python3/dist-packages/setuptools/command/install.py:34: SetuptoolsDeprecationWarning: setup.py install is deprecated. Use build and pip and other standards-based tools.
[15.068s]   warnings.warn(
[15.108s] running install_lib
[15.138s] copying /home/ryan/treeclimber/build/tail_control/build/lib/tail_control/killswitch_relay.py -> /home/ryan/treeclimber/install/tail_control/lib/python3.10/site-packages/tail_control
[15.171s] byte-compiling /home/ryan/treeclimber/install/tail_control/lib/python3.10/site-packages/tail_control/killswitch_relay.py to killswitch_relay.cpython-310.pyc
[15.178s] running install_data
[15.179s] running install_egg_info
[15.192s] removing '/home/ryan/treeclimber/install/tail_control/lib/python3.10/site-packages/tail_control-0.0.0-py3.10.egg-info' (and everything under it)
[15.224s] Copying ../../build/tail_control/tail_control.egg-info to /home/ryan/treeclimber/install/tail_control/lib/python3.10/site-packages/tail_control-0.0.0-py3.10.egg-info
[15.245s] running install_scripts
[15.393s] Installing killswitch_relay script to /home/ryan/treeclimber/install/tail_control/lib/tail_control
[15.420s] writing list of installed files to '/home/ryan/treeclimber/build/tail_control/install.log'
[16.583s] Invoked command in '/home/ryan/treeclimber/src/tail_control' returned '0': PYTHONPATH=/home/ryan/treeclimber/build/tail_control/prefix_override:/home/ryan/treeclimber/install/tail_control/lib/python3.10/site-packages:${PYTHONPATH} /usr/bin/python3 setup.py egg_info --egg-base ../../build/tail_control build --build-base /home/ryan/treeclimber/build/tail_control/build install --record /home/ryan/treeclimber/build/tail_control/install.log --single-version-externally-managed
