[3.922s] DEBUG:colcon:Command line arguments: ['/usr/bin/colcon', 'build', '--packages-select', 'tail_control']
[3.922s] DEBUG:colcon:Parsed command line arguments: Namespace(log_base=None, log_level=None, verb_name='build', build_base='build', install_base='install', merge_install=False, symlink_install=False, test_result_base=None, continue_on_error=False, executor='parallel', parallel_workers=4, event_handlers=None, ignore_user_meta=False, metas=['./colcon.meta'], base_paths=['.'], packages_ignore=None, packages_ignore_regex=None, paths=None, packages_up_to=None, packages_up_to_regex=None, packages_above=None, packages_above_and_dependencies=None, packages_above_depth=None, packages_select_by_dep=None, packages_skip_by_dep=None, packages_skip_up_to=None, packages_select_build_failed=False, packages_skip_build_finished=False, packages_select_test_failures=False, packages_skip_test_passed=False, packages_select=['tail_control'], packages_skip=None, packages_select_regex=None, packages_skip_regex=None, packages_start=None, packages_end=None, allow_overriding=[], cmake_args=None, cmake_target=None, cmake_target_skip_unavailable=False, cmake_clean_cache=False, cmake_clean_first=False, cmake_force_configure=False, ament_cmake_args=None, catkin_cmake_args=None, catkin_skip_building_tests=False, verb_parser=<colcon_defaults.argument_parser.defaults.DefaultArgumentsDecorator object at 0xffff8722d8a0>, verb_extension=<colcon_core.verb.build.BuildVerb object at 0xffff875456c0>, main=<bound method BuildVerb.main of <colcon_core.verb.build.BuildVerb object at 0xffff875456c0>>)
[4.134s] Level 1:colcon.colcon_core.package_discovery:discover_packages(colcon_meta) check parameters
[4.134s] Level 1:colcon.colcon_core.package_discovery:discover_packages(recursive) check parameters
[4.134s] Level 1:colcon.colcon_core.package_discovery:discover_packages(ignore) check parameters
[4.135s] Level 1:colcon.colcon_core.package_discovery:discover_packages(path) check parameters
[4.135s] Level 1:colcon.colcon_core.package_discovery:discover_packages(colcon_meta) discover
[4.135s] Level 1:colcon.colcon_core.package_discovery:discover_packages(recursive) discover
[4.135s] INFO:colcon.colcon_core.package_discovery:Crawling recursively for packages in '/home/ryan/treeclimber'
[4.136s] Level 1:colcon.colcon_core.package_identification:_identify(.) by extensions ['ignore', 'ignore_ament_install']
[4.136s] Level 1:colcon.colcon_core.package_identification:_identify(.) by extension 'ignore'
[4.136s] Level 1:colcon.colcon_core.package_identification:_identify(.) by extension 'ignore_ament_install'
[4.137s] Level 1:colcon.colcon_core.package_identification:_identify(.) by extensions ['colcon_pkg']
[4.137s] Level 1:colcon.colcon_core.package_identification:_identify(.) by extension 'colcon_pkg'
[4.137s] Level 1:colcon.colcon_core.package_identification:_identify(.) by extensions ['colcon_meta']
[4.137s] Level 1:colcon.colcon_core.package_identification:_identify(.) by extension 'colcon_meta'
[4.137s] Level 1:colcon.colcon_core.package_identification:_identify(.) by extensions ['ros']
[4.137s] Level 1:colcon.colcon_core.package_identification:_identify(.) by extension 'ros'
[4.177s] Level 1:colcon.colcon_core.package_identification:_identify(.) by extensions ['cmake', 'python']
[4.177s] Level 1:colcon.colcon_core.package_identification:_identify(.) by extension 'cmake'
[4.177s] Level 1:colcon.colcon_core.package_identification:_identify(.) by extension 'python'
[4.178s] Level 1:colcon.colcon_core.package_identification:_identify(.) by extensions ['python_setup_py']
[4.178s] Level 1:colcon.colcon_core.package_identification:_identify(.) by extension 'python_setup_py'
[4.178s] Level 1:colcon.colcon_core.package_identification:_identify(build) by extensions ['ignore', 'ignore_ament_install']
[4.179s] Level 1:colcon.colcon_core.package_identification:_identify(build) by extension 'ignore'
[4.179s] Level 1:colcon.colcon_core.package_identification:_identify(build) ignored
[4.180s] Level 1:colcon.colcon_core.package_identification:_identify(install) by extensions ['ignore', 'ignore_ament_install']
[4.180s] Level 1:colcon.colcon_core.package_identification:_identify(install) by extension 'ignore'
[4.180s] Level 1:colcon.colcon_core.package_identification:_identify(install) ignored
[4.181s] Level 1:colcon.colcon_core.package_identification:_identify(log) by extensions ['ignore', 'ignore_ament_install']
[4.181s] Level 1:colcon.colcon_core.package_identification:_identify(log) by extension 'ignore'
[4.182s] Level 1:colcon.colcon_core.package_identification:_identify(log) ignored
[4.182s] Level 1:colcon.colcon_core.package_identification:_identify(src) by extensions ['ignore', 'ignore_ament_install']
[4.182s] Level 1:colcon.colcon_core.package_identification:_identify(src) by extension 'ignore'
[4.183s] Level 1:colcon.colcon_core.package_identification:_identify(src) by extension 'ignore_ament_install'
[4.183s] Level 1:colcon.colcon_core.package_identification:_identify(src) by extensions ['colcon_pkg']
[4.183s] Level 1:colcon.colcon_core.package_identification:_identify(src) by extension 'colcon_pkg'
[4.183s] Level 1:colcon.colcon_core.package_identification:_identify(src) by extensions ['colcon_meta']
[4.183s] Level 1:colcon.colcon_core.package_identification:_identify(src) by extension 'colcon_meta'
[4.184s] Level 1:colcon.colcon_core.package_identification:_identify(src) by extensions ['ros']
[4.184s] Level 1:colcon.colcon_core.package_identification:_identify(src) by extension 'ros'
[4.184s] Level 1:colcon.colcon_core.package_identification:_identify(src) by extensions ['cmake', 'python']
[4.184s] Level 1:colcon.colcon_core.package_identification:_identify(src) by extension 'cmake'
[4.184s] Level 1:colcon.colcon_core.package_identification:_identify(src) by extension 'python'
[4.185s] Level 1:colcon.colcon_core.package_identification:_identify(src) by extensions ['python_setup_py']
[4.185s] Level 1:colcon.colcon_core.package_identification:_identify(src) by extension 'python_setup_py'
[4.185s] Level 1:colcon.colcon_core.package_identification:_identify(src/body_control) by extensions ['ignore', 'ignore_ament_install']
[4.186s] Level 1:colcon.colcon_core.package_identification:_identify(src/body_control) by extension 'ignore'
[4.186s] Level 1:colcon.colcon_core.package_identification:_identify(src/body_control) by extension 'ignore_ament_install'
[4.186s] Level 1:colcon.colcon_core.package_identification:_identify(src/body_control) by extensions ['colcon_pkg']
[4.186s] Level 1:colcon.colcon_core.package_identification:_identify(src/body_control) by extension 'colcon_pkg'
[4.186s] Level 1:colcon.colcon_core.package_identification:_identify(src/body_control) by extensions ['colcon_meta']
[4.186s] Level 1:colcon.colcon_core.package_identification:_identify(src/body_control) by extension 'colcon_meta'
[4.187s] Level 1:colcon.colcon_core.package_identification:_identify(src/body_control) by extensions ['ros']
[4.187s] Level 1:colcon.colcon_core.package_identification:_identify(src/body_control) by extension 'ros'
[4.198s] DEBUG:colcon.colcon_core.package_identification:Package 'src/body_control' with type 'ros.ament_python' and name 'body_control'
[4.198s] Level 1:colcon.colcon_core.package_identification:_identify(src/drive_arms) by extensions ['ignore', 'ignore_ament_install']
[4.199s] Level 1:colcon.colcon_core.package_identification:_identify(src/drive_arms) by extension 'ignore'
[4.199s] Level 1:colcon.colcon_core.package_identification:_identify(src/drive_arms) by extension 'ignore_ament_install'
[4.199s] Level 1:colcon.colcon_core.package_identification:_identify(src/drive_arms) by extensions ['colcon_pkg']
[4.200s] Level 1:colcon.colcon_core.package_identification:_identify(src/drive_arms) by extension 'colcon_pkg'
[4.200s] Level 1:colcon.colcon_core.package_identification:_identify(src/drive_arms) by extensions ['colcon_meta']
[4.200s] Level 1:colcon.colcon_core.package_identification:_identify(src/drive_arms) by extension 'colcon_meta'
[4.200s] Level 1:colcon.colcon_core.package_identification:_identify(src/drive_arms) by extensions ['ros']
[4.200s] Level 1:colcon.colcon_core.package_identification:_identify(src/drive_arms) by extension 'ros'
[4.202s] DEBUG:colcon.colcon_core.package_identification:Package 'src/drive_arms' with type 'ros.ament_python' and name 'drive_arms'
[4.203s] Level 1:colcon.colcon_core.package_identification:_identify(src/motor_tests) by extensions ['ignore', 'ignore_ament_install']
[4.203s] Level 1:colcon.colcon_core.package_identification:_identify(src/motor_tests) by extension 'ignore'
[4.203s] Level 1:colcon.colcon_core.package_identification:_identify(src/motor_tests) by extension 'ignore_ament_install'
[4.204s] Level 1:colcon.colcon_core.package_identification:_identify(src/motor_tests) by extensions ['colcon_pkg']
[4.204s] Level 1:colcon.colcon_core.package_identification:_identify(src/motor_tests) by extension 'colcon_pkg'
[4.204s] Level 1:colcon.colcon_core.package_identification:_identify(src/motor_tests) by extensions ['colcon_meta']
[4.204s] Level 1:colcon.colcon_core.package_identification:_identify(src/motor_tests) by extension 'colcon_meta'
[4.204s] Level 1:colcon.colcon_core.package_identification:_identify(src/motor_tests) by extensions ['ros']
[4.204s] Level 1:colcon.colcon_core.package_identification:_identify(src/motor_tests) by extension 'ros'
[4.206s] DEBUG:colcon.colcon_core.package_identification:Package 'src/motor_tests' with type 'ros.ament_python' and name 'motor_tests'
[4.207s] Level 1:colcon.colcon_core.package_identification:_identify(src/tail_control) by extensions ['ignore', 'ignore_ament_install']
[4.207s] Level 1:colcon.colcon_core.package_identification:_identify(src/tail_control) by extension 'ignore'
[4.208s] Level 1:colcon.colcon_core.package_identification:_identify(src/tail_control) by extension 'ignore_ament_install'
[4.208s] Level 1:colcon.colcon_core.package_identification:_identify(src/tail_control) by extensions ['colcon_pkg']
[4.208s] Level 1:colcon.colcon_core.package_identification:_identify(src/tail_control) by extension 'colcon_pkg'
[4.208s] Level 1:colcon.colcon_core.package_identification:_identify(src/tail_control) by extensions ['colcon_meta']
[4.208s] Level 1:colcon.colcon_core.package_identification:_identify(src/tail_control) by extension 'colcon_meta'
[4.209s] Level 1:colcon.colcon_core.package_identification:_identify(src/tail_control) by extensions ['ros']
[4.209s] Level 1:colcon.colcon_core.package_identification:_identify(src/tail_control) by extension 'ros'
[4.210s] DEBUG:colcon.colcon_core.package_identification:Package 'src/tail_control' with type 'ros.ament_python' and name 'tail_control'
[4.211s] Level 1:colcon.colcon_core.package_discovery:discover_packages(recursive) using defaults
[4.211s] Level 1:colcon.colcon_core.package_discovery:discover_packages(ignore) discover
[4.211s] Level 1:colcon.colcon_core.package_discovery:discover_packages(ignore) using defaults
[4.211s] Level 1:colcon.colcon_core.package_discovery:discover_packages(path) discover
[4.211s] Level 1:colcon.colcon_core.package_discovery:discover_packages(path) using defaults
[4.449s] INFO:colcon.colcon_core.package_selection:Skipping not selected package 'body_control' in 'src/body_control'
[4.449s] INFO:colcon.colcon_core.package_selection:Skipping not selected package 'drive_arms' in 'src/drive_arms'
[4.449s] INFO:colcon.colcon_core.package_selection:Skipping not selected package 'motor_tests' in 'src/motor_tests'
[4.566s] Level 1:colcon.colcon_core.package_discovery:discover_packages(prefix_path) check parameters
[4.566s] Level 1:colcon.colcon_core.package_discovery:discover_packages(prefix_path) discover
[4.687s] DEBUG:colcon.colcon_installed_package_information.package_discovery:Found 4 installed packages in /home/ryan/treeclimber/install
[4.754s] DEBUG:colcon.colcon_installed_package_information.package_discovery:Found 270 installed packages in /opt/ros/humble
[4.759s] Level 1:colcon.colcon_core.package_discovery:discover_packages(prefix_path) using defaults
[5.123s] Level 5:colcon.colcon_core.verb:set package 'tail_control' build argument 'cmake_args' from command line to 'None'
[5.124s] Level 5:colcon.colcon_core.verb:set package 'tail_control' build argument 'cmake_target' from command line to 'None'
[5.124s] Level 5:colcon.colcon_core.verb:set package 'tail_control' build argument 'cmake_target_skip_unavailable' from command line to 'False'
[5.124s] Level 5:colcon.colcon_core.verb:set package 'tail_control' build argument 'cmake_clean_cache' from command line to 'False'
[5.124s] Level 5:colcon.colcon_core.verb:set package 'tail_control' build argument 'cmake_clean_first' from command line to 'False'
[5.124s] Level 5:colcon.colcon_core.verb:set package 'tail_control' build argument 'cmake_force_configure' from command line to 'False'
[5.124s] Level 5:colcon.colcon_core.verb:set package 'tail_control' build argument 'ament_cmake_args' from command line to 'None'
[5.124s] Level 5:colcon.colcon_core.verb:set package 'tail_control' build argument 'catkin_cmake_args' from command line to 'None'
[5.124s] Level 5:colcon.colcon_core.verb:set package 'tail_control' build argument 'catkin_skip_building_tests' from command line to 'False'
[5.125s] DEBUG:colcon.colcon_core.verb:Building package 'tail_control' with the following arguments: {'ament_cmake_args': None, 'build_base': '/home/ryan/treeclimber/build/tail_control', 'catkin_cmake_args': None, 'catkin_skip_building_tests': False, 'cmake_args': None, 'cmake_clean_cache': False, 'cmake_clean_first': False, 'cmake_force_configure': False, 'cmake_target': None, 'cmake_target_skip_unavailable': False, 'install_base': '/home/ryan/treeclimber/install/tail_control', 'merge_install': False, 'path': '/home/ryan/treeclimber/src/tail_control', 'symlink_install': False, 'test_result_base': None}
[5.187s] INFO:colcon.colcon_core.executor:Executing jobs using 'parallel' executor
[5.245s] DEBUG:colcon.colcon_parallel_executor.executor.parallel:run_until_complete
[5.246s] INFO:colcon.colcon_ros.task.ament_python.build:Building ROS package in '/home/ryan/treeclimber/src/tail_control' with build type 'ament_python'
[5.247s] Level 1:colcon.colcon_core.shell:create_environment_hook('tail_control', 'ament_prefix_path')
[5.342s] INFO:colcon.colcon_core.plugin_system:Skipping extension 'colcon_core.shell.bat': Not used on non-Windows systems
[5.343s] INFO:colcon.colcon_core.shell:Creating environment hook '/home/ryan/treeclimber/install/tail_control/share/tail_control/hook/ament_prefix_path.ps1'
[5.346s] INFO:colcon.colcon_core.shell:Creating environment descriptor '/home/ryan/treeclimber/install/tail_control/share/tail_control/hook/ament_prefix_path.dsv'
[5.348s] INFO:colcon.colcon_core.shell:Creating environment hook '/home/ryan/treeclimber/install/tail_control/share/tail_control/hook/ament_prefix_path.sh'
[5.450s] INFO:colcon.colcon_core.shell:Skip shell extension 'powershell' for command environment: Not usable outside of PowerShell
[5.450s] DEBUG:colcon.colcon_core.shell:Skip shell extension 'dsv' for command environment
[6.942s] INFO:colcon.colcon_core.task.python.build:Building Python package in '/home/ryan/treeclimber/src/tail_control'
[7.015s] INFO:colcon.colcon_core.shell:Skip shell extension 'powershell' for command environment: Not usable outside of PowerShell
[7.016s] DEBUG:colcon.colcon_core.shell:Skip shell extension 'dsv' for command environment
[8.834s] DEBUG:colcon.colcon_core.event_handler.log_command:Invoking command in '/home/ryan/treeclimber/src/tail_control': PYTHONPATH=/home/ryan/treeclimber/build/tail_control/prefix_override:/home/ryan/treeclimber/install/tail_control/lib/python3.10/site-packages:${PYTHONPATH} /usr/bin/python3 setup.py egg_info --egg-base ../../build/tail_control build --build-base /home/ryan/treeclimber/build/tail_control/build install --record /home/ryan/treeclimber/build/tail_control/install.log --single-version-externally-managed
[10.268s] DEBUG:colcon.colcon_core.event_handler.log_command:Invoked command in '/home/ryan/treeclimber/src/tail_control' returned '0': PYTHONPATH=/home/ryan/treeclimber/build/tail_control/prefix_override:/home/ryan/treeclimber/install/tail_control/lib/python3.10/site-packages:${PYTHONPATH} /usr/bin/python3 setup.py egg_info --egg-base ../../build/tail_control build --build-base /home/ryan/treeclimber/build/tail_control/build install --record /home/ryan/treeclimber/build/tail_control/install.log --single-version-externally-managed
[10.363s] Level 1:colcon.colcon_core.environment:checking '/home/ryan/treeclimber/install/tail_control' for CMake module files
[10.365s] Level 1:colcon.colcon_core.environment:checking '/home/ryan/treeclimber/install/tail_control' for CMake config files
[10.369s] Level 1:colcon.colcon_core.environment:checking '/home/ryan/treeclimber/install/tail_control/lib'
[10.369s] Level 1:colcon.colcon_core.environment:checking '/home/ryan/treeclimber/install/tail_control/bin'
[10.370s] Level 1:colcon.colcon_core.environment:checking '/home/ryan/treeclimber/install/tail_control/lib/pkgconfig/tail_control.pc'
[10.371s] Level 1:colcon.colcon_core.environment:checking '/home/ryan/treeclimber/install/tail_control/lib/python3.10/site-packages'
[10.371s] Level 1:colcon.colcon_core.shell:create_environment_hook('tail_control', 'pythonpath')
[10.447s] INFO:colcon.colcon_core.shell:Creating environment hook '/home/ryan/treeclimber/install/tail_control/share/tail_control/hook/pythonpath.ps1'
[10.449s] INFO:colcon.colcon_core.shell:Creating environment descriptor '/home/ryan/treeclimber/install/tail_control/share/tail_control/hook/pythonpath.dsv'
[10.451s] INFO:colcon.colcon_core.shell:Creating environment hook '/home/ryan/treeclimber/install/tail_control/share/tail_control/hook/pythonpath.sh'
[10.453s] Level 1:colcon.colcon_core.environment:checking '/home/ryan/treeclimber/install/tail_control/bin'
[10.454s] Level 1:colcon.colcon_core.environment:create_environment_scripts_only(tail_control)
[10.511s] INFO:colcon.colcon_core.shell:Creating package script '/home/ryan/treeclimber/install/tail_control/share/tail_control/package.ps1'
[10.515s] INFO:colcon.colcon_core.shell:Creating package descriptor '/home/ryan/treeclimber/install/tail_control/share/tail_control/package.dsv'
[10.518s] INFO:colcon.colcon_core.shell:Creating package script '/home/ryan/treeclimber/install/tail_control/share/tail_control/package.sh'
[10.522s] INFO:colcon.colcon_core.shell:Creating package script '/home/ryan/treeclimber/install/tail_control/share/tail_control/package.bash'
[10.527s] INFO:colcon.colcon_core.shell:Creating package script '/home/ryan/treeclimber/install/tail_control/share/tail_control/package.zsh'
[10.533s] Level 1:colcon.colcon_core.environment:create_file_with_runtime_dependencies(/home/ryan/treeclimber/install/tail_control/share/colcon-core/packages/tail_control)
[10.538s] DEBUG:colcon.colcon_parallel_executor.executor.parallel:closing loop
[10.543s] DEBUG:colcon.colcon_parallel_executor.executor.parallel:loop closed
[10.545s] DEBUG:colcon.colcon_parallel_executor.executor.parallel:run_until_complete finished with '0'
[10.546s] DEBUG:colcon.colcon_core.event_reactor:joining thread
[10.653s] INFO:colcon.colcon_core.plugin_system:Skipping extension 'colcon_notification.desktop_notification.terminal_notifier': Not used on non-Darwin systems
[10.654s] INFO:colcon.colcon_core.plugin_system:Skipping extension 'colcon_notification.desktop_notification.win32': Not used on non-Windows systems
[10.654s] INFO:colcon.colcon_notification.desktop_notification:Sending desktop notification using 'notify2'
[10.718s] DEBUG:colcon.colcon_core.event_reactor:joined thread
[10.858s] INFO:colcon.colcon_core.shell:Creating prefix script '/home/ryan/treeclimber/install/local_setup.ps1'
[10.866s] INFO:colcon.colcon_core.shell:Creating prefix util module '/home/ryan/treeclimber/install/_local_setup_util_ps1.py'
[10.875s] INFO:colcon.colcon_core.shell:Creating prefix chain script '/home/ryan/treeclimber/install/setup.ps1'
[10.960s] INFO:colcon.colcon_core.shell:Creating prefix script '/home/ryan/treeclimber/install/local_setup.sh'
[10.963s] INFO:colcon.colcon_core.shell:Creating prefix util module '/home/ryan/treeclimber/install/_local_setup_util_sh.py'
[10.965s] INFO:colcon.colcon_core.shell:Creating prefix chain script '/home/ryan/treeclimber/install/setup.sh'
[11.065s] INFO:colcon.colcon_core.shell:Creating prefix script '/home/ryan/treeclimber/install/local_setup.bash'
[11.068s] INFO:colcon.colcon_core.shell:Creating prefix chain script '/home/ryan/treeclimber/install/setup.bash'
[11.136s] INFO:colcon.colcon_core.shell:Creating prefix script '/home/ryan/treeclimber/install/local_setup.zsh'
[11.142s] INFO:colcon.colcon_core.shell:Creating prefix chain script '/home/ryan/treeclimber/install/setup.zsh'
