[1.515s] DEBUG:colcon:Command line arguments: ['/usr/bin/colcon', 'build', '--packages-select', 'motor_tests']
[1.515s] DEBUG:colcon:Parsed command line arguments: Namespace(log_base=None, log_level=None, verb_name='build', build_base='build', install_base='install', merge_install=False, symlink_install=False, test_result_base=None, continue_on_error=False, executor='parallel', parallel_workers=4, event_handlers=None, ignore_user_meta=False, metas=['./colcon.meta'], base_paths=['.'], packages_ignore=None, packages_ignore_regex=None, paths=None, packages_up_to=None, packages_up_to_regex=None, packages_above=None, packages_above_and_dependencies=None, packages_above_depth=None, packages_select_by_dep=None, packages_skip_by_dep=None, packages_skip_up_to=None, packages_select_build_failed=False, packages_skip_build_finished=False, packages_select_test_failures=False, packages_skip_test_passed=False, packages_select=['motor_tests'], packages_skip=None, packages_select_regex=None, packages_skip_regex=None, packages_start=None, packages_end=None, allow_overriding=[], cmake_args=None, cmake_target=None, cmake_target_skip_unavailable=False, cmake_clean_cache=False, cmake_clean_first=False, cmake_force_configure=False, ament_cmake_args=None, catkin_cmake_args=None, catkin_skip_building_tests=False, verb_parser=<colcon_defaults.argument_parser.defaults.DefaultArgumentsDecorator object at 0xffff8d72e9e0>, verb_extension=<colcon_core.verb.build.BuildVerb object at 0xffff8e10afb0>, main=<bound method BuildVerb.main of <colcon_core.verb.build.BuildVerb object at 0xffff8e10afb0>>)
[1.679s] Level 1:colcon.colcon_core.package_discovery:discover_packages(colcon_meta) check parameters
[1.680s] Level 1:colcon.colcon_core.package_discovery:discover_packages(recursive) check parameters
[1.680s] Level 1:colcon.colcon_core.package_discovery:discover_packages(ignore) check parameters
[1.680s] Level 1:colcon.colcon_core.package_discovery:discover_packages(path) check parameters
[1.680s] Level 1:colcon.colcon_core.package_discovery:discover_packages(colcon_meta) discover
[1.681s] Level 1:colcon.colcon_core.package_discovery:discover_packages(recursive) discover
[1.681s] INFO:colcon.colcon_core.package_discovery:Crawling recursively for packages in '/home/ryan/treeclimber'
[1.681s] Level 1:colcon.colcon_core.package_identification:_identify(.) by extensions ['ignore', 'ignore_ament_install']
[1.682s] Level 1:colcon.colcon_core.package_identification:_identify(.) by extension 'ignore'
[1.682s] Level 1:colcon.colcon_core.package_identification:_identify(.) by extension 'ignore_ament_install'
[1.683s] Level 1:colcon.colcon_core.package_identification:_identify(.) by extensions ['colcon_pkg']
[1.683s] Level 1:colcon.colcon_core.package_identification:_identify(.) by extension 'colcon_pkg'
[1.683s] Level 1:colcon.colcon_core.package_identification:_identify(.) by extensions ['colcon_meta']
[1.683s] Level 1:colcon.colcon_core.package_identification:_identify(.) by extension 'colcon_meta'
[1.683s] Level 1:colcon.colcon_core.package_identification:_identify(.) by extensions ['ros']
[1.683s] Level 1:colcon.colcon_core.package_identification:_identify(.) by extension 'ros'
[1.768s] Level 1:colcon.colcon_core.package_identification:_identify(.) by extensions ['cmake', 'python']
[1.768s] Level 1:colcon.colcon_core.package_identification:_identify(.) by extension 'cmake'
[1.768s] Level 1:colcon.colcon_core.package_identification:_identify(.) by extension 'python'
[1.768s] Level 1:colcon.colcon_core.package_identification:_identify(.) by extensions ['python_setup_py']
[1.769s] Level 1:colcon.colcon_core.package_identification:_identify(.) by extension 'python_setup_py'
[1.769s] Level 1:colcon.colcon_core.package_identification:_identify(build) by extensions ['ignore', 'ignore_ament_install']
[1.770s] Level 1:colcon.colcon_core.package_identification:_identify(build) by extension 'ignore'
[1.770s] Level 1:colcon.colcon_core.package_identification:_identify(build) ignored
[1.771s] Level 1:colcon.colcon_core.package_identification:_identify(install) by extensions ['ignore', 'ignore_ament_install']
[1.771s] Level 1:colcon.colcon_core.package_identification:_identify(install) by extension 'ignore'
[1.771s] Level 1:colcon.colcon_core.package_identification:_identify(install) ignored
[1.772s] Level 1:colcon.colcon_core.package_identification:_identify(log) by extensions ['ignore', 'ignore_ament_install']
[1.772s] Level 1:colcon.colcon_core.package_identification:_identify(log) by extension 'ignore'
[1.772s] Level 1:colcon.colcon_core.package_identification:_identify(log) ignored
[1.773s] Level 1:colcon.colcon_core.package_identification:_identify(src) by extensions ['ignore', 'ignore_ament_install']
[1.773s] Level 1:colcon.colcon_core.package_identification:_identify(src) by extension 'ignore'
[1.773s] Level 1:colcon.colcon_core.package_identification:_identify(src) by extension 'ignore_ament_install'
[1.773s] Level 1:colcon.colcon_core.package_identification:_identify(src) by extensions ['colcon_pkg']
[1.773s] Level 1:colcon.colcon_core.package_identification:_identify(src) by extension 'colcon_pkg'
[1.774s] Level 1:colcon.colcon_core.package_identification:_identify(src) by extensions ['colcon_meta']
[1.774s] Level 1:colcon.colcon_core.package_identification:_identify(src) by extension 'colcon_meta'
[1.774s] Level 1:colcon.colcon_core.package_identification:_identify(src) by extensions ['ros']
[1.774s] Level 1:colcon.colcon_core.package_identification:_identify(src) by extension 'ros'
[1.775s] Level 1:colcon.colcon_core.package_identification:_identify(src) by extensions ['cmake', 'python']
[1.775s] Level 1:colcon.colcon_core.package_identification:_identify(src) by extension 'cmake'
[1.775s] Level 1:colcon.colcon_core.package_identification:_identify(src) by extension 'python'
[1.775s] Level 1:colcon.colcon_core.package_identification:_identify(src) by extensions ['python_setup_py']
[1.775s] Level 1:colcon.colcon_core.package_identification:_identify(src) by extension 'python_setup_py'
[1.776s] Level 1:colcon.colcon_core.package_identification:_identify(src/motor_tests) by extensions ['ignore', 'ignore_ament_install']
[1.776s] Level 1:colcon.colcon_core.package_identification:_identify(src/motor_tests) by extension 'ignore'
[1.776s] Level 1:colcon.colcon_core.package_identification:_identify(src/motor_tests) by extension 'ignore_ament_install'
[1.777s] Level 1:colcon.colcon_core.package_identification:_identify(src/motor_tests) by extensions ['colcon_pkg']
[1.777s] Level 1:colcon.colcon_core.package_identification:_identify(src/motor_tests) by extension 'colcon_pkg'
[1.777s] Level 1:colcon.colcon_core.package_identification:_identify(src/motor_tests) by extensions ['colcon_meta']
[1.777s] Level 1:colcon.colcon_core.package_identification:_identify(src/motor_tests) by extension 'colcon_meta'
[1.777s] Level 1:colcon.colcon_core.package_identification:_identify(src/motor_tests) by extensions ['ros']
[1.777s] Level 1:colcon.colcon_core.package_identification:_identify(src/motor_tests) by extension 'ros'
[1.786s] DEBUG:colcon.colcon_core.package_identification:Package 'src/motor_tests' with type 'ros.ament_python' and name 'motor_tests'
[1.787s] Level 1:colcon.colcon_core.package_discovery:discover_packages(recursive) using defaults
[1.787s] Level 1:colcon.colcon_core.package_discovery:discover_packages(ignore) discover
[1.787s] Level 1:colcon.colcon_core.package_discovery:discover_packages(ignore) using defaults
[1.787s] Level 1:colcon.colcon_core.package_discovery:discover_packages(path) discover
[1.787s] Level 1:colcon.colcon_core.package_discovery:discover_packages(path) using defaults
[1.902s] Level 1:colcon.colcon_core.package_discovery:discover_packages(prefix_path) check parameters
[1.902s] Level 1:colcon.colcon_core.package_discovery:discover_packages(prefix_path) discover
[1.920s] DEBUG:colcon.colcon_installed_package_information.package_discovery:Found 1 installed packages in /home/ryan/treeclimber/install
[1.932s] DEBUG:colcon.colcon_installed_package_information.package_discovery:Found 270 installed packages in /opt/ros/humble
[1.939s] Level 1:colcon.colcon_core.package_discovery:discover_packages(prefix_path) using defaults
[2.201s] Level 5:colcon.colcon_core.verb:set package 'motor_tests' build argument 'cmake_args' from command line to 'None'
[2.201s] Level 5:colcon.colcon_core.verb:set package 'motor_tests' build argument 'cmake_target' from command line to 'None'
[2.202s] Level 5:colcon.colcon_core.verb:set package 'motor_tests' build argument 'cmake_target_skip_unavailable' from command line to 'False'
[2.202s] Level 5:colcon.colcon_core.verb:set package 'motor_tests' build argument 'cmake_clean_cache' from command line to 'False'
[2.202s] Level 5:colcon.colcon_core.verb:set package 'motor_tests' build argument 'cmake_clean_first' from command line to 'False'
[2.202s] Level 5:colcon.colcon_core.verb:set package 'motor_tests' build argument 'cmake_force_configure' from command line to 'False'
[2.202s] Level 5:colcon.colcon_core.verb:set package 'motor_tests' build argument 'ament_cmake_args' from command line to 'None'
[2.202s] Level 5:colcon.colcon_core.verb:set package 'motor_tests' build argument 'catkin_cmake_args' from command line to 'None'
[2.202s] Level 5:colcon.colcon_core.verb:set package 'motor_tests' build argument 'catkin_skip_building_tests' from command line to 'False'
[2.202s] DEBUG:colcon.colcon_core.verb:Building package 'motor_tests' with the following arguments: {'ament_cmake_args': None, 'build_base': '/home/ryan/treeclimber/build/motor_tests', 'catkin_cmake_args': None, 'catkin_skip_building_tests': False, 'cmake_args': None, 'cmake_clean_cache': False, 'cmake_clean_first': False, 'cmake_force_configure': False, 'cmake_target': None, 'cmake_target_skip_unavailable': False, 'install_base': '/home/ryan/treeclimber/install/motor_tests', 'merge_install': False, 'path': '/home/ryan/treeclimber/src/motor_tests', 'symlink_install': False, 'test_result_base': None}
[2.205s] INFO:colcon.colcon_core.executor:Executing jobs using 'parallel' executor
[2.220s] DEBUG:colcon.colcon_parallel_executor.executor.parallel:run_until_complete
[2.221s] INFO:colcon.colcon_ros.task.ament_python.build:Building ROS package in '/home/ryan/treeclimber/src/motor_tests' with build type 'ament_python'
[2.222s] Level 1:colcon.colcon_core.shell:create_environment_hook('motor_tests', 'ament_prefix_path')
[2.257s] INFO:colcon.colcon_core.plugin_system:Skipping extension 'colcon_core.shell.bat': Not used on non-Windows systems
[2.259s] INFO:colcon.colcon_core.shell:Creating environment hook '/home/ryan/treeclimber/install/motor_tests/share/motor_tests/hook/ament_prefix_path.ps1'
[2.266s] INFO:colcon.colcon_core.shell:Creating environment descriptor '/home/ryan/treeclimber/install/motor_tests/share/motor_tests/hook/ament_prefix_path.dsv'
[2.271s] INFO:colcon.colcon_core.shell:Creating environment hook '/home/ryan/treeclimber/install/motor_tests/share/motor_tests/hook/ament_prefix_path.sh'
[2.281s] INFO:colcon.colcon_core.shell:Skip shell extension 'powershell' for command environment: Not usable outside of PowerShell
[2.282s] DEBUG:colcon.colcon_core.shell:Skip shell extension 'dsv' for command environment
[3.536s] INFO:colcon.colcon_core.task.python.build:Building Python package in '/home/ryan/treeclimber/src/motor_tests'
[3.541s] INFO:colcon.colcon_core.shell:Skip shell extension 'powershell' for command environment: Not usable outside of PowerShell
[3.542s] DEBUG:colcon.colcon_core.shell:Skip shell extension 'dsv' for command environment
[5.243s] DEBUG:colcon.colcon_core.event_handler.log_command:Invoking command in '/home/ryan/treeclimber/src/motor_tests': PYTHONPATH=/home/ryan/treeclimber/build/motor_tests/prefix_override:/home/ryan/treeclimber/install/motor_tests/lib/python3.10/site-packages:${PYTHONPATH} /usr/bin/python3 setup.py egg_info --egg-base ../../build/motor_tests build --build-base /home/ryan/treeclimber/build/motor_tests/build install --record /home/ryan/treeclimber/build/motor_tests/install.log --single-version-externally-managed
[6.675s] DEBUG:colcon.colcon_core.event_handler.log_command:Invoked command in '/home/ryan/treeclimber/src/motor_tests' returned '0': PYTHONPATH=/home/ryan/treeclimber/build/motor_tests/prefix_override:/home/ryan/treeclimber/install/motor_tests/lib/python3.10/site-packages:${PYTHONPATH} /usr/bin/python3 setup.py egg_info --egg-base ../../build/motor_tests build --build-base /home/ryan/treeclimber/build/motor_tests/build install --record /home/ryan/treeclimber/build/motor_tests/install.log --single-version-externally-managed
[6.869s] Level 1:colcon.colcon_core.environment:checking '/home/ryan/treeclimber/install/motor_tests' for CMake module files
[6.875s] Level 1:colcon.colcon_core.environment:checking '/home/ryan/treeclimber/install/motor_tests' for CMake config files
[6.882s] Level 1:colcon.colcon_core.environment:checking '/home/ryan/treeclimber/install/motor_tests/lib'
[6.883s] Level 1:colcon.colcon_core.environment:checking '/home/ryan/treeclimber/install/motor_tests/bin'
[6.883s] Level 1:colcon.colcon_core.environment:checking '/home/ryan/treeclimber/install/motor_tests/lib/pkgconfig/motor_tests.pc'
[6.885s] Level 1:colcon.colcon_core.environment:checking '/home/ryan/treeclimber/install/motor_tests/lib/python3.10/site-packages'
[6.885s] Level 1:colcon.colcon_core.shell:create_environment_hook('motor_tests', 'pythonpath')
[6.891s] INFO:colcon.colcon_core.shell:Creating environment hook '/home/ryan/treeclimber/install/motor_tests/share/motor_tests/hook/pythonpath.ps1'
[6.893s] INFO:colcon.colcon_core.shell:Creating environment descriptor '/home/ryan/treeclimber/install/motor_tests/share/motor_tests/hook/pythonpath.dsv'
[6.897s] INFO:colcon.colcon_core.shell:Creating environment hook '/home/ryan/treeclimber/install/motor_tests/share/motor_tests/hook/pythonpath.sh'
[6.900s] Level 1:colcon.colcon_core.environment:checking '/home/ryan/treeclimber/install/motor_tests/bin'
[6.901s] Level 1:colcon.colcon_core.environment:create_environment_scripts_only(motor_tests)
[6.906s] INFO:colcon.colcon_core.shell:Creating package script '/home/ryan/treeclimber/install/motor_tests/share/motor_tests/package.ps1'
[6.916s] INFO:colcon.colcon_core.shell:Creating package descriptor '/home/ryan/treeclimber/install/motor_tests/share/motor_tests/package.dsv'
[6.959s] INFO:colcon.colcon_core.shell:Creating package script '/home/ryan/treeclimber/install/motor_tests/share/motor_tests/package.sh'
[6.973s] INFO:colcon.colcon_core.shell:Creating package script '/home/ryan/treeclimber/install/motor_tests/share/motor_tests/package.bash'
[6.985s] INFO:colcon.colcon_core.shell:Creating package script '/home/ryan/treeclimber/install/motor_tests/share/motor_tests/package.zsh'
[7.001s] Level 1:colcon.colcon_core.environment:create_file_with_runtime_dependencies(/home/ryan/treeclimber/install/motor_tests/share/colcon-core/packages/motor_tests)
[7.003s] DEBUG:colcon.colcon_parallel_executor.executor.parallel:closing loop
[7.004s] DEBUG:colcon.colcon_parallel_executor.executor.parallel:loop closed
[7.005s] DEBUG:colcon.colcon_parallel_executor.executor.parallel:run_until_complete finished with '0'
[7.006s] DEBUG:colcon.colcon_core.event_reactor:joining thread
[7.083s] INFO:colcon.colcon_core.plugin_system:Skipping extension 'colcon_notification.desktop_notification.terminal_notifier': Not used on non-Darwin systems
[7.083s] INFO:colcon.colcon_core.plugin_system:Skipping extension 'colcon_notification.desktop_notification.win32': Not used on non-Windows systems
[7.083s] INFO:colcon.colcon_notification.desktop_notification:Sending desktop notification using 'notify2'
[7.156s] DEBUG:colcon.colcon_core.event_reactor:joined thread
[7.164s] INFO:colcon.colcon_core.shell:Creating prefix script '/home/ryan/treeclimber/install/local_setup.ps1'
[7.169s] INFO:colcon.colcon_core.shell:Creating prefix util module '/home/ryan/treeclimber/install/_local_setup_util_ps1.py'
[7.185s] INFO:colcon.colcon_core.shell:Creating prefix chain script '/home/ryan/treeclimber/install/setup.ps1'
[7.193s] INFO:colcon.colcon_core.shell:Creating prefix script '/home/ryan/treeclimber/install/local_setup.sh'
[7.199s] INFO:colcon.colcon_core.shell:Creating prefix util module '/home/ryan/treeclimber/install/_local_setup_util_sh.py'
[7.205s] INFO:colcon.colcon_core.shell:Creating prefix chain script '/home/ryan/treeclimber/install/setup.sh'
[7.217s] INFO:colcon.colcon_core.shell:Creating prefix script '/home/ryan/treeclimber/install/local_setup.bash'
[7.222s] INFO:colcon.colcon_core.shell:Creating prefix chain script '/home/ryan/treeclimber/install/setup.bash'
[7.230s] INFO:colcon.colcon_core.shell:Creating prefix script '/home/ryan/treeclimber/install/local_setup.zsh'
[7.235s] INFO:colcon.colcon_core.shell:Creating prefix chain script '/home/ryan/treeclimber/install/setup.zsh'
