[1.486s] DEBUG:colcon:Command line arguments: ['/usr/bin/colcon', 'build']
[1.487s] DEBUG:colcon:Parsed command line arguments: Namespace(log_base=None, log_level=None, verb_name='build', build_base='build', install_base='install', merge_install=False, symlink_install=False, test_result_base=None, continue_on_error=False, executor='parallel', parallel_workers=4, event_handlers=None, ignore_user_meta=False, metas=['./colcon.meta'], base_paths=['.'], packages_ignore=None, packages_ignore_regex=None, paths=None, packages_up_to=None, packages_up_to_regex=None, packages_above=None, packages_above_and_dependencies=None, packages_above_depth=None, packages_select_by_dep=None, packages_skip_by_dep=None, packages_skip_up_to=None, packages_select_build_failed=False, packages_skip_build_finished=False, packages_select_test_failures=False, packages_skip_test_passed=False, packages_select=None, packages_skip=None, packages_select_regex=None, packages_skip_regex=None, packages_start=None, packages_end=None, allow_overriding=[], cmake_args=None, cmake_target=None, cmake_target_skip_unavailable=False, cmake_clean_cache=False, cmake_clean_first=False, cmake_force_configure=False, ament_cmake_args=None, catkin_cmake_args=None, catkin_skip_building_tests=False, verb_parser=<colcon_defaults.argument_parser.defaults.DefaultArgumentsDecorator object at 0xffff95677430>, verb_extension=<colcon_core.verb.build.BuildVerb object at 0xffff95f169b0>, main=<bound method BuildVerb.main of <colcon_core.verb.build.BuildVerb object at 0xffff95f169b0>>)
[1.677s] Level 1:colcon.colcon_core.package_discovery:discover_packages(colcon_meta) check parameters
[1.678s] Level 1:colcon.colcon_core.package_discovery:discover_packages(recursive) check parameters
[1.678s] Level 1:colcon.colcon_core.package_discovery:discover_packages(ignore) check parameters
[1.678s] Level 1:colcon.colcon_core.package_discovery:discover_packages(path) check parameters
[1.678s] Level 1:colcon.colcon_core.package_discovery:discover_packages(colcon_meta) discover
[1.678s] Level 1:colcon.colcon_core.package_discovery:discover_packages(recursive) discover
[1.678s] INFO:colcon.colcon_core.package_discovery:Crawling recursively for packages in '/home/ryan/treeclimber'
[1.679s] Level 1:colcon.colcon_core.package_identification:_identify(.) by extensions ['ignore', 'ignore_ament_install']
[1.679s] Level 1:colcon.colcon_core.package_identification:_identify(.) by extension 'ignore'
[1.679s] Level 1:colcon.colcon_core.package_identification:_identify(.) by extension 'ignore_ament_install'
[1.680s] Level 1:colcon.colcon_core.package_identification:_identify(.) by extensions ['colcon_pkg']
[1.680s] Level 1:colcon.colcon_core.package_identification:_identify(.) by extension 'colcon_pkg'
[1.680s] Level 1:colcon.colcon_core.package_identification:_identify(.) by extensions ['colcon_meta']
[1.680s] Level 1:colcon.colcon_core.package_identification:_identify(.) by extension 'colcon_meta'
[1.680s] Level 1:colcon.colcon_core.package_identification:_identify(.) by extensions ['ros']
[1.680s] Level 1:colcon.colcon_core.package_identification:_identify(.) by extension 'ros'
[1.725s] Level 1:colcon.colcon_core.package_identification:_identify(.) by extensions ['cmake', 'python']
[1.725s] Level 1:colcon.colcon_core.package_identification:_identify(.) by extension 'cmake'
[1.725s] Level 1:colcon.colcon_core.package_identification:_identify(.) by extension 'python'
[1.726s] Level 1:colcon.colcon_core.package_identification:_identify(.) by extensions ['python_setup_py']
[1.726s] Level 1:colcon.colcon_core.package_identification:_identify(.) by extension 'python_setup_py'
[1.726s] Level 1:colcon.colcon_core.package_identification:_identify(build) by extensions ['ignore', 'ignore_ament_install']
[1.727s] Level 1:colcon.colcon_core.package_identification:_identify(build) by extension 'ignore'
[1.727s] Level 1:colcon.colcon_core.package_identification:_identify(build) ignored
[1.727s] Level 1:colcon.colcon_core.package_identification:_identify(install) by extensions ['ignore', 'ignore_ament_install']
[1.728s] Level 1:colcon.colcon_core.package_identification:_identify(install) by extension 'ignore'
[1.728s] Level 1:colcon.colcon_core.package_identification:_identify(install) ignored
[1.728s] Level 1:colcon.colcon_core.package_identification:_identify(log) by extensions ['ignore', 'ignore_ament_install']
[1.728s] Level 1:colcon.colcon_core.package_identification:_identify(log) by extension 'ignore'
[1.729s] Level 1:colcon.colcon_core.package_identification:_identify(log) ignored
[1.729s] Level 1:colcon.colcon_core.package_identification:_identify(src) by extensions ['ignore', 'ignore_ament_install']
[1.729s] Level 1:colcon.colcon_core.package_identification:_identify(src) by extension 'ignore'
[1.729s] Level 1:colcon.colcon_core.package_identification:_identify(src) by extension 'ignore_ament_install'
[1.730s] Level 1:colcon.colcon_core.package_identification:_identify(src) by extensions ['colcon_pkg']
[1.730s] Level 1:colcon.colcon_core.package_identification:_identify(src) by extension 'colcon_pkg'
[1.730s] Level 1:colcon.colcon_core.package_identification:_identify(src) by extensions ['colcon_meta']
[1.730s] Level 1:colcon.colcon_core.package_identification:_identify(src) by extension 'colcon_meta'
[1.730s] Level 1:colcon.colcon_core.package_identification:_identify(src) by extensions ['ros']
[1.730s] Level 1:colcon.colcon_core.package_identification:_identify(src) by extension 'ros'
[1.731s] Level 1:colcon.colcon_core.package_identification:_identify(src) by extensions ['cmake', 'python']
[1.731s] Level 1:colcon.colcon_core.package_identification:_identify(src) by extension 'cmake'
[1.731s] Level 1:colcon.colcon_core.package_identification:_identify(src) by extension 'python'
[1.731s] Level 1:colcon.colcon_core.package_identification:_identify(src) by extensions ['python_setup_py']
[1.731s] Level 1:colcon.colcon_core.package_identification:_identify(src) by extension 'python_setup_py'
[1.732s] Level 1:colcon.colcon_core.package_identification:_identify(src/body_control) by extensions ['ignore', 'ignore_ament_install']
[1.732s] Level 1:colcon.colcon_core.package_identification:_identify(src/body_control) by extension 'ignore'
[1.732s] Level 1:colcon.colcon_core.package_identification:_identify(src/body_control) by extension 'ignore_ament_install'
[1.732s] Level 1:colcon.colcon_core.package_identification:_identify(src/body_control) by extensions ['colcon_pkg']
[1.732s] Level 1:colcon.colcon_core.package_identification:_identify(src/body_control) by extension 'colcon_pkg'
[1.732s] Level 1:colcon.colcon_core.package_identification:_identify(src/body_control) by extensions ['colcon_meta']
[1.733s] Level 1:colcon.colcon_core.package_identification:_identify(src/body_control) by extension 'colcon_meta'
[1.733s] Level 1:colcon.colcon_core.package_identification:_identify(src/body_control) by extensions ['ros']
[1.733s] Level 1:colcon.colcon_core.package_identification:_identify(src/body_control) by extension 'ros'
[1.744s] DEBUG:colcon.colcon_core.package_identification:Package 'src/body_control' with type 'ros.ament_python' and name 'body_control'
[1.744s] Level 1:colcon.colcon_core.package_identification:_identify(src/drive_arms) by extensions ['ignore', 'ignore_ament_install']
[1.745s] Level 1:colcon.colcon_core.package_identification:_identify(src/drive_arms) by extension 'ignore'
[1.745s] Level 1:colcon.colcon_core.package_identification:_identify(src/drive_arms) by extension 'ignore_ament_install'
[1.745s] Level 1:colcon.colcon_core.package_identification:_identify(src/drive_arms) by extensions ['colcon_pkg']
[1.745s] Level 1:colcon.colcon_core.package_identification:_identify(src/drive_arms) by extension 'colcon_pkg'
[1.745s] Level 1:colcon.colcon_core.package_identification:_identify(src/drive_arms) by extensions ['colcon_meta']
[1.746s] Level 1:colcon.colcon_core.package_identification:_identify(src/drive_arms) by extension 'colcon_meta'
[1.746s] Level 1:colcon.colcon_core.package_identification:_identify(src/drive_arms) by extensions ['ros']
[1.746s] Level 1:colcon.colcon_core.package_identification:_identify(src/drive_arms) by extension 'ros'
[1.749s] DEBUG:colcon.colcon_core.package_identification:Package 'src/drive_arms' with type 'ros.ament_python' and name 'drive_arms'
[1.750s] Level 1:colcon.colcon_core.package_identification:_identify(src/motor_tests) by extensions ['ignore', 'ignore_ament_install']
[1.750s] Level 1:colcon.colcon_core.package_identification:_identify(src/motor_tests) by extension 'ignore'
[1.750s] Level 1:colcon.colcon_core.package_identification:_identify(src/motor_tests) by extension 'ignore_ament_install'
[1.751s] Level 1:colcon.colcon_core.package_identification:_identify(src/motor_tests) by extensions ['colcon_pkg']
[1.751s] Level 1:colcon.colcon_core.package_identification:_identify(src/motor_tests) by extension 'colcon_pkg'
[1.751s] Level 1:colcon.colcon_core.package_identification:_identify(src/motor_tests) by extensions ['colcon_meta']
[1.751s] Level 1:colcon.colcon_core.package_identification:_identify(src/motor_tests) by extension 'colcon_meta'
[1.751s] Level 1:colcon.colcon_core.package_identification:_identify(src/motor_tests) by extensions ['ros']
[1.752s] Level 1:colcon.colcon_core.package_identification:_identify(src/motor_tests) by extension 'ros'
[1.754s] DEBUG:colcon.colcon_core.package_identification:Package 'src/motor_tests' with type 'ros.ament_python' and name 'motor_tests'
[1.755s] Level 1:colcon.colcon_core.package_discovery:discover_packages(recursive) using defaults
[1.755s] Level 1:colcon.colcon_core.package_discovery:discover_packages(ignore) discover
[1.755s] Level 1:colcon.colcon_core.package_discovery:discover_packages(ignore) using defaults
[1.755s] Level 1:colcon.colcon_core.package_discovery:discover_packages(path) discover
[1.755s] Level 1:colcon.colcon_core.package_discovery:discover_packages(path) using defaults
[1.859s] Level 1:colcon.colcon_core.package_discovery:discover_packages(prefix_path) check parameters
[1.860s] Level 1:colcon.colcon_core.package_discovery:discover_packages(prefix_path) discover
[1.877s] DEBUG:colcon.colcon_installed_package_information.package_discovery:Found 2 installed packages in /home/ryan/treeclimber/install
[1.888s] DEBUG:colcon.colcon_installed_package_information.package_discovery:Found 270 installed packages in /opt/ros/humble
[1.894s] Level 1:colcon.colcon_core.package_discovery:discover_packages(prefix_path) using defaults
[2.127s] Level 5:colcon.colcon_core.verb:set package 'body_control' build argument 'cmake_args' from command line to 'None'
[2.128s] Level 5:colcon.colcon_core.verb:set package 'body_control' build argument 'cmake_target' from command line to 'None'
[2.128s] Level 5:colcon.colcon_core.verb:set package 'body_control' build argument 'cmake_target_skip_unavailable' from command line to 'False'
[2.128s] Level 5:colcon.colcon_core.verb:set package 'body_control' build argument 'cmake_clean_cache' from command line to 'False'
[2.128s] Level 5:colcon.colcon_core.verb:set package 'body_control' build argument 'cmake_clean_first' from command line to 'False'
[2.128s] Level 5:colcon.colcon_core.verb:set package 'body_control' build argument 'cmake_force_configure' from command line to 'False'
[2.128s] Level 5:colcon.colcon_core.verb:set package 'body_control' build argument 'ament_cmake_args' from command line to 'None'
[2.128s] Level 5:colcon.colcon_core.verb:set package 'body_control' build argument 'catkin_cmake_args' from command line to 'None'
[2.128s] Level 5:colcon.colcon_core.verb:set package 'body_control' build argument 'catkin_skip_building_tests' from command line to 'False'
[2.128s] DEBUG:colcon.colcon_core.verb:Building package 'body_control' with the following arguments: {'ament_cmake_args': None, 'build_base': '/home/ryan/treeclimber/build/body_control', 'catkin_cmake_args': None, 'catkin_skip_building_tests': False, 'cmake_args': None, 'cmake_clean_cache': False, 'cmake_clean_first': False, 'cmake_force_configure': False, 'cmake_target': None, 'cmake_target_skip_unavailable': False, 'install_base': '/home/ryan/treeclimber/install/body_control', 'merge_install': False, 'path': '/home/ryan/treeclimber/src/body_control', 'symlink_install': False, 'test_result_base': None}
[2.132s] Level 5:colcon.colcon_core.verb:set package 'drive_arms' build argument 'cmake_args' from command line to 'None'
[2.132s] Level 5:colcon.colcon_core.verb:set package 'drive_arms' build argument 'cmake_target' from command line to 'None'
[2.132s] Level 5:colcon.colcon_core.verb:set package 'drive_arms' build argument 'cmake_target_skip_unavailable' from command line to 'False'
[2.133s] Level 5:colcon.colcon_core.verb:set package 'drive_arms' build argument 'cmake_clean_cache' from command line to 'False'
[2.133s] Level 5:colcon.colcon_core.verb:set package 'drive_arms' build argument 'cmake_clean_first' from command line to 'False'
[2.133s] Level 5:colcon.colcon_core.verb:set package 'drive_arms' build argument 'cmake_force_configure' from command line to 'False'
[2.133s] Level 5:colcon.colcon_core.verb:set package 'drive_arms' build argument 'ament_cmake_args' from command line to 'None'
[2.133s] Level 5:colcon.colcon_core.verb:set package 'drive_arms' build argument 'catkin_cmake_args' from command line to 'None'
[2.133s] Level 5:colcon.colcon_core.verb:set package 'drive_arms' build argument 'catkin_skip_building_tests' from command line to 'False'
[2.133s] DEBUG:colcon.colcon_core.verb:Building package 'drive_arms' with the following arguments: {'ament_cmake_args': None, 'build_base': '/home/ryan/treeclimber/build/drive_arms', 'catkin_cmake_args': None, 'catkin_skip_building_tests': False, 'cmake_args': None, 'cmake_clean_cache': False, 'cmake_clean_first': False, 'cmake_force_configure': False, 'cmake_target': None, 'cmake_target_skip_unavailable': False, 'install_base': '/home/ryan/treeclimber/install/drive_arms', 'merge_install': False, 'path': '/home/ryan/treeclimber/src/drive_arms', 'symlink_install': False, 'test_result_base': None}
[2.137s] Level 5:colcon.colcon_core.verb:set package 'motor_tests' build argument 'cmake_args' from command line to 'None'
[2.137s] Level 5:colcon.colcon_core.verb:set package 'motor_tests' build argument 'cmake_target' from command line to 'None'
[2.137s] Level 5:colcon.colcon_core.verb:set package 'motor_tests' build argument 'cmake_target_skip_unavailable' from command line to 'False'
[2.137s] Level 5:colcon.colcon_core.verb:set package 'motor_tests' build argument 'cmake_clean_cache' from command line to 'False'
[2.137s] Level 5:colcon.colcon_core.verb:set package 'motor_tests' build argument 'cmake_clean_first' from command line to 'False'
[2.137s] Level 5:colcon.colcon_core.verb:set package 'motor_tests' build argument 'cmake_force_configure' from command line to 'False'
[2.137s] Level 5:colcon.colcon_core.verb:set package 'motor_tests' build argument 'ament_cmake_args' from command line to 'None'
[2.137s] Level 5:colcon.colcon_core.verb:set package 'motor_tests' build argument 'catkin_cmake_args' from command line to 'None'
[2.138s] Level 5:colcon.colcon_core.verb:set package 'motor_tests' build argument 'catkin_skip_building_tests' from command line to 'False'
[2.138s] DEBUG:colcon.colcon_core.verb:Building package 'motor_tests' with the following arguments: {'ament_cmake_args': None, 'build_base': '/home/ryan/treeclimber/build/motor_tests', 'catkin_cmake_args': None, 'catkin_skip_building_tests': False, 'cmake_args': None, 'cmake_clean_cache': False, 'cmake_clean_first': False, 'cmake_force_configure': False, 'cmake_target': None, 'cmake_target_skip_unavailable': False, 'install_base': '/home/ryan/treeclimber/install/motor_tests', 'merge_install': False, 'path': '/home/ryan/treeclimber/src/motor_tests', 'symlink_install': False, 'test_result_base': None}
[2.140s] INFO:colcon.colcon_core.executor:Executing jobs using 'parallel' executor
[2.154s] DEBUG:colcon.colcon_parallel_executor.executor.parallel:run_until_complete
[2.155s] INFO:colcon.colcon_ros.task.ament_python.build:Building ROS package in '/home/ryan/treeclimber/src/body_control' with build type 'ament_python'
[2.156s] Level 1:colcon.colcon_core.shell:create_environment_hook('body_control', 'ament_prefix_path')
[2.193s] INFO:colcon.colcon_core.plugin_system:Skipping extension 'colcon_core.shell.bat': Not used on non-Windows systems
[2.194s] INFO:colcon.colcon_core.shell:Creating environment hook '/home/ryan/treeclimber/install/body_control/share/body_control/hook/ament_prefix_path.ps1'
[2.198s] INFO:colcon.colcon_core.shell:Creating environment descriptor '/home/ryan/treeclimber/install/body_control/share/body_control/hook/ament_prefix_path.dsv'
[2.203s] INFO:colcon.colcon_core.shell:Creating environment hook '/home/ryan/treeclimber/install/body_control/share/body_control/hook/ament_prefix_path.sh'
[2.211s] INFO:colcon.colcon_core.shell:Skip shell extension 'powershell' for command environment: Not usable outside of PowerShell
[2.211s] DEBUG:colcon.colcon_core.shell:Skip shell extension 'dsv' for command environment
[2.235s] INFO:colcon.colcon_ros.task.ament_python.build:Building ROS package in '/home/ryan/treeclimber/src/drive_arms' with build type 'ament_python'
[2.235s] Level 1:colcon.colcon_core.shell:create_environment_hook('drive_arms', 'ament_prefix_path')
[2.241s] INFO:colcon.colcon_core.shell:Creating environment hook '/home/ryan/treeclimber/install/drive_arms/share/drive_arms/hook/ament_prefix_path.ps1'
[2.243s] INFO:colcon.colcon_core.shell:Creating environment descriptor '/home/ryan/treeclimber/install/drive_arms/share/drive_arms/hook/ament_prefix_path.dsv'
[2.245s] INFO:colcon.colcon_core.shell:Creating environment hook '/home/ryan/treeclimber/install/drive_arms/share/drive_arms/hook/ament_prefix_path.sh'
[2.254s] INFO:colcon.colcon_core.shell:Skip shell extension 'powershell' for command environment: Not usable outside of PowerShell
[2.255s] DEBUG:colcon.colcon_core.shell:Skip shell extension 'dsv' for command environment
[2.290s] INFO:colcon.colcon_ros.task.ament_python.build:Building ROS package in '/home/ryan/treeclimber/src/motor_tests' with build type 'ament_python'
[2.293s] Level 1:colcon.colcon_core.shell:create_environment_hook('motor_tests', 'ament_prefix_path')
[2.301s] INFO:colcon.colcon_core.shell:Creating environment hook '/home/ryan/treeclimber/install/motor_tests/share/motor_tests/hook/ament_prefix_path.ps1'
[2.305s] INFO:colcon.colcon_core.shell:Creating environment descriptor '/home/ryan/treeclimber/install/motor_tests/share/motor_tests/hook/ament_prefix_path.dsv'
[2.308s] INFO:colcon.colcon_core.shell:Creating environment hook '/home/ryan/treeclimber/install/motor_tests/share/motor_tests/hook/ament_prefix_path.sh'
[2.316s] INFO:colcon.colcon_core.shell:Skip shell extension 'powershell' for command environment: Not usable outside of PowerShell
[2.316s] DEBUG:colcon.colcon_core.shell:Skip shell extension 'dsv' for command environment
[3.445s] INFO:colcon.colcon_core.task.python.build:Building Python package in '/home/ryan/treeclimber/src/body_control'
[3.450s] INFO:colcon.colcon_core.shell:Skip shell extension 'powershell' for command environment: Not usable outside of PowerShell
[3.450s] DEBUG:colcon.colcon_core.shell:Skip shell extension 'dsv' for command environment
[4.543s] INFO:colcon.colcon_core.task.python.build:Building Python package in '/home/ryan/treeclimber/src/drive_arms'
[4.550s] INFO:colcon.colcon_core.shell:Skip shell extension 'powershell' for command environment: Not usable outside of PowerShell
[4.550s] DEBUG:colcon.colcon_core.shell:Skip shell extension 'dsv' for command environment
[5.659s] INFO:colcon.colcon_core.task.python.build:Building Python package in '/home/ryan/treeclimber/src/motor_tests'
[5.663s] INFO:colcon.colcon_core.shell:Skip shell extension 'powershell' for command environment: Not usable outside of PowerShell
[5.664s] DEBUG:colcon.colcon_core.shell:Skip shell extension 'dsv' for command environment
[7.874s] DEBUG:colcon.colcon_core.event_handler.log_command:Invoking command in '/home/ryan/treeclimber/src/motor_tests': PYTHONPATH=/home/ryan/treeclimber/build/motor_tests/prefix_override:/home/ryan/treeclimber/install/motor_tests/lib/python3.10/site-packages:${PYTHONPATH} /usr/bin/python3 setup.py egg_info --egg-base ../../build/motor_tests build --build-base /home/ryan/treeclimber/build/motor_tests/build install --record /home/ryan/treeclimber/build/motor_tests/install.log --single-version-externally-managed
[7.898s] DEBUG:colcon.colcon_core.event_handler.log_command:Invoking command in '/home/ryan/treeclimber/src/drive_arms': PYTHONPATH=/home/ryan/treeclimber/build/drive_arms/prefix_override:/home/ryan/treeclimber/install/drive_arms/lib/python3.10/site-packages:${PYTHONPATH} /usr/bin/python3 setup.py egg_info --egg-base ../../build/drive_arms build --build-base /home/ryan/treeclimber/build/drive_arms/build install --record /home/ryan/treeclimber/build/drive_arms/install.log --single-version-externally-managed
[7.916s] DEBUG:colcon.colcon_core.event_handler.log_command:Invoking command in '/home/ryan/treeclimber/src/body_control': PYTHONPATH=/home/ryan/treeclimber/build/body_control/prefix_override:/home/ryan/treeclimber/install/body_control/lib/python3.10/site-packages:${PYTHONPATH} /usr/bin/python3 setup.py egg_info --egg-base ../../build/body_control build --build-base /home/ryan/treeclimber/build/body_control/build install --record /home/ryan/treeclimber/build/body_control/install.log --single-version-externally-managed
[9.730s] DEBUG:colcon.colcon_core.event_handler.log_command:Invoked command in '/home/ryan/treeclimber/src/motor_tests' returned '0': PYTHONPATH=/home/ryan/treeclimber/build/motor_tests/prefix_override:/home/ryan/treeclimber/install/motor_tests/lib/python3.10/site-packages:${PYTHONPATH} /usr/bin/python3 setup.py egg_info --egg-base ../../build/motor_tests build --build-base /home/ryan/treeclimber/build/motor_tests/build install --record /home/ryan/treeclimber/build/motor_tests/install.log --single-version-externally-managed
[9.775s] Level 1:colcon.colcon_core.environment:checking '/home/ryan/treeclimber/install/motor_tests' for CMake module files
[9.777s] Level 1:colcon.colcon_core.environment:checking '/home/ryan/treeclimber/install/motor_tests' for CMake config files
[9.780s] Level 1:colcon.colcon_core.environment:checking '/home/ryan/treeclimber/install/motor_tests/lib'
[9.781s] Level 1:colcon.colcon_core.environment:checking '/home/ryan/treeclimber/install/motor_tests/bin'
[9.782s] Level 1:colcon.colcon_core.environment:checking '/home/ryan/treeclimber/install/motor_tests/lib/pkgconfig/motor_tests.pc'
[9.782s] Level 1:colcon.colcon_core.environment:checking '/home/ryan/treeclimber/install/motor_tests/lib/python3.10/site-packages'
[9.783s] Level 1:colcon.colcon_core.shell:create_environment_hook('motor_tests', 'pythonpath')
[9.787s] INFO:colcon.colcon_core.shell:Creating environment hook '/home/ryan/treeclimber/install/motor_tests/share/motor_tests/hook/pythonpath.ps1'
[9.789s] INFO:colcon.colcon_core.shell:Creating environment descriptor '/home/ryan/treeclimber/install/motor_tests/share/motor_tests/hook/pythonpath.dsv'
[9.791s] INFO:colcon.colcon_core.shell:Creating environment hook '/home/ryan/treeclimber/install/motor_tests/share/motor_tests/hook/pythonpath.sh'
[9.793s] Level 1:colcon.colcon_core.environment:checking '/home/ryan/treeclimber/install/motor_tests/bin'
[9.794s] Level 1:colcon.colcon_core.environment:create_environment_scripts_only(motor_tests)
[9.798s] INFO:colcon.colcon_core.shell:Creating package script '/home/ryan/treeclimber/install/motor_tests/share/motor_tests/package.ps1'
[9.802s] INFO:colcon.colcon_core.shell:Creating package descriptor '/home/ryan/treeclimber/install/motor_tests/share/motor_tests/package.dsv'
[9.805s] INFO:colcon.colcon_core.shell:Creating package script '/home/ryan/treeclimber/install/motor_tests/share/motor_tests/package.sh'
[9.809s] INFO:colcon.colcon_core.shell:Creating package script '/home/ryan/treeclimber/install/motor_tests/share/motor_tests/package.bash'
[9.812s] INFO:colcon.colcon_core.shell:Creating package script '/home/ryan/treeclimber/install/motor_tests/share/motor_tests/package.zsh'
[9.815s] Level 1:colcon.colcon_core.environment:create_file_with_runtime_dependencies(/home/ryan/treeclimber/install/motor_tests/share/colcon-core/packages/motor_tests)
[9.827s] Level 1:colcon.colcon_core.environment:checking '/home/ryan/treeclimber/install/drive_arms' for CMake module files
[9.830s] DEBUG:colcon.colcon_core.event_handler.log_command:Invoked command in '/home/ryan/treeclimber/src/drive_arms' returned '0': PYTHONPATH=/home/ryan/treeclimber/build/drive_arms/prefix_override:/home/ryan/treeclimber/install/drive_arms/lib/python3.10/site-packages:${PYTHONPATH} /usr/bin/python3 setup.py egg_info --egg-base ../../build/drive_arms build --build-base /home/ryan/treeclimber/build/drive_arms/build install --record /home/ryan/treeclimber/build/drive_arms/install.log --single-version-externally-managed
[9.832s] Level 1:colcon.colcon_core.environment:checking '/home/ryan/treeclimber/install/drive_arms' for CMake config files
[9.837s] Level 1:colcon.colcon_core.environment:checking '/home/ryan/treeclimber/install/drive_arms/lib'
[9.838s] Level 1:colcon.colcon_core.environment:checking '/home/ryan/treeclimber/install/drive_arms/bin'
[9.838s] Level 1:colcon.colcon_core.environment:checking '/home/ryan/treeclimber/install/drive_arms/lib/pkgconfig/drive_arms.pc'
[9.839s] Level 1:colcon.colcon_core.environment:checking '/home/ryan/treeclimber/install/drive_arms/lib/python3.10/site-packages'
[9.840s] Level 1:colcon.colcon_core.shell:create_environment_hook('drive_arms', 'pythonpath')
[9.845s] INFO:colcon.colcon_core.shell:Creating environment hook '/home/ryan/treeclimber/install/drive_arms/share/drive_arms/hook/pythonpath.ps1'
[9.848s] INFO:colcon.colcon_core.shell:Creating environment descriptor '/home/ryan/treeclimber/install/drive_arms/share/drive_arms/hook/pythonpath.dsv'
[9.851s] INFO:colcon.colcon_core.shell:Creating environment hook '/home/ryan/treeclimber/install/drive_arms/share/drive_arms/hook/pythonpath.sh'
[9.855s] Level 1:colcon.colcon_core.environment:checking '/home/ryan/treeclimber/install/drive_arms/bin'
[9.855s] Level 1:colcon.colcon_core.environment:create_environment_scripts_only(drive_arms)
[9.862s] INFO:colcon.colcon_core.shell:Creating package script '/home/ryan/treeclimber/install/drive_arms/share/drive_arms/package.ps1'
[9.865s] INFO:colcon.colcon_core.shell:Creating package descriptor '/home/ryan/treeclimber/install/drive_arms/share/drive_arms/package.dsv'
[9.868s] INFO:colcon.colcon_core.shell:Creating package script '/home/ryan/treeclimber/install/drive_arms/share/drive_arms/package.sh'
[10.029s] INFO:colcon.colcon_core.shell:Creating package script '/home/ryan/treeclimber/install/drive_arms/share/drive_arms/package.bash'
[10.033s] INFO:colcon.colcon_core.shell:Creating package script '/home/ryan/treeclimber/install/drive_arms/share/drive_arms/package.zsh'
[10.036s] Level 1:colcon.colcon_core.environment:create_file_with_runtime_dependencies(/home/ryan/treeclimber/install/drive_arms/share/colcon-core/packages/drive_arms)
[10.047s] Level 1:colcon.colcon_core.environment:checking '/home/ryan/treeclimber/install/body_control' for CMake module files
[10.051s] DEBUG:colcon.colcon_core.event_handler.log_command:Invoked command in '/home/ryan/treeclimber/src/body_control' returned '0': PYTHONPATH=/home/ryan/treeclimber/build/body_control/prefix_override:/home/ryan/treeclimber/install/body_control/lib/python3.10/site-packages:${PYTHONPATH} /usr/bin/python3 setup.py egg_info --egg-base ../../build/body_control build --build-base /home/ryan/treeclimber/build/body_control/build install --record /home/ryan/treeclimber/build/body_control/install.log --single-version-externally-managed
[10.051s] Level 1:colcon.colcon_core.environment:checking '/home/ryan/treeclimber/install/body_control' for CMake config files
[10.054s] Level 1:colcon.colcon_core.environment:checking '/home/ryan/treeclimber/install/body_control/lib'
[10.054s] Level 1:colcon.colcon_core.environment:checking '/home/ryan/treeclimber/install/body_control/bin'
[10.055s] Level 1:colcon.colcon_core.environment:checking '/home/ryan/treeclimber/install/body_control/lib/pkgconfig/body_control.pc'
[10.055s] Level 1:colcon.colcon_core.environment:checking '/home/ryan/treeclimber/install/body_control/lib/python3.10/site-packages'
[10.056s] Level 1:colcon.colcon_core.shell:create_environment_hook('body_control', 'pythonpath')
[10.060s] INFO:colcon.colcon_core.shell:Creating environment hook '/home/ryan/treeclimber/install/body_control/share/body_control/hook/pythonpath.ps1'
[10.174s] INFO:colcon.colcon_core.shell:Creating environment descriptor '/home/ryan/treeclimber/install/body_control/share/body_control/hook/pythonpath.dsv'
[10.177s] INFO:colcon.colcon_core.shell:Creating environment hook '/home/ryan/treeclimber/install/body_control/share/body_control/hook/pythonpath.sh'
[10.183s] Level 1:colcon.colcon_core.environment:checking '/home/ryan/treeclimber/install/body_control/bin'
[10.184s] Level 1:colcon.colcon_core.environment:create_environment_scripts_only(body_control)
[10.193s] INFO:colcon.colcon_core.shell:Creating package script '/home/ryan/treeclimber/install/body_control/share/body_control/package.ps1'
[10.195s] INFO:colcon.colcon_core.shell:Creating package descriptor '/home/ryan/treeclimber/install/body_control/share/body_control/package.dsv'
[10.197s] INFO:colcon.colcon_core.shell:Creating package script '/home/ryan/treeclimber/install/body_control/share/body_control/package.sh'
[10.199s] INFO:colcon.colcon_core.shell:Creating package script '/home/ryan/treeclimber/install/body_control/share/body_control/package.bash'
[10.200s] INFO:colcon.colcon_core.shell:Creating package script '/home/ryan/treeclimber/install/body_control/share/body_control/package.zsh'
[10.201s] Level 1:colcon.colcon_core.environment:create_file_with_runtime_dependencies(/home/ryan/treeclimber/install/body_control/share/colcon-core/packages/body_control)
[10.202s] DEBUG:colcon.colcon_parallel_executor.executor.parallel:closing loop
[10.203s] DEBUG:colcon.colcon_parallel_executor.executor.parallel:loop closed
[10.203s] DEBUG:colcon.colcon_parallel_executor.executor.parallel:run_until_complete finished with '0'
[10.204s] DEBUG:colcon.colcon_core.event_reactor:joining thread
[10.302s] INFO:colcon.colcon_core.plugin_system:Skipping extension 'colcon_notification.desktop_notification.terminal_notifier': Not used on non-Darwin systems
[10.302s] INFO:colcon.colcon_core.plugin_system:Skipping extension 'colcon_notification.desktop_notification.win32': Not used on non-Windows systems
[10.302s] INFO:colcon.colcon_notification.desktop_notification:Sending desktop notification using 'notify2'
[10.396s] DEBUG:colcon.colcon_core.event_reactor:joined thread
[10.405s] INFO:colcon.colcon_core.shell:Creating prefix script '/home/ryan/treeclimber/install/local_setup.ps1'
[10.411s] INFO:colcon.colcon_core.shell:Creating prefix util module '/home/ryan/treeclimber/install/_local_setup_util_ps1.py'
[10.420s] INFO:colcon.colcon_core.shell:Creating prefix chain script '/home/ryan/treeclimber/install/setup.ps1'
[10.432s] INFO:colcon.colcon_core.shell:Creating prefix script '/home/ryan/treeclimber/install/local_setup.sh'
[10.438s] INFO:colcon.colcon_core.shell:Creating prefix util module '/home/ryan/treeclimber/install/_local_setup_util_sh.py'
[10.444s] INFO:colcon.colcon_core.shell:Creating prefix chain script '/home/ryan/treeclimber/install/setup.sh'
[10.454s] INFO:colcon.colcon_core.shell:Creating prefix script '/home/ryan/treeclimber/install/local_setup.bash'
[10.458s] INFO:colcon.colcon_core.shell:Creating prefix chain script '/home/ryan/treeclimber/install/setup.bash'
[10.468s] INFO:colcon.colcon_core.shell:Creating prefix script '/home/ryan/treeclimber/install/local_setup.zsh'
[10.472s] INFO:colcon.colcon_core.shell:Creating prefix chain script '/home/ryan/treeclimber/install/setup.zsh'
