[4.933s] Invoking command in '/home/ryan/treeclimber/src/tail_control': PYTHONPATH=/home/ryan/treeclimber/build/tail_control/prefix_override:/home/ryan/treeclimber/install/tail_control/lib/python3.10/site-packages:${PYTHONPATH} /usr/bin/python3 setup.py egg_info --egg-base ../../build/tail_control build --build-base /home/ryan/treeclimber/build/tail_control/build install --record /home/ryan/treeclimber/build/tail_control/install.log --single-version-externally-managed
[6.657s] running egg_info
[6.661s] writing ../../build/tail_control/tail_control.egg-info/PKG-INFO
[6.663s] writing dependency_links to ../../build/tail_control/tail_control.egg-info/dependency_links.txt
[6.665s] writing entry points to ../../build/tail_control/tail_control.egg-info/entry_points.txt
[6.666s] writing requirements to ../../build/tail_control/tail_control.egg-info/requires.txt
[6.667s] writing top-level names to ../../build/tail_control/tail_control.egg-info/top_level.txt
[6.685s] reading manifest file '../../build/tail_control/tail_control.egg-info/SOURCES.txt'
[6.689s] writing manifest file '../../build/tail_control/tail_control.egg-info/SOURCES.txt'
[6.690s] running build
[6.691s] running build_py
[6.693s] running install
[6.695s] /usr/lib/python3/dist-packages/setuptools/command/install.py:34: SetuptoolsDeprecationWarning: setup.py install is deprecated. Use build and pip and other standards-based tools.
[6.696s]   warnings.warn(
[6.696s] running install_lib
[6.702s] running install_data
[6.705s] running install_egg_info
[6.713s] removing '/home/ryan/treeclimber/install/tail_control/lib/python3.10/site-packages/tail_control-0.0.0-py3.10.egg-info' (and everything under it)
[6.715s] Copying ../../build/tail_control/tail_control.egg-info to /home/ryan/treeclimber/install/tail_control/lib/python3.10/site-packages/tail_control-0.0.0-py3.10.egg-info
[6.723s] running install_scripts
[6.828s] Installing killswitch_relay script to /home/ryan/treeclimber/install/tail_control/lib/tail_control
[6.830s] writing list of installed files to '/home/ryan/treeclimber/build/tail_control/install.log'
[7.007s] Invoked command in '/home/ryan/treeclimber/src/tail_control' returned '0': PYTHONPATH=/home/ryan/treeclimber/build/tail_control/prefix_override:/home/ryan/treeclimber/install/tail_control/lib/python3.10/site-packages:${PYTHONPATH} /usr/bin/python3 setup.py egg_info --egg-base ../../build/tail_control build --build-base /home/ryan/treeclimber/build/tail_control/build install --record /home/ryan/treeclimber/build/tail_control/install.log --single-version-externally-managed
