[4.006s] DEBUG:colcon:Command line arguments: ['/usr/bin/colcon', 'build']
[4.006s] DEBUG:colcon:Parsed command line arguments: Namespace(log_base=None, log_level=None, verb_name='build', build_base='build', install_base='install', merge_install=False, symlink_install=False, test_result_base=None, continue_on_error=False, executor='parallel', parallel_workers=4, event_handlers=None, ignore_user_meta=False, metas=['./colcon.meta'], base_paths=['.'], packages_ignore=None, packages_ignore_regex=None, paths=None, packages_up_to=None, packages_up_to_regex=None, packages_above=None, packages_above_and_dependencies=None, packages_above_depth=None, packages_select_by_dep=None, packages_skip_by_dep=None, packages_skip_up_to=None, packages_select_build_failed=False, packages_skip_build_finished=False, packages_select_test_failures=False, packages_skip_test_passed=False, packages_select=None, packages_skip=None, packages_select_regex=None, packages_skip_regex=None, packages_start=None, packages_end=None, allow_overriding=[], cmake_args=None, cmake_target=None, cmake_target_skip_unavailable=False, cmake_clean_cache=False, cmake_clean_first=False, cmake_force_configure=False, ament_cmake_args=None, catkin_cmake_args=None, catkin_skip_building_tests=False, verb_parser=<colcon_defaults.argument_parser.defaults.DefaultArgumentsDecorator object at 0xffff991438b0>, verb_extension=<colcon_core.verb.build.BuildVerb object at 0xffff994071c0>, main=<bound method BuildVerb.main of <colcon_core.verb.build.BuildVerb object at 0xffff994071c0>>)
[4.195s] Level 1:colcon.colcon_core.package_discovery:discover_packages(colcon_meta) check parameters
[4.196s] Level 1:colcon.colcon_core.package_discovery:discover_packages(recursive) check parameters
[4.196s] Level 1:colcon.colcon_core.package_discovery:discover_packages(ignore) check parameters
[4.196s] Level 1:colcon.colcon_core.package_discovery:discover_packages(path) check parameters
[4.196s] Level 1:colcon.colcon_core.package_discovery:discover_packages(colcon_meta) discover
[4.196s] Level 1:colcon.colcon_core.package_discovery:discover_packages(recursive) discover
[4.197s] INFO:colcon.colcon_core.package_discovery:Crawling recursively for packages in '/home/ryan/treeclimber'
[4.197s] Level 1:colcon.colcon_core.package_identification:_identify(.) by extensions ['ignore', 'ignore_ament_install']
[4.197s] Level 1:colcon.colcon_core.package_identification:_identify(.) by extension 'ignore'
[4.198s] Level 1:colcon.colcon_core.package_identification:_identify(.) by extension 'ignore_ament_install'
[4.198s] Level 1:colcon.colcon_core.package_identification:_identify(.) by extensions ['colcon_pkg']
[4.198s] Level 1:colcon.colcon_core.package_identification:_identify(.) by extension 'colcon_pkg'
[4.198s] Level 1:colcon.colcon_core.package_identification:_identify(.) by extensions ['colcon_meta']
[4.199s] Level 1:colcon.colcon_core.package_identification:_identify(.) by extension 'colcon_meta'
[4.199s] Level 1:colcon.colcon_core.package_identification:_identify(.) by extensions ['ros']
[4.199s] Level 1:colcon.colcon_core.package_identification:_identify(.) by extension 'ros'
[4.238s] Level 1:colcon.colcon_core.package_identification:_identify(.) by extensions ['cmake', 'python']
[4.239s] Level 1:colcon.colcon_core.package_identification:_identify(.) by extension 'cmake'
[4.239s] Level 1:colcon.colcon_core.package_identification:_identify(.) by extension 'python'
[4.239s] Level 1:colcon.colcon_core.package_identification:_identify(.) by extensions ['python_setup_py']
[4.239s] Level 1:colcon.colcon_core.package_identification:_identify(.) by extension 'python_setup_py'
[4.240s] Level 1:colcon.colcon_core.package_identification:_identify(build) by extensions ['ignore', 'ignore_ament_install']
[4.240s] Level 1:colcon.colcon_core.package_identification:_identify(build) by extension 'ignore'
[4.240s] Level 1:colcon.colcon_core.package_identification:_identify(build) ignored
[4.241s] Level 1:colcon.colcon_core.package_identification:_identify(install) by extensions ['ignore', 'ignore_ament_install']
[4.241s] Level 1:colcon.colcon_core.package_identification:_identify(install) by extension 'ignore'
[4.242s] Level 1:colcon.colcon_core.package_identification:_identify(install) ignored
[4.242s] Level 1:colcon.colcon_core.package_identification:_identify(log) by extensions ['ignore', 'ignore_ament_install']
[4.243s] Level 1:colcon.colcon_core.package_identification:_identify(log) by extension 'ignore'
[4.243s] Level 1:colcon.colcon_core.package_identification:_identify(log) ignored
[4.243s] Level 1:colcon.colcon_core.package_identification:_identify(src) by extensions ['ignore', 'ignore_ament_install']
[4.244s] Level 1:colcon.colcon_core.package_identification:_identify(src) by extension 'ignore'
[4.244s] Level 1:colcon.colcon_core.package_identification:_identify(src) by extension 'ignore_ament_install'
[4.244s] Level 1:colcon.colcon_core.package_identification:_identify(src) by extensions ['colcon_pkg']
[4.244s] Level 1:colcon.colcon_core.package_identification:_identify(src) by extension 'colcon_pkg'
[4.245s] Level 1:colcon.colcon_core.package_identification:_identify(src) by extensions ['colcon_meta']
[4.245s] Level 1:colcon.colcon_core.package_identification:_identify(src) by extension 'colcon_meta'
[4.245s] Level 1:colcon.colcon_core.package_identification:_identify(src) by extensions ['ros']
[4.245s] Level 1:colcon.colcon_core.package_identification:_identify(src) by extension 'ros'
[4.245s] Level 1:colcon.colcon_core.package_identification:_identify(src) by extensions ['cmake', 'python']
[4.245s] Level 1:colcon.colcon_core.package_identification:_identify(src) by extension 'cmake'
[4.246s] Level 1:colcon.colcon_core.package_identification:_identify(src) by extension 'python'
[4.246s] Level 1:colcon.colcon_core.package_identification:_identify(src) by extensions ['python_setup_py']
[4.246s] Level 1:colcon.colcon_core.package_identification:_identify(src) by extension 'python_setup_py'
[4.246s] Level 1:colcon.colcon_core.package_identification:_identify(src/body_control) by extensions ['ignore', 'ignore_ament_install']
[4.247s] Level 1:colcon.colcon_core.package_identification:_identify(src/body_control) by extension 'ignore'
[4.247s] Level 1:colcon.colcon_core.package_identification:_identify(src/body_control) by extension 'ignore_ament_install'
[4.247s] Level 1:colcon.colcon_core.package_identification:_identify(src/body_control) by extensions ['colcon_pkg']
[4.247s] Level 1:colcon.colcon_core.package_identification:_identify(src/body_control) by extension 'colcon_pkg'
[4.248s] Level 1:colcon.colcon_core.package_identification:_identify(src/body_control) by extensions ['colcon_meta']
[4.248s] Level 1:colcon.colcon_core.package_identification:_identify(src/body_control) by extension 'colcon_meta'
[4.248s] Level 1:colcon.colcon_core.package_identification:_identify(src/body_control) by extensions ['ros']
[4.248s] Level 1:colcon.colcon_core.package_identification:_identify(src/body_control) by extension 'ros'
[4.259s] DEBUG:colcon.colcon_core.package_identification:Package 'src/body_control' with type 'ros.ament_python' and name 'body_control'
[4.260s] Level 1:colcon.colcon_core.package_identification:_identify(src/drive_arms) by extensions ['ignore', 'ignore_ament_install']
[4.260s] Level 1:colcon.colcon_core.package_identification:_identify(src/drive_arms) by extension 'ignore'
[4.260s] Level 1:colcon.colcon_core.package_identification:_identify(src/drive_arms) by extension 'ignore_ament_install'
[4.261s] Level 1:colcon.colcon_core.package_identification:_identify(src/drive_arms) by extensions ['colcon_pkg']
[4.261s] Level 1:colcon.colcon_core.package_identification:_identify(src/drive_arms) by extension 'colcon_pkg'
[4.261s] Level 1:colcon.colcon_core.package_identification:_identify(src/drive_arms) by extensions ['colcon_meta']
[4.261s] Level 1:colcon.colcon_core.package_identification:_identify(src/drive_arms) by extension 'colcon_meta'
[4.261s] Level 1:colcon.colcon_core.package_identification:_identify(src/drive_arms) by extensions ['ros']
[4.261s] Level 1:colcon.colcon_core.package_identification:_identify(src/drive_arms) by extension 'ros'
[4.263s] DEBUG:colcon.colcon_core.package_identification:Package 'src/drive_arms' with type 'ros.ament_python' and name 'drive_arms'
[4.264s] Level 1:colcon.colcon_core.package_identification:_identify(src/motor_tests) by extensions ['ignore', 'ignore_ament_install']
[4.264s] Level 1:colcon.colcon_core.package_identification:_identify(src/motor_tests) by extension 'ignore'
[4.265s] Level 1:colcon.colcon_core.package_identification:_identify(src/motor_tests) by extension 'ignore_ament_install'
[4.265s] Level 1:colcon.colcon_core.package_identification:_identify(src/motor_tests) by extensions ['colcon_pkg']
[4.265s] Level 1:colcon.colcon_core.package_identification:_identify(src/motor_tests) by extension 'colcon_pkg'
[4.265s] Level 1:colcon.colcon_core.package_identification:_identify(src/motor_tests) by extensions ['colcon_meta']
[4.265s] Level 1:colcon.colcon_core.package_identification:_identify(src/motor_tests) by extension 'colcon_meta'
[4.265s] Level 1:colcon.colcon_core.package_identification:_identify(src/motor_tests) by extensions ['ros']
[4.266s] Level 1:colcon.colcon_core.package_identification:_identify(src/motor_tests) by extension 'ros'
[4.267s] DEBUG:colcon.colcon_core.package_identification:Package 'src/motor_tests' with type 'ros.ament_python' and name 'motor_tests'
[4.268s] Level 1:colcon.colcon_core.package_identification:_identify(src/tail_control) by extensions ['ignore', 'ignore_ament_install']
[4.269s] Level 1:colcon.colcon_core.package_identification:_identify(src/tail_control) by extension 'ignore'
[4.269s] Level 1:colcon.colcon_core.package_identification:_identify(src/tail_control) by extension 'ignore_ament_install'
[4.269s] Level 1:colcon.colcon_core.package_identification:_identify(src/tail_control) by extensions ['colcon_pkg']
[4.269s] Level 1:colcon.colcon_core.package_identification:_identify(src/tail_control) by extension 'colcon_pkg'
[4.269s] Level 1:colcon.colcon_core.package_identification:_identify(src/tail_control) by extensions ['colcon_meta']
[4.270s] Level 1:colcon.colcon_core.package_identification:_identify(src/tail_control) by extension 'colcon_meta'
[4.270s] Level 1:colcon.colcon_core.package_identification:_identify(src/tail_control) by extensions ['ros']
[4.270s] Level 1:colcon.colcon_core.package_identification:_identify(src/tail_control) by extension 'ros'
[4.272s] DEBUG:colcon.colcon_core.package_identification:Package 'src/tail_control' with type 'ros.ament_python' and name 'tail_control'
[4.272s] Level 1:colcon.colcon_core.package_discovery:discover_packages(recursive) using defaults
[4.272s] Level 1:colcon.colcon_core.package_discovery:discover_packages(ignore) discover
[4.273s] Level 1:colcon.colcon_core.package_discovery:discover_packages(ignore) using defaults
[4.273s] Level 1:colcon.colcon_core.package_discovery:discover_packages(path) discover
[4.273s] Level 1:colcon.colcon_core.package_discovery:discover_packages(path) using defaults
[4.633s] Level 1:colcon.colcon_core.package_discovery:discover_packages(prefix_path) check parameters
[4.633s] Level 1:colcon.colcon_core.package_discovery:discover_packages(prefix_path) discover
[4.752s] DEBUG:colcon.colcon_installed_package_information.package_discovery:Found 4 installed packages in /home/ryan/treeclimber/install
[4.819s] DEBUG:colcon.colcon_installed_package_information.package_discovery:Found 270 installed packages in /opt/ros/humble
[4.824s] Level 1:colcon.colcon_core.package_discovery:discover_packages(prefix_path) using defaults
[5.188s] Level 5:colcon.colcon_core.verb:set package 'body_control' build argument 'cmake_args' from command line to 'None'
[5.188s] Level 5:colcon.colcon_core.verb:set package 'body_control' build argument 'cmake_target' from command line to 'None'
[5.188s] Level 5:colcon.colcon_core.verb:set package 'body_control' build argument 'cmake_target_skip_unavailable' from command line to 'False'
[5.188s] Level 5:colcon.colcon_core.verb:set package 'body_control' build argument 'cmake_clean_cache' from command line to 'False'
[5.189s] Level 5:colcon.colcon_core.verb:set package 'body_control' build argument 'cmake_clean_first' from command line to 'False'
[5.189s] Level 5:colcon.colcon_core.verb:set package 'body_control' build argument 'cmake_force_configure' from command line to 'False'
[5.189s] Level 5:colcon.colcon_core.verb:set package 'body_control' build argument 'ament_cmake_args' from command line to 'None'
[5.189s] Level 5:colcon.colcon_core.verb:set package 'body_control' build argument 'catkin_cmake_args' from command line to 'None'
[5.189s] Level 5:colcon.colcon_core.verb:set package 'body_control' build argument 'catkin_skip_building_tests' from command line to 'False'
[5.189s] DEBUG:colcon.colcon_core.verb:Building package 'body_control' with the following arguments: {'ament_cmake_args': None, 'build_base': '/home/ryan/treeclimber/build/body_control', 'catkin_cmake_args': None, 'catkin_skip_building_tests': False, 'cmake_args': None, 'cmake_clean_cache': False, 'cmake_clean_first': False, 'cmake_force_configure': False, 'cmake_target': None, 'cmake_target_skip_unavailable': False, 'install_base': '/home/ryan/treeclimber/install/body_control', 'merge_install': False, 'path': '/home/ryan/treeclimber/src/body_control', 'symlink_install': False, 'test_result_base': None}
[5.246s] Level 5:colcon.colcon_core.verb:set package 'drive_arms' build argument 'cmake_args' from command line to 'None'
[5.246s] Level 5:colcon.colcon_core.verb:set package 'drive_arms' build argument 'cmake_target' from command line to 'None'
[5.246s] Level 5:colcon.colcon_core.verb:set package 'drive_arms' build argument 'cmake_target_skip_unavailable' from command line to 'False'
[5.246s] Level 5:colcon.colcon_core.verb:set package 'drive_arms' build argument 'cmake_clean_cache' from command line to 'False'
[5.246s] Level 5:colcon.colcon_core.verb:set package 'drive_arms' build argument 'cmake_clean_first' from command line to 'False'
[5.246s] Level 5:colcon.colcon_core.verb:set package 'drive_arms' build argument 'cmake_force_configure' from command line to 'False'
[5.247s] Level 5:colcon.colcon_core.verb:set package 'drive_arms' build argument 'ament_cmake_args' from command line to 'None'
[5.247s] Level 5:colcon.colcon_core.verb:set package 'drive_arms' build argument 'catkin_cmake_args' from command line to 'None'
[5.247s] Level 5:colcon.colcon_core.verb:set package 'drive_arms' build argument 'catkin_skip_building_tests' from command line to 'False'
[5.247s] DEBUG:colcon.colcon_core.verb:Building package 'drive_arms' with the following arguments: {'ament_cmake_args': None, 'build_base': '/home/ryan/treeclimber/build/drive_arms', 'catkin_cmake_args': None, 'catkin_skip_building_tests': False, 'cmake_args': None, 'cmake_clean_cache': False, 'cmake_clean_first': False, 'cmake_force_configure': False, 'cmake_target': None, 'cmake_target_skip_unavailable': False, 'install_base': '/home/ryan/treeclimber/install/drive_arms', 'merge_install': False, 'path': '/home/ryan/treeclimber/src/drive_arms', 'symlink_install': False, 'test_result_base': None}
[5.305s] Level 5:colcon.colcon_core.verb:set package 'motor_tests' build argument 'cmake_args' from command line to 'None'
[5.305s] Level 5:colcon.colcon_core.verb:set package 'motor_tests' build argument 'cmake_target' from command line to 'None'
[5.305s] Level 5:colcon.colcon_core.verb:set package 'motor_tests' build argument 'cmake_target_skip_unavailable' from command line to 'False'
[5.305s] Level 5:colcon.colcon_core.verb:set package 'motor_tests' build argument 'cmake_clean_cache' from command line to 'False'
[5.305s] Level 5:colcon.colcon_core.verb:set package 'motor_tests' build argument 'cmake_clean_first' from command line to 'False'
[5.305s] Level 5:colcon.colcon_core.verb:set package 'motor_tests' build argument 'cmake_force_configure' from command line to 'False'
[5.306s] Level 5:colcon.colcon_core.verb:set package 'motor_tests' build argument 'ament_cmake_args' from command line to 'None'
[5.306s] Level 5:colcon.colcon_core.verb:set package 'motor_tests' build argument 'catkin_cmake_args' from command line to 'None'
[5.306s] Level 5:colcon.colcon_core.verb:set package 'motor_tests' build argument 'catkin_skip_building_tests' from command line to 'False'
[5.306s] DEBUG:colcon.colcon_core.verb:Building package 'motor_tests' with the following arguments: {'ament_cmake_args': None, 'build_base': '/home/ryan/treeclimber/build/motor_tests', 'catkin_cmake_args': None, 'catkin_skip_building_tests': False, 'cmake_args': None, 'cmake_clean_cache': False, 'cmake_clean_first': False, 'cmake_force_configure': False, 'cmake_target': None, 'cmake_target_skip_unavailable': False, 'install_base': '/home/ryan/treeclimber/install/motor_tests', 'merge_install': False, 'path': '/home/ryan/treeclimber/src/motor_tests', 'symlink_install': False, 'test_result_base': None}
[5.366s] Level 5:colcon.colcon_core.verb:set package 'tail_control' build argument 'cmake_args' from command line to 'None'
[5.367s] Level 5:colcon.colcon_core.verb:set package 'tail_control' build argument 'cmake_target' from command line to 'None'
[5.367s] Level 5:colcon.colcon_core.verb:set package 'tail_control' build argument 'cmake_target_skip_unavailable' from command line to 'False'
[5.367s] Level 5:colcon.colcon_core.verb:set package 'tail_control' build argument 'cmake_clean_cache' from command line to 'False'
[5.367s] Level 5:colcon.colcon_core.verb:set package 'tail_control' build argument 'cmake_clean_first' from command line to 'False'
[5.367s] Level 5:colcon.colcon_core.verb:set package 'tail_control' build argument 'cmake_force_configure' from command line to 'False'
[5.367s] Level 5:colcon.colcon_core.verb:set package 'tail_control' build argument 'ament_cmake_args' from command line to 'None'
[5.367s] Level 5:colcon.colcon_core.verb:set package 'tail_control' build argument 'catkin_cmake_args' from command line to 'None'
[5.367s] Level 5:colcon.colcon_core.verb:set package 'tail_control' build argument 'catkin_skip_building_tests' from command line to 'False'
[5.368s] DEBUG:colcon.colcon_core.verb:Building package 'tail_control' with the following arguments: {'ament_cmake_args': None, 'build_base': '/home/ryan/treeclimber/build/tail_control', 'catkin_cmake_args': None, 'catkin_skip_building_tests': False, 'cmake_args': None, 'cmake_clean_cache': False, 'cmake_clean_first': False, 'cmake_force_configure': False, 'cmake_target': None, 'cmake_target_skip_unavailable': False, 'install_base': '/home/ryan/treeclimber/install/tail_control', 'merge_install': False, 'path': '/home/ryan/treeclimber/src/tail_control', 'symlink_install': False, 'test_result_base': None}
[5.423s] INFO:colcon.colcon_core.executor:Executing jobs using 'parallel' executor
[5.486s] DEBUG:colcon.colcon_parallel_executor.executor.parallel:run_until_complete
[5.487s] INFO:colcon.colcon_ros.task.ament_python.build:Building ROS package in '/home/ryan/treeclimber/src/body_control' with build type 'ament_python'
[5.487s] Level 1:colcon.colcon_core.shell:create_environment_hook('body_control', 'ament_prefix_path')
[5.568s] INFO:colcon.colcon_core.plugin_system:Skipping extension 'colcon_core.shell.bat': Not used on non-Windows systems
[5.569s] INFO:colcon.colcon_core.shell:Creating environment hook '/home/ryan/treeclimber/install/body_control/share/body_control/hook/ament_prefix_path.ps1'
[5.572s] INFO:colcon.colcon_core.shell:Creating environment descriptor '/home/ryan/treeclimber/install/body_control/share/body_control/hook/ament_prefix_path.dsv'
[5.574s] INFO:colcon.colcon_core.shell:Creating environment hook '/home/ryan/treeclimber/install/body_control/share/body_control/hook/ament_prefix_path.sh'
[5.663s] INFO:colcon.colcon_core.shell:Skip shell extension 'powershell' for command environment: Not usable outside of PowerShell
[5.664s] DEBUG:colcon.colcon_core.shell:Skip shell extension 'dsv' for command environment
[5.888s] INFO:colcon.colcon_ros.task.ament_python.build:Building ROS package in '/home/ryan/treeclimber/src/drive_arms' with build type 'ament_python'
[5.889s] Level 1:colcon.colcon_core.shell:create_environment_hook('drive_arms', 'ament_prefix_path')
[5.962s] INFO:colcon.colcon_core.shell:Creating environment hook '/home/ryan/treeclimber/install/drive_arms/share/drive_arms/hook/ament_prefix_path.ps1'
[5.964s] INFO:colcon.colcon_core.shell:Creating environment descriptor '/home/ryan/treeclimber/install/drive_arms/share/drive_arms/hook/ament_prefix_path.dsv'
[5.966s] INFO:colcon.colcon_core.shell:Creating environment hook '/home/ryan/treeclimber/install/drive_arms/share/drive_arms/hook/ament_prefix_path.sh'
[6.062s] INFO:colcon.colcon_core.shell:Skip shell extension 'powershell' for command environment: Not usable outside of PowerShell
[6.063s] DEBUG:colcon.colcon_core.shell:Skip shell extension 'dsv' for command environment
[6.273s] INFO:colcon.colcon_ros.task.ament_python.build:Building ROS package in '/home/ryan/treeclimber/src/motor_tests' with build type 'ament_python'
[6.274s] Level 1:colcon.colcon_core.shell:create_environment_hook('motor_tests', 'ament_prefix_path')
[6.367s] INFO:colcon.colcon_core.shell:Creating environment hook '/home/ryan/treeclimber/install/motor_tests/share/motor_tests/hook/ament_prefix_path.ps1'
[6.369s] INFO:colcon.colcon_core.shell:Creating environment descriptor '/home/ryan/treeclimber/install/motor_tests/share/motor_tests/hook/ament_prefix_path.dsv'
[6.371s] INFO:colcon.colcon_core.shell:Creating environment hook '/home/ryan/treeclimber/install/motor_tests/share/motor_tests/hook/ament_prefix_path.sh'
[6.445s] INFO:colcon.colcon_core.shell:Skip shell extension 'powershell' for command environment: Not usable outside of PowerShell
[6.445s] DEBUG:colcon.colcon_core.shell:Skip shell extension 'dsv' for command environment
[6.665s] INFO:colcon.colcon_ros.task.ament_python.build:Building ROS package in '/home/ryan/treeclimber/src/tail_control' with build type 'ament_python'
[6.666s] Level 1:colcon.colcon_core.shell:create_environment_hook('tail_control', 'ament_prefix_path')
[6.757s] INFO:colcon.colcon_core.shell:Creating environment hook '/home/ryan/treeclimber/install/tail_control/share/tail_control/hook/ament_prefix_path.ps1'
[6.762s] INFO:colcon.colcon_core.shell:Creating environment descriptor '/home/ryan/treeclimber/install/tail_control/share/tail_control/hook/ament_prefix_path.dsv'
[6.766s] INFO:colcon.colcon_core.shell:Creating environment hook '/home/ryan/treeclimber/install/tail_control/share/tail_control/hook/ament_prefix_path.sh'
[6.847s] INFO:colcon.colcon_core.shell:Skip shell extension 'powershell' for command environment: Not usable outside of PowerShell
[6.847s] DEBUG:colcon.colcon_core.shell:Skip shell extension 'dsv' for command environment
[8.295s] INFO:colcon.colcon_core.task.python.build:Building Python package in '/home/ryan/treeclimber/src/body_control'
[8.368s] INFO:colcon.colcon_core.shell:Skip shell extension 'powershell' for command environment: Not usable outside of PowerShell
[8.369s] DEBUG:colcon.colcon_core.shell:Skip shell extension 'dsv' for command environment
[9.749s] INFO:colcon.colcon_core.task.python.build:Building Python package in '/home/ryan/treeclimber/src/drive_arms'
[9.819s] INFO:colcon.colcon_core.shell:Skip shell extension 'powershell' for command environment: Not usable outside of PowerShell
[9.820s] DEBUG:colcon.colcon_core.shell:Skip shell extension 'dsv' for command environment
[11.214s] INFO:colcon.colcon_core.task.python.build:Building Python package in '/home/ryan/treeclimber/src/motor_tests'
[11.289s] INFO:colcon.colcon_core.shell:Skip shell extension 'powershell' for command environment: Not usable outside of PowerShell
[11.289s] DEBUG:colcon.colcon_core.shell:Skip shell extension 'dsv' for command environment
[12.669s] INFO:colcon.colcon_core.task.python.build:Building Python package in '/home/ryan/treeclimber/src/tail_control'
[12.739s] INFO:colcon.colcon_core.shell:Skip shell extension 'powershell' for command environment: Not usable outside of PowerShell
[12.739s] DEBUG:colcon.colcon_core.shell:Skip shell extension 'dsv' for command environment
[15.654s] DEBUG:colcon.colcon_core.event_handler.log_command:Invoking command in '/home/ryan/treeclimber/src/tail_control': PYTHONPATH=/home/ryan/treeclimber/build/tail_control/prefix_override:/home/ryan/treeclimber/install/tail_control/lib/python3.10/site-packages:${PYTHONPATH} /usr/bin/python3 setup.py egg_info --egg-base ../../build/tail_control build --build-base /home/ryan/treeclimber/build/tail_control/build install --record /home/ryan/treeclimber/build/tail_control/install.log --single-version-externally-managed
[15.731s] DEBUG:colcon.colcon_core.event_handler.log_command:Invoking command in '/home/ryan/treeclimber/src/body_control': PYTHONPATH=/home/ryan/treeclimber/build/body_control/prefix_override:/home/ryan/treeclimber/install/body_control/lib/python3.10/site-packages:${PYTHONPATH} /usr/bin/python3 setup.py egg_info --egg-base ../../build/body_control build --build-base /home/ryan/treeclimber/build/body_control/build install --record /home/ryan/treeclimber/build/body_control/install.log --single-version-externally-managed
[15.753s] DEBUG:colcon.colcon_core.event_handler.log_command:Invoking command in '/home/ryan/treeclimber/src/drive_arms': PYTHONPATH=/home/ryan/treeclimber/build/drive_arms/prefix_override:/home/ryan/treeclimber/install/drive_arms/lib/python3.10/site-packages:${PYTHONPATH} /usr/bin/python3 setup.py egg_info --egg-base ../../build/drive_arms build --build-base /home/ryan/treeclimber/build/drive_arms/build install --record /home/ryan/treeclimber/build/drive_arms/install.log --single-version-externally-managed
[15.866s] DEBUG:colcon.colcon_core.event_handler.log_command:Invoking command in '/home/ryan/treeclimber/src/motor_tests': PYTHONPATH=/home/ryan/treeclimber/build/motor_tests/prefix_override:/home/ryan/treeclimber/install/motor_tests/lib/python3.10/site-packages:${PYTHONPATH} /usr/bin/python3 setup.py egg_info --egg-base ../../build/motor_tests build --build-base /home/ryan/treeclimber/build/motor_tests/build install --record /home/ryan/treeclimber/build/motor_tests/install.log --single-version-externally-managed
[18.139s] DEBUG:colcon.colcon_core.event_handler.log_command:Invoked command in '/home/ryan/treeclimber/src/tail_control' returned '0': PYTHONPATH=/home/ryan/treeclimber/build/tail_control/prefix_override:/home/ryan/treeclimber/install/tail_control/lib/python3.10/site-packages:${PYTHONPATH} /usr/bin/python3 setup.py egg_info --egg-base ../../build/tail_control build --build-base /home/ryan/treeclimber/build/tail_control/build install --record /home/ryan/treeclimber/build/tail_control/install.log --single-version-externally-managed
[18.531s] Level 1:colcon.colcon_core.environment:checking '/home/ryan/treeclimber/install/tail_control' for CMake module files
[18.534s] Level 1:colcon.colcon_core.environment:checking '/home/ryan/treeclimber/install/tail_control' for CMake config files
[18.538s] Level 1:colcon.colcon_core.environment:checking '/home/ryan/treeclimber/install/tail_control/lib'
[18.539s] Level 1:colcon.colcon_core.environment:checking '/home/ryan/treeclimber/install/tail_control/bin'
[18.539s] Level 1:colcon.colcon_core.environment:checking '/home/ryan/treeclimber/install/tail_control/lib/pkgconfig/tail_control.pc'
[18.540s] Level 1:colcon.colcon_core.environment:checking '/home/ryan/treeclimber/install/tail_control/lib/python3.10/site-packages'
[18.541s] Level 1:colcon.colcon_core.shell:create_environment_hook('tail_control', 'pythonpath')
[18.709s] INFO:colcon.colcon_core.shell:Creating environment hook '/home/ryan/treeclimber/install/tail_control/share/tail_control/hook/pythonpath.ps1'
[18.711s] INFO:colcon.colcon_core.shell:Creating environment descriptor '/home/ryan/treeclimber/install/tail_control/share/tail_control/hook/pythonpath.dsv'
[18.713s] INFO:colcon.colcon_core.shell:Creating environment hook '/home/ryan/treeclimber/install/tail_control/share/tail_control/hook/pythonpath.sh'
[18.715s] Level 1:colcon.colcon_core.environment:checking '/home/ryan/treeclimber/install/tail_control/bin'
[18.716s] Level 1:colcon.colcon_core.environment:create_environment_scripts_only(tail_control)
[18.793s] INFO:colcon.colcon_core.shell:Creating package script '/home/ryan/treeclimber/install/tail_control/share/tail_control/package.ps1'
[18.797s] INFO:colcon.colcon_core.shell:Creating package descriptor '/home/ryan/treeclimber/install/tail_control/share/tail_control/package.dsv'
[18.799s] INFO:colcon.colcon_core.shell:Creating package script '/home/ryan/treeclimber/install/tail_control/share/tail_control/package.sh'
[18.803s] INFO:colcon.colcon_core.shell:Creating package script '/home/ryan/treeclimber/install/tail_control/share/tail_control/package.bash'
[18.806s] INFO:colcon.colcon_core.shell:Creating package script '/home/ryan/treeclimber/install/tail_control/share/tail_control/package.zsh'
[18.808s] Level 1:colcon.colcon_core.environment:create_file_with_runtime_dependencies(/home/ryan/treeclimber/install/tail_control/share/colcon-core/packages/tail_control)
[18.817s] DEBUG:colcon.colcon_core.event_handler.log_command:Invoked command in '/home/ryan/treeclimber/src/drive_arms' returned '0': PYTHONPATH=/home/ryan/treeclimber/build/drive_arms/prefix_override:/home/ryan/treeclimber/install/drive_arms/lib/python3.10/site-packages:${PYTHONPATH} /usr/bin/python3 setup.py egg_info --egg-base ../../build/drive_arms build --build-base /home/ryan/treeclimber/build/drive_arms/build install --record /home/ryan/treeclimber/build/drive_arms/install.log --single-version-externally-managed
[18.966s] Level 1:colcon.colcon_core.environment:checking '/home/ryan/treeclimber/install/drive_arms' for CMake module files
[18.969s] Level 1:colcon.colcon_core.environment:checking '/home/ryan/treeclimber/install/drive_arms' for CMake config files
[18.972s] Level 1:colcon.colcon_core.environment:checking '/home/ryan/treeclimber/install/drive_arms/lib'
[18.973s] Level 1:colcon.colcon_core.environment:checking '/home/ryan/treeclimber/install/drive_arms/bin'
[18.973s] Level 1:colcon.colcon_core.environment:checking '/home/ryan/treeclimber/install/drive_arms/lib/pkgconfig/drive_arms.pc'
[18.974s] Level 1:colcon.colcon_core.environment:checking '/home/ryan/treeclimber/install/drive_arms/lib/python3.10/site-packages'
[18.975s] Level 1:colcon.colcon_core.shell:create_environment_hook('drive_arms', 'pythonpath')
[19.044s] INFO:colcon.colcon_core.shell:Creating environment hook '/home/ryan/treeclimber/install/drive_arms/share/drive_arms/hook/pythonpath.ps1'
[19.046s] INFO:colcon.colcon_core.shell:Creating environment descriptor '/home/ryan/treeclimber/install/drive_arms/share/drive_arms/hook/pythonpath.dsv'
[19.048s] INFO:colcon.colcon_core.shell:Creating environment hook '/home/ryan/treeclimber/install/drive_arms/share/drive_arms/hook/pythonpath.sh'
[19.051s] Level 1:colcon.colcon_core.environment:checking '/home/ryan/treeclimber/install/drive_arms/bin'
[19.051s] Level 1:colcon.colcon_core.environment:create_environment_scripts_only(drive_arms)
[19.115s] INFO:colcon.colcon_core.shell:Creating package script '/home/ryan/treeclimber/install/drive_arms/share/drive_arms/package.ps1'
[19.117s] INFO:colcon.colcon_core.shell:Creating package descriptor '/home/ryan/treeclimber/install/drive_arms/share/drive_arms/package.dsv'
[19.119s] INFO:colcon.colcon_core.shell:Creating package script '/home/ryan/treeclimber/install/drive_arms/share/drive_arms/package.sh'
[19.121s] INFO:colcon.colcon_core.shell:Creating package script '/home/ryan/treeclimber/install/drive_arms/share/drive_arms/package.bash'
[19.124s] INFO:colcon.colcon_core.shell:Creating package script '/home/ryan/treeclimber/install/drive_arms/share/drive_arms/package.zsh'
[19.126s] Level 1:colcon.colcon_core.environment:create_file_with_runtime_dependencies(/home/ryan/treeclimber/install/drive_arms/share/colcon-core/packages/drive_arms)
[19.131s] DEBUG:colcon.colcon_core.event_handler.log_command:Invoked command in '/home/ryan/treeclimber/src/body_control' returned '0': PYTHONPATH=/home/ryan/treeclimber/build/body_control/prefix_override:/home/ryan/treeclimber/install/body_control/lib/python3.10/site-packages:${PYTHONPATH} /usr/bin/python3 setup.py egg_info --egg-base ../../build/body_control build --build-base /home/ryan/treeclimber/build/body_control/build install --record /home/ryan/treeclimber/build/body_control/install.log --single-version-externally-managed
[19.201s] Level 1:colcon.colcon_core.environment:checking '/home/ryan/treeclimber/install/body_control' for CMake module files
[19.203s] Level 1:colcon.colcon_core.environment:checking '/home/ryan/treeclimber/install/body_control' for CMake config files
[19.206s] Level 1:colcon.colcon_core.environment:checking '/home/ryan/treeclimber/install/body_control/lib'
[19.207s] Level 1:colcon.colcon_core.environment:checking '/home/ryan/treeclimber/install/body_control/bin'
[19.207s] Level 1:colcon.colcon_core.environment:checking '/home/ryan/treeclimber/install/body_control/lib/pkgconfig/body_control.pc'
[19.208s] Level 1:colcon.colcon_core.environment:checking '/home/ryan/treeclimber/install/body_control/lib/python3.10/site-packages'
[19.208s] Level 1:colcon.colcon_core.shell:create_environment_hook('body_control', 'pythonpath')
[19.309s] INFO:colcon.colcon_core.shell:Creating environment hook '/home/ryan/treeclimber/install/body_control/share/body_control/hook/pythonpath.ps1'
[19.322s] INFO:colcon.colcon_core.shell:Creating environment descriptor '/home/ryan/treeclimber/install/body_control/share/body_control/hook/pythonpath.dsv'
[19.327s] INFO:colcon.colcon_core.shell:Creating environment hook '/home/ryan/treeclimber/install/body_control/share/body_control/hook/pythonpath.sh'
[19.333s] Level 1:colcon.colcon_core.environment:checking '/home/ryan/treeclimber/install/body_control/bin'
[19.334s] Level 1:colcon.colcon_core.environment:create_environment_scripts_only(body_control)
[19.404s] INFO:colcon.colcon_core.shell:Creating package script '/home/ryan/treeclimber/install/body_control/share/body_control/package.ps1'
[19.407s] INFO:colcon.colcon_core.shell:Creating package descriptor '/home/ryan/treeclimber/install/body_control/share/body_control/package.dsv'
[19.409s] INFO:colcon.colcon_core.shell:Creating package script '/home/ryan/treeclimber/install/body_control/share/body_control/package.sh'
[19.411s] INFO:colcon.colcon_core.shell:Creating package script '/home/ryan/treeclimber/install/body_control/share/body_control/package.bash'
[19.413s] INFO:colcon.colcon_core.shell:Creating package script '/home/ryan/treeclimber/install/body_control/share/body_control/package.zsh'
[19.414s] Level 1:colcon.colcon_core.environment:create_file_with_runtime_dependencies(/home/ryan/treeclimber/install/body_control/share/colcon-core/packages/body_control)
[19.420s] DEBUG:colcon.colcon_core.event_handler.log_command:Invoked command in '/home/ryan/treeclimber/src/motor_tests' returned '0': PYTHONPATH=/home/ryan/treeclimber/build/motor_tests/prefix_override:/home/ryan/treeclimber/install/motor_tests/lib/python3.10/site-packages:${PYTHONPATH} /usr/bin/python3 setup.py egg_info --egg-base ../../build/motor_tests build --build-base /home/ryan/treeclimber/build/motor_tests/build install --record /home/ryan/treeclimber/build/motor_tests/install.log --single-version-externally-managed
[19.505s] Level 1:colcon.colcon_core.environment:checking '/home/ryan/treeclimber/install/motor_tests' for CMake module files
[19.507s] Level 1:colcon.colcon_core.environment:checking '/home/ryan/treeclimber/install/motor_tests' for CMake config files
[19.510s] Level 1:colcon.colcon_core.environment:checking '/home/ryan/treeclimber/install/motor_tests/lib'
[19.510s] Level 1:colcon.colcon_core.environment:checking '/home/ryan/treeclimber/install/motor_tests/bin'
[19.511s] Level 1:colcon.colcon_core.environment:checking '/home/ryan/treeclimber/install/motor_tests/lib/pkgconfig/motor_tests.pc'
[19.511s] Level 1:colcon.colcon_core.environment:checking '/home/ryan/treeclimber/install/motor_tests/lib/python3.10/site-packages'
[19.512s] Level 1:colcon.colcon_core.shell:create_environment_hook('motor_tests', 'pythonpath')
[19.585s] INFO:colcon.colcon_core.shell:Creating environment hook '/home/ryan/treeclimber/install/motor_tests/share/motor_tests/hook/pythonpath.ps1'
[19.587s] INFO:colcon.colcon_core.shell:Creating environment descriptor '/home/ryan/treeclimber/install/motor_tests/share/motor_tests/hook/pythonpath.dsv'
[19.589s] INFO:colcon.colcon_core.shell:Creating environment hook '/home/ryan/treeclimber/install/motor_tests/share/motor_tests/hook/pythonpath.sh'
[19.591s] Level 1:colcon.colcon_core.environment:checking '/home/ryan/treeclimber/install/motor_tests/bin'
[19.592s] Level 1:colcon.colcon_core.environment:create_environment_scripts_only(motor_tests)
[19.662s] INFO:colcon.colcon_core.shell:Creating package script '/home/ryan/treeclimber/install/motor_tests/share/motor_tests/package.ps1'
[19.667s] INFO:colcon.colcon_core.shell:Creating package descriptor '/home/ryan/treeclimber/install/motor_tests/share/motor_tests/package.dsv'
[19.671s] INFO:colcon.colcon_core.shell:Creating package script '/home/ryan/treeclimber/install/motor_tests/share/motor_tests/package.sh'
[19.674s] INFO:colcon.colcon_core.shell:Creating package script '/home/ryan/treeclimber/install/motor_tests/share/motor_tests/package.bash'
[19.676s] INFO:colcon.colcon_core.shell:Creating package script '/home/ryan/treeclimber/install/motor_tests/share/motor_tests/package.zsh'
[19.678s] Level 1:colcon.colcon_core.environment:create_file_with_runtime_dependencies(/home/ryan/treeclimber/install/motor_tests/share/colcon-core/packages/motor_tests)
[19.679s] DEBUG:colcon.colcon_parallel_executor.executor.parallel:closing loop
[19.681s] DEBUG:colcon.colcon_parallel_executor.executor.parallel:loop closed
[19.681s] DEBUG:colcon.colcon_parallel_executor.executor.parallel:run_until_complete finished with '0'
[19.682s] DEBUG:colcon.colcon_core.event_reactor:joining thread
[19.785s] INFO:colcon.colcon_core.plugin_system:Skipping extension 'colcon_notification.desktop_notification.terminal_notifier': Not used on non-Darwin systems
[19.785s] INFO:colcon.colcon_core.plugin_system:Skipping extension 'colcon_notification.desktop_notification.win32': Not used on non-Windows systems
[19.786s] INFO:colcon.colcon_notification.desktop_notification:Sending desktop notification using 'notify2'
[19.839s] DEBUG:colcon.colcon_core.event_reactor:joined thread
[19.951s] INFO:colcon.colcon_core.shell:Creating prefix script '/home/ryan/treeclimber/install/local_setup.ps1'
[19.956s] INFO:colcon.colcon_core.shell:Creating prefix util module '/home/ryan/treeclimber/install/_local_setup_util_ps1.py'
[19.963s] INFO:colcon.colcon_core.shell:Creating prefix chain script '/home/ryan/treeclimber/install/setup.ps1'
[20.069s] INFO:colcon.colcon_core.shell:Creating prefix script '/home/ryan/treeclimber/install/local_setup.sh'
[20.071s] INFO:colcon.colcon_core.shell:Creating prefix util module '/home/ryan/treeclimber/install/_local_setup_util_sh.py'
[20.074s] INFO:colcon.colcon_core.shell:Creating prefix chain script '/home/ryan/treeclimber/install/setup.sh'
[20.140s] INFO:colcon.colcon_core.shell:Creating prefix script '/home/ryan/treeclimber/install/local_setup.bash'
[20.142s] INFO:colcon.colcon_core.shell:Creating prefix chain script '/home/ryan/treeclimber/install/setup.bash'
[20.219s] INFO:colcon.colcon_core.shell:Creating prefix script '/home/ryan/treeclimber/install/local_setup.zsh'
[20.222s] INFO:colcon.colcon_core.shell:Creating prefix chain script '/home/ryan/treeclimber/install/setup.zsh'
