[5.453s] Invoking command in '/home/ryan/treeclimber/src/body_control': PYTHONPATH=/home/ryan/treeclimber/build/body_control/prefix_override:/home/ryan/treeclimber/install/body_control/lib/python3.10/site-packages:${PYTHONPATH} /usr/bin/python3 setup.py egg_info --egg-base ../../build/body_control build --build-base /home/ryan/treeclimber/build/body_control/build install --record /home/ryan/treeclimber/build/body_control/install.log --single-version-externally-managed
[7.278s] running egg_info
[7.281s] writing ../../build/body_control/body_control.egg-info/PKG-INFO
[7.282s] writing dependency_links to ../../build/body_control/body_control.egg-info/dependency_links.txt
[7.284s] writing entry points to ../../build/body_control/body_control.egg-info/entry_points.txt
[7.285s] writing requirements to ../../build/body_control/body_control.egg-info/requires.txt
[7.286s] writing top-level names to ../../build/body_control/body_control.egg-info/top_level.txt
[7.305s] reading manifest file '../../build/body_control/body_control.egg-info/SOURCES.txt'
[7.311s] writing manifest file '../../build/body_control/body_control.egg-info/SOURCES.txt'
[7.311s] running build
[7.312s] running build_py
[7.312s] copying body_control/body_controller.py -> /home/ryan/treeclimber/build/body_control/build/lib/body_control
[7.313s] copying body_control/arms_loosen.py -> /home/ryan/treeclimber/build/body_control/build/lib/body_control
[7.316s] running install
[7.317s] /usr/lib/python3/dist-packages/setuptools/command/install.py:34: SetuptoolsDeprecationWarning: setup.py install is deprecated. Use build and pip and other standards-based tools.
[7.317s]   warnings.warn(
[7.318s] running install_lib
[7.328s] copying /home/ryan/treeclimber/build/body_control/build/lib/body_control/body_controller.py -> /home/ryan/treeclimber/install/body_control/lib/python3.10/site-packages/body_control
[7.329s] copying /home/ryan/treeclimber/build/body_control/build/lib/body_control/arms_loosen.py -> /home/ryan/treeclimber/install/body_control/lib/python3.10/site-packages/body_control
[7.331s] byte-compiling /home/ryan/treeclimber/install/body_control/lib/python3.10/site-packages/body_control/body_controller.py to body_controller.cpython-310.pyc
[7.337s] byte-compiling /home/ryan/treeclimber/install/body_control/lib/python3.10/site-packages/body_control/arms_loosen.py to arms_loosen.cpython-310.pyc
[7.341s] running install_data
[7.344s] running install_egg_info
[7.354s] removing '/home/ryan/treeclimber/install/body_control/lib/python3.10/site-packages/body_control-0.0.0-py3.10.egg-info' (and everything under it)
[7.358s] Copying ../../build/body_control/body_control.egg-info to /home/ryan/treeclimber/install/body_control/lib/python3.10/site-packages/body_control-0.0.0-py3.10.egg-info
[7.368s] running install_scripts
[7.476s] Installing arms_loosen script to /home/ryan/treeclimber/install/body_control/lib/body_control
[7.477s] Installing arms_tighten script to /home/ryan/treeclimber/install/body_control/lib/body_control
[7.480s] writing list of installed files to '/home/ryan/treeclimber/build/body_control/install.log'
[7.777s] Invoked command in '/home/ryan/treeclimber/src/body_control' returned '0': PYTHONPATH=/home/ryan/treeclimber/build/body_control/prefix_override:/home/ryan/treeclimber/install/body_control/lib/python3.10/site-packages:${PYTHONPATH} /usr/bin/python3 setup.py egg_info --egg-base ../../build/body_control build --build-base /home/ryan/treeclimber/build/body_control/build install --record /home/ryan/treeclimber/build/body_control/install.log --single-version-externally-managed
