[3.953s] DEBUG:colcon:Command line arguments: ['/usr/bin/colcon', 'build', '--packages-select', 'tail_control']
[3.954s] DEBUG:colcon:Parsed command line arguments: Namespace(log_base=None, log_level=None, verb_name='build', build_base='build', install_base='install', merge_install=False, symlink_install=False, test_result_base=None, continue_on_error=False, executor='parallel', parallel_workers=4, event_handlers=None, ignore_user_meta=False, metas=['./colcon.meta'], base_paths=['.'], packages_ignore=None, packages_ignore_regex=None, paths=None, packages_up_to=None, packages_up_to_regex=None, packages_above=None, packages_above_and_dependencies=None, packages_above_depth=None, packages_select_by_dep=None, packages_skip_by_dep=None, packages_skip_up_to=None, packages_select_build_failed=False, packages_skip_build_finished=False, packages_select_test_failures=False, packages_skip_test_passed=False, packages_select=['tail_control'], packages_skip=None, packages_select_regex=None, packages_skip_regex=None, packages_start=None, packages_end=None, allow_overriding=[], cmake_args=None, cmake_target=None, cmake_target_skip_unavailable=False, cmake_clean_cache=False, cmake_clean_first=False, cmake_force_configure=False, ament_cmake_args=None, catkin_cmake_args=None, catkin_skip_building_tests=False, verb_parser=<colcon_defaults.argument_parser.defaults.DefaultArgumentsDecorator object at 0xffff85781b10>, verb_extension=<colcon_core.verb.build.BuildVerb object at 0xffff85a456c0>, main=<bound method BuildVerb.main of <colcon_core.verb.build.BuildVerb object at 0xffff85a456c0>>)
[4.142s] Level 1:colcon.colcon_core.package_discovery:discover_packages(colcon_meta) check parameters
[4.142s] Level 1:colcon.colcon_core.package_discovery:discover_packages(recursive) check parameters
[4.143s] Level 1:colcon.colcon_core.package_discovery:discover_packages(ignore) check parameters
[4.143s] Level 1:colcon.colcon_core.package_discovery:discover_packages(path) check parameters
[4.143s] Level 1:colcon.colcon_core.package_discovery:discover_packages(colcon_meta) discover
[4.143s] Level 1:colcon.colcon_core.package_discovery:discover_packages(recursive) discover
[4.143s] INFO:colcon.colcon_core.package_discovery:Crawling recursively for packages in '/home/ryan/treeclimber'
[4.144s] Level 1:colcon.colcon_core.package_identification:_identify(.) by extensions ['ignore', 'ignore_ament_install']
[4.144s] Level 1:colcon.colcon_core.package_identification:_identify(.) by extension 'ignore'
[4.144s] Level 1:colcon.colcon_core.package_identification:_identify(.) by extension 'ignore_ament_install'
[4.145s] Level 1:colcon.colcon_core.package_identification:_identify(.) by extensions ['colcon_pkg']
[4.145s] Level 1:colcon.colcon_core.package_identification:_identify(.) by extension 'colcon_pkg'
[4.145s] Level 1:colcon.colcon_core.package_identification:_identify(.) by extensions ['colcon_meta']
[4.145s] Level 1:colcon.colcon_core.package_identification:_identify(.) by extension 'colcon_meta'
[4.145s] Level 1:colcon.colcon_core.package_identification:_identify(.) by extensions ['ros']
[4.146s] Level 1:colcon.colcon_core.package_identification:_identify(.) by extension 'ros'
[4.185s] Level 1:colcon.colcon_core.package_identification:_identify(.) by extensions ['cmake', 'python']
[4.185s] Level 1:colcon.colcon_core.package_identification:_identify(.) by extension 'cmake'
[4.185s] Level 1:colcon.colcon_core.package_identification:_identify(.) by extension 'python'
[4.186s] Level 1:colcon.colcon_core.package_identification:_identify(.) by extensions ['python_setup_py']
[4.186s] Level 1:colcon.colcon_core.package_identification:_identify(.) by extension 'python_setup_py'
[4.186s] Level 1:colcon.colcon_core.package_identification:_identify(build) by extensions ['ignore', 'ignore_ament_install']
[4.187s] Level 1:colcon.colcon_core.package_identification:_identify(build) by extension 'ignore'
[4.187s] Level 1:colcon.colcon_core.package_identification:_identify(build) ignored
[4.188s] Level 1:colcon.colcon_core.package_identification:_identify(install) by extensions ['ignore', 'ignore_ament_install']
[4.188s] Level 1:colcon.colcon_core.package_identification:_identify(install) by extension 'ignore'
[4.188s] Level 1:colcon.colcon_core.package_identification:_identify(install) ignored
[4.189s] Level 1:colcon.colcon_core.package_identification:_identify(log) by extensions ['ignore', 'ignore_ament_install']
[4.189s] Level 1:colcon.colcon_core.package_identification:_identify(log) by extension 'ignore'
[4.190s] Level 1:colcon.colcon_core.package_identification:_identify(log) ignored
[4.190s] Level 1:colcon.colcon_core.package_identification:_identify(src) by extensions ['ignore', 'ignore_ament_install']
[4.190s] Level 1:colcon.colcon_core.package_identification:_identify(src) by extension 'ignore'
[4.191s] Level 1:colcon.colcon_core.package_identification:_identify(src) by extension 'ignore_ament_install'
[4.191s] Level 1:colcon.colcon_core.package_identification:_identify(src) by extensions ['colcon_pkg']
[4.191s] Level 1:colcon.colcon_core.package_identification:_identify(src) by extension 'colcon_pkg'
[4.191s] Level 1:colcon.colcon_core.package_identification:_identify(src) by extensions ['colcon_meta']
[4.191s] Level 1:colcon.colcon_core.package_identification:_identify(src) by extension 'colcon_meta'
[4.192s] Level 1:colcon.colcon_core.package_identification:_identify(src) by extensions ['ros']
[4.192s] Level 1:colcon.colcon_core.package_identification:_identify(src) by extension 'ros'
[4.192s] Level 1:colcon.colcon_core.package_identification:_identify(src) by extensions ['cmake', 'python']
[4.192s] Level 1:colcon.colcon_core.package_identification:_identify(src) by extension 'cmake'
[4.192s] Level 1:colcon.colcon_core.package_identification:_identify(src) by extension 'python'
[4.193s] Level 1:colcon.colcon_core.package_identification:_identify(src) by extensions ['python_setup_py']
[4.193s] Level 1:colcon.colcon_core.package_identification:_identify(src) by extension 'python_setup_py'
[4.193s] Level 1:colcon.colcon_core.package_identification:_identify(src/body_control) by extensions ['ignore', 'ignore_ament_install']
[4.194s] Level 1:colcon.colcon_core.package_identification:_identify(src/body_control) by extension 'ignore'
[4.194s] Level 1:colcon.colcon_core.package_identification:_identify(src/body_control) by extension 'ignore_ament_install'
[4.195s] Level 1:colcon.colcon_core.package_identification:_identify(src/body_control) by extensions ['colcon_pkg']
[4.195s] Level 1:colcon.colcon_core.package_identification:_identify(src/body_control) by extension 'colcon_pkg'
[4.195s] Level 1:colcon.colcon_core.package_identification:_identify(src/body_control) by extensions ['colcon_meta']
[4.195s] Level 1:colcon.colcon_core.package_identification:_identify(src/body_control) by extension 'colcon_meta'
[4.195s] Level 1:colcon.colcon_core.package_identification:_identify(src/body_control) by extensions ['ros']
[4.195s] Level 1:colcon.colcon_core.package_identification:_identify(src/body_control) by extension 'ros'
[4.206s] DEBUG:colcon.colcon_core.package_identification:Package 'src/body_control' with type 'ros.ament_python' and name 'body_control'
[4.207s] Level 1:colcon.colcon_core.package_identification:_identify(src/drive_arms) by extensions ['ignore', 'ignore_ament_install']
[4.207s] Level 1:colcon.colcon_core.package_identification:_identify(src/drive_arms) by extension 'ignore'
[4.208s] Level 1:colcon.colcon_core.package_identification:_identify(src/drive_arms) by extension 'ignore_ament_install'
[4.208s] Level 1:colcon.colcon_core.package_identification:_identify(src/drive_arms) by extensions ['colcon_pkg']
[4.208s] Level 1:colcon.colcon_core.package_identification:_identify(src/drive_arms) by extension 'colcon_pkg'
[4.208s] Level 1:colcon.colcon_core.package_identification:_identify(src/drive_arms) by extensions ['colcon_meta']
[4.209s] Level 1:colcon.colcon_core.package_identification:_identify(src/drive_arms) by extension 'colcon_meta'
[4.209s] Level 1:colcon.colcon_core.package_identification:_identify(src/drive_arms) by extensions ['ros']
[4.209s] Level 1:colcon.colcon_core.package_identification:_identify(src/drive_arms) by extension 'ros'
[4.211s] DEBUG:colcon.colcon_core.package_identification:Package 'src/drive_arms' with type 'ros.ament_python' and name 'drive_arms'
[4.211s] Level 1:colcon.colcon_core.package_identification:_identify(src/motor_tests) by extensions ['ignore', 'ignore_ament_install']
[4.212s] Level 1:colcon.colcon_core.package_identification:_identify(src/motor_tests) by extension 'ignore'
[4.212s] Level 1:colcon.colcon_core.package_identification:_identify(src/motor_tests) by extension 'ignore_ament_install'
[4.212s] Level 1:colcon.colcon_core.package_identification:_identify(src/motor_tests) by extensions ['colcon_pkg']
[4.212s] Level 1:colcon.colcon_core.package_identification:_identify(src/motor_tests) by extension 'colcon_pkg'
[4.213s] Level 1:colcon.colcon_core.package_identification:_identify(src/motor_tests) by extensions ['colcon_meta']
[4.213s] Level 1:colcon.colcon_core.package_identification:_identify(src/motor_tests) by extension 'colcon_meta'
[4.213s] Level 1:colcon.colcon_core.package_identification:_identify(src/motor_tests) by extensions ['ros']
[4.213s] Level 1:colcon.colcon_core.package_identification:_identify(src/motor_tests) by extension 'ros'
[4.215s] DEBUG:colcon.colcon_core.package_identification:Package 'src/motor_tests' with type 'ros.ament_python' and name 'motor_tests'
[4.216s] Level 1:colcon.colcon_core.package_identification:_identify(src/tail_control) by extensions ['ignore', 'ignore_ament_install']
[4.216s] Level 1:colcon.colcon_core.package_identification:_identify(src/tail_control) by extension 'ignore'
[4.216s] Level 1:colcon.colcon_core.package_identification:_identify(src/tail_control) by extension 'ignore_ament_install'
[4.217s] Level 1:colcon.colcon_core.package_identification:_identify(src/tail_control) by extensions ['colcon_pkg']
[4.217s] Level 1:colcon.colcon_core.package_identification:_identify(src/tail_control) by extension 'colcon_pkg'
[4.217s] Level 1:colcon.colcon_core.package_identification:_identify(src/tail_control) by extensions ['colcon_meta']
[4.217s] Level 1:colcon.colcon_core.package_identification:_identify(src/tail_control) by extension 'colcon_meta'
[4.217s] Level 1:colcon.colcon_core.package_identification:_identify(src/tail_control) by extensions ['ros']
[4.217s] Level 1:colcon.colcon_core.package_identification:_identify(src/tail_control) by extension 'ros'
[4.219s] DEBUG:colcon.colcon_core.package_identification:Package 'src/tail_control' with type 'ros.ament_python' and name 'tail_control'
[4.220s] Level 1:colcon.colcon_core.package_discovery:discover_packages(recursive) using defaults
[4.220s] Level 1:colcon.colcon_core.package_discovery:discover_packages(ignore) discover
[4.220s] Level 1:colcon.colcon_core.package_discovery:discover_packages(ignore) using defaults
[4.220s] Level 1:colcon.colcon_core.package_discovery:discover_packages(path) discover
[4.220s] Level 1:colcon.colcon_core.package_discovery:discover_packages(path) using defaults
[4.461s] INFO:colcon.colcon_core.package_selection:Skipping not selected package 'body_control' in 'src/body_control'
[4.462s] INFO:colcon.colcon_core.package_selection:Skipping not selected package 'drive_arms' in 'src/drive_arms'
[4.462s] INFO:colcon.colcon_core.package_selection:Skipping not selected package 'motor_tests' in 'src/motor_tests'
[4.580s] Level 1:colcon.colcon_core.package_discovery:discover_packages(prefix_path) check parameters
[4.580s] Level 1:colcon.colcon_core.package_discovery:discover_packages(prefix_path) discover
[4.701s] DEBUG:colcon.colcon_installed_package_information.package_discovery:Found 4 installed packages in /home/ryan/treeclimber/install
[4.768s] DEBUG:colcon.colcon_installed_package_information.package_discovery:Found 270 installed packages in /opt/ros/humble
[4.774s] Level 1:colcon.colcon_core.package_discovery:discover_packages(prefix_path) using defaults
[5.200s] Level 5:colcon.colcon_core.verb:set package 'tail_control' build argument 'cmake_args' from command line to 'None'
[5.201s] Level 5:colcon.colcon_core.verb:set package 'tail_control' build argument 'cmake_target' from command line to 'None'
[5.201s] Level 5:colcon.colcon_core.verb:set package 'tail_control' build argument 'cmake_target_skip_unavailable' from command line to 'False'
[5.201s] Level 5:colcon.colcon_core.verb:set package 'tail_control' build argument 'cmake_clean_cache' from command line to 'False'
[5.201s] Level 5:colcon.colcon_core.verb:set package 'tail_control' build argument 'cmake_clean_first' from command line to 'False'
[5.201s] Level 5:colcon.colcon_core.verb:set package 'tail_control' build argument 'cmake_force_configure' from command line to 'False'
[5.201s] Level 5:colcon.colcon_core.verb:set package 'tail_control' build argument 'ament_cmake_args' from command line to 'None'
[5.201s] Level 5:colcon.colcon_core.verb:set package 'tail_control' build argument 'catkin_cmake_args' from command line to 'None'
[5.202s] Level 5:colcon.colcon_core.verb:set package 'tail_control' build argument 'catkin_skip_building_tests' from command line to 'False'
[5.202s] DEBUG:colcon.colcon_core.verb:Building package 'tail_control' with the following arguments: {'ament_cmake_args': None, 'build_base': '/home/ryan/treeclimber/build/tail_control', 'catkin_cmake_args': None, 'catkin_skip_building_tests': False, 'cmake_args': None, 'cmake_clean_cache': False, 'cmake_clean_first': False, 'cmake_force_configure': False, 'cmake_target': None, 'cmake_target_skip_unavailable': False, 'install_base': '/home/ryan/treeclimber/install/tail_control', 'merge_install': False, 'path': '/home/ryan/treeclimber/src/tail_control', 'symlink_install': False, 'test_result_base': None}
[5.257s] INFO:colcon.colcon_core.executor:Executing jobs using 'parallel' executor
[5.316s] DEBUG:colcon.colcon_parallel_executor.executor.parallel:run_until_complete
[5.317s] INFO:colcon.colcon_ros.task.ament_python.build:Building ROS package in '/home/ryan/treeclimber/src/tail_control' with build type 'ament_python'
[5.317s] Level 1:colcon.colcon_core.shell:create_environment_hook('tail_control', 'ament_prefix_path')
[5.421s] INFO:colcon.colcon_core.plugin_system:Skipping extension 'colcon_core.shell.bat': Not used on non-Windows systems
[5.422s] INFO:colcon.colcon_core.shell:Creating environment hook '/home/ryan/treeclimber/install/tail_control/share/tail_control/hook/ament_prefix_path.ps1'
[5.424s] INFO:colcon.colcon_core.shell:Creating environment descriptor '/home/ryan/treeclimber/install/tail_control/share/tail_control/hook/ament_prefix_path.dsv'
[5.427s] INFO:colcon.colcon_core.shell:Creating environment hook '/home/ryan/treeclimber/install/tail_control/share/tail_control/hook/ament_prefix_path.sh'
[5.528s] INFO:colcon.colcon_core.shell:Skip shell extension 'powershell' for command environment: Not usable outside of PowerShell
[5.529s] DEBUG:colcon.colcon_core.shell:Skip shell extension 'dsv' for command environment
[6.989s] INFO:colcon.colcon_core.task.python.build:Building Python package in '/home/ryan/treeclimber/src/tail_control'
[7.049s] INFO:colcon.colcon_core.shell:Skip shell extension 'powershell' for command environment: Not usable outside of PowerShell
[7.049s] DEBUG:colcon.colcon_core.shell:Skip shell extension 'dsv' for command environment
[8.807s] DEBUG:colcon.colcon_core.event_handler.log_command:Invoking command in '/home/ryan/treeclimber/src/tail_control': PYTHONPATH=/home/ryan/treeclimber/build/tail_control/prefix_override:/home/ryan/treeclimber/install/tail_control/lib/python3.10/site-packages:${PYTHONPATH} /usr/bin/python3 setup.py egg_info --egg-base ../../build/tail_control build --build-base /home/ryan/treeclimber/build/tail_control/build install --record /home/ryan/treeclimber/build/tail_control/install.log --single-version-externally-managed
[10.350s] DEBUG:colcon.colcon_core.event_handler.log_command:Invoked command in '/home/ryan/treeclimber/src/tail_control' returned '0': PYTHONPATH=/home/ryan/treeclimber/build/tail_control/prefix_override:/home/ryan/treeclimber/install/tail_control/lib/python3.10/site-packages:${PYTHONPATH} /usr/bin/python3 setup.py egg_info --egg-base ../../build/tail_control build --build-base /home/ryan/treeclimber/build/tail_control/build install --record /home/ryan/treeclimber/build/tail_control/install.log --single-version-externally-managed
[10.445s] Level 1:colcon.colcon_core.environment:checking '/home/ryan/treeclimber/install/tail_control' for CMake module files
[10.447s] Level 1:colcon.colcon_core.environment:checking '/home/ryan/treeclimber/install/tail_control' for CMake config files
[10.450s] Level 1:colcon.colcon_core.environment:checking '/home/ryan/treeclimber/install/tail_control/lib'
[10.451s] Level 1:colcon.colcon_core.environment:checking '/home/ryan/treeclimber/install/tail_control/bin'
[10.451s] Level 1:colcon.colcon_core.environment:checking '/home/ryan/treeclimber/install/tail_control/lib/pkgconfig/tail_control.pc'
[10.452s] Level 1:colcon.colcon_core.environment:checking '/home/ryan/treeclimber/install/tail_control/lib/python3.10/site-packages'
[10.453s] Level 1:colcon.colcon_core.shell:create_environment_hook('tail_control', 'pythonpath')
[10.528s] INFO:colcon.colcon_core.shell:Creating environment hook '/home/ryan/treeclimber/install/tail_control/share/tail_control/hook/pythonpath.ps1'
[10.532s] INFO:colcon.colcon_core.shell:Creating environment descriptor '/home/ryan/treeclimber/install/tail_control/share/tail_control/hook/pythonpath.dsv'
[10.535s] INFO:colcon.colcon_core.shell:Creating environment hook '/home/ryan/treeclimber/install/tail_control/share/tail_control/hook/pythonpath.sh'
[10.538s] Level 1:colcon.colcon_core.environment:checking '/home/ryan/treeclimber/install/tail_control/bin'
[10.539s] Level 1:colcon.colcon_core.environment:create_environment_scripts_only(tail_control)
[10.608s] INFO:colcon.colcon_core.shell:Creating package script '/home/ryan/treeclimber/install/tail_control/share/tail_control/package.ps1'
[10.611s] INFO:colcon.colcon_core.shell:Creating package descriptor '/home/ryan/treeclimber/install/tail_control/share/tail_control/package.dsv'
[10.614s] INFO:colcon.colcon_core.shell:Creating package script '/home/ryan/treeclimber/install/tail_control/share/tail_control/package.sh'
[10.617s] INFO:colcon.colcon_core.shell:Creating package script '/home/ryan/treeclimber/install/tail_control/share/tail_control/package.bash'
[10.620s] INFO:colcon.colcon_core.shell:Creating package script '/home/ryan/treeclimber/install/tail_control/share/tail_control/package.zsh'
[10.623s] Level 1:colcon.colcon_core.environment:create_file_with_runtime_dependencies(/home/ryan/treeclimber/install/tail_control/share/colcon-core/packages/tail_control)
[10.624s] DEBUG:colcon.colcon_parallel_executor.executor.parallel:closing loop
[10.626s] DEBUG:colcon.colcon_parallel_executor.executor.parallel:loop closed
[10.626s] DEBUG:colcon.colcon_parallel_executor.executor.parallel:run_until_complete finished with '0'
[10.626s] DEBUG:colcon.colcon_core.event_reactor:joining thread
[10.754s] INFO:colcon.colcon_core.plugin_system:Skipping extension 'colcon_notification.desktop_notification.terminal_notifier': Not used on non-Darwin systems
[10.755s] INFO:colcon.colcon_core.plugin_system:Skipping extension 'colcon_notification.desktop_notification.win32': Not used on non-Windows systems
[10.755s] INFO:colcon.colcon_notification.desktop_notification:Sending desktop notification using 'notify2'
[10.823s] DEBUG:colcon.colcon_core.event_reactor:joined thread
[10.955s] INFO:colcon.colcon_core.shell:Creating prefix script '/home/ryan/treeclimber/install/local_setup.ps1'
[10.959s] INFO:colcon.colcon_core.shell:Creating prefix util module '/home/ryan/treeclimber/install/_local_setup_util_ps1.py'
[10.967s] INFO:colcon.colcon_core.shell:Creating prefix chain script '/home/ryan/treeclimber/install/setup.ps1'
[11.064s] INFO:colcon.colcon_core.shell:Creating prefix script '/home/ryan/treeclimber/install/local_setup.sh'
[11.067s] INFO:colcon.colcon_core.shell:Creating prefix util module '/home/ryan/treeclimber/install/_local_setup_util_sh.py'
[11.069s] INFO:colcon.colcon_core.shell:Creating prefix chain script '/home/ryan/treeclimber/install/setup.sh'
[11.191s] INFO:colcon.colcon_core.shell:Creating prefix script '/home/ryan/treeclimber/install/local_setup.bash'
[11.193s] INFO:colcon.colcon_core.shell:Creating prefix chain script '/home/ryan/treeclimber/install/setup.bash'
[11.258s] INFO:colcon.colcon_core.shell:Creating prefix script '/home/ryan/treeclimber/install/local_setup.zsh'
[11.261s] INFO:colcon.colcon_core.shell:Creating prefix chain script '/home/ryan/treeclimber/install/setup.zsh'
