[5.662s] Invoking command in '/home/ryan/treeclimber/src/drive_arms': PYTHONPATH=/home/ryan/treeclimber/build/drive_arms/prefix_override:/home/ryan/treeclimber/install/drive_arms/lib/python3.10/site-packages:${PYTHONPATH} /usr/bin/python3 setup.py egg_info --egg-base ../../build/drive_arms build --build-base /home/ryan/treeclimber/build/drive_arms/build install --record /home/ryan/treeclimber/build/drive_arms/install.log --single-version-externally-managed
[7.034s] running egg_info
[7.040s] writing ../../build/drive_arms/drive_arms.egg-info/PKG-INFO
[7.041s] writing dependency_links to ../../build/drive_arms/drive_arms.egg-info/dependency_links.txt
[7.042s] writing entry points to ../../build/drive_arms/drive_arms.egg-info/entry_points.txt
[7.044s] writing requirements to ../../build/drive_arms/drive_arms.egg-info/requires.txt
[7.045s] writing top-level names to ../../build/drive_arms/drive_arms.egg-info/top_level.txt
[7.055s] reading manifest file '../../build/drive_arms/drive_arms.egg-info/SOURCES.txt'
[7.070s] writing manifest file '../../build/drive_arms/drive_arms.egg-info/SOURCES.txt'
[7.071s] running build
[7.072s] running build_py
[7.073s] copying drive_arms/spi_test.py -> /home/ryan/treeclimber/build/drive_arms/build/lib/drive_arms
[7.078s] running install
[7.079s] /usr/lib/python3/dist-packages/setuptools/command/install.py:34: SetuptoolsDeprecationWarning: setup.py install is deprecated. Use build and pip and other standards-based tools.
[7.080s]   warnings.warn(
[7.082s] running install_lib
[7.087s] copying /home/ryan/treeclimber/build/drive_arms/build/lib/drive_arms/spi_test.py -> /home/ryan/treeclimber/install/drive_arms/lib/python3.10/site-packages/drive_arms
[7.088s] byte-compiling /home/ryan/treeclimber/install/drive_arms/lib/python3.10/site-packages/drive_arms/spi_test.py to spi_test.cpython-310.pyc
[7.089s] running install_data
[7.091s] running install_egg_info
[7.099s] removing '/home/ryan/treeclimber/install/drive_arms/lib/python3.10/site-packages/drive_arms-0.0.0-py3.10.egg-info' (and everything under it)
[7.102s] Copying ../../build/drive_arms/drive_arms.egg-info to /home/ryan/treeclimber/install/drive_arms/lib/python3.10/site-packages/drive_arms-0.0.0-py3.10.egg-info
[7.121s] running install_scripts
[7.231s] Installing spi_test script to /home/ryan/treeclimber/install/drive_arms/lib/drive_arms
[7.234s] writing list of installed files to '/home/ryan/treeclimber/build/drive_arms/install.log'
[7.594s] Invoked command in '/home/ryan/treeclimber/src/drive_arms' returned '0': PYTHONPATH=/home/ryan/treeclimber/build/drive_arms/prefix_override:/home/ryan/treeclimber/install/drive_arms/lib/python3.10/site-packages:${PYTHONPATH} /usr/bin/python3 setup.py egg_info --egg-base ../../build/drive_arms build --build-base /home/ryan/treeclimber/build/drive_arms/build install --record /home/ryan/treeclimber/build/drive_arms/install.log --single-version-externally-managed
