[8.984s] Invoking command in '/home/ryan/treeclimber/src/tail_control': PYTHONPATH=/home/ryan/treeclimber/build/tail_control/prefix_override:/home/ryan/treeclimber/install/tail_control/lib/python3.10/site-packages:${PYTHONPATH} /usr/bin/python3 setup.py egg_info --egg-base ../../build/tail_control build --build-base /home/ryan/treeclimber/build/tail_control/build install --record /home/ryan/treeclimber/build/tail_control/install.log --single-version-externally-managed
[11.026s] running egg_info
[11.030s] writing ../../build/tail_control/tail_control.egg-info/PKG-INFO
[11.034s] writing dependency_links to ../../build/tail_control/tail_control.egg-info/dependency_links.txt
[11.042s] writing entry points to ../../build/tail_control/tail_control.egg-info/entry_points.txt
[11.046s] writing requirements to ../../build/tail_control/tail_control.egg-info/requires.txt
[11.052s] writing top-level names to ../../build/tail_control/tail_control.egg-info/top_level.txt
[11.057s] reading manifest file '../../build/tail_control/tail_control.egg-info/SOURCES.txt'
[11.076s] writing manifest file '../../build/tail_control/tail_control.egg-info/SOURCES.txt'
[11.077s] running build
[11.077s] running build_py
[11.078s] copying tail_control/killswitch_relay.py -> /home/ryan/treeclimber/build/tail_control/build/lib/tail_control
[11.079s] running install
[11.102s] /usr/lib/python3/dist-packages/setuptools/command/install.py:34: SetuptoolsDeprecationWarning: setup.py install is deprecated. Use build and pip and other standards-based tools.
[11.102s]   warnings.warn(
[11.103s] running install_lib
[11.103s] copying /home/ryan/treeclimber/build/tail_control/build/lib/tail_control/killswitch_relay.py -> /home/ryan/treeclimber/install/tail_control/lib/python3.10/site-packages/tail_control
[11.104s] byte-compiling /home/ryan/treeclimber/install/tail_control/lib/python3.10/site-packages/tail_control/killswitch_relay.py to killswitch_relay.cpython-310.pyc
[11.104s] running install_data
[11.105s] running install_egg_info
[11.108s] removing '/home/ryan/treeclimber/install/tail_control/lib/python3.10/site-packages/tail_control-0.0.0-py3.10.egg-info' (and everything under it)
[11.110s] Copying ../../build/tail_control/tail_control.egg-info to /home/ryan/treeclimber/install/tail_control/lib/python3.10/site-packages/tail_control-0.0.0-py3.10.egg-info
[11.121s] running install_scripts
[11.240s] Installing killswitch_relay script to /home/ryan/treeclimber/install/tail_control/lib/tail_control
[11.242s] writing list of installed files to '/home/ryan/treeclimber/build/tail_control/install.log'
[11.473s] Invoked command in '/home/ryan/treeclimber/src/tail_control' returned '0': PYTHONPATH=/home/ryan/treeclimber/build/tail_control/prefix_override:/home/ryan/treeclimber/install/tail_control/lib/python3.10/site-packages:${PYTHONPATH} /usr/bin/python3 setup.py egg_info --egg-base ../../build/tail_control build --build-base /home/ryan/treeclimber/build/tail_control/build install --record /home/ryan/treeclimber/build/tail_control/install.log --single-version-externally-managed
