/home/ryan/treeclimber/install/body_control/lib/python3.10/site-packages/body_control/body_controller.py
/home/ryan/treeclimber/install/body_control/lib/python3.10/site-packages/body_control/arms_tighten.py
/home/ryan/treeclimber/install/body_control/lib/python3.10/site-packages/body_control/arms_loosen.py
/home/ryan/treeclimber/install/body_control/lib/python3.10/site-packages/body_control/drive_robot.py
/home/ryan/treeclimber/install/body_control/lib/python3.10/site-packages/body_control/__init__.py
/home/ryan/treeclimber/install/body_control/lib/python3.10/site-packages/body_control/pcb_test_full.py
/home/ryan/treeclimber/install/body_control/lib/python3.10/site-packages/body_control/canbus_test_canhat.py
/home/ryan/treeclimber/install/body_control/lib/python3.10/site-packages/body_control/arms_tweak.py
/home/ryan/treeclimber/install/body_control/lib/python3.10/site-packages/body_control/__pycache__/body_controller.cpython-310.pyc
/home/ryan/treeclimber/install/body_control/lib/python3.10/site-packages/body_control/__pycache__/arms_tighten.cpython-310.pyc
/home/ryan/treeclimber/install/body_control/lib/python3.10/site-packages/body_control/__pycache__/arms_loosen.cpython-310.pyc
/home/ryan/treeclimber/install/body_control/lib/python3.10/site-packages/body_control/__pycache__/drive_robot.cpython-310.pyc
/home/ryan/treeclimber/install/body_control/lib/python3.10/site-packages/body_control/__pycache__/__init__.cpython-310.pyc
/home/ryan/treeclimber/install/body_control/lib/python3.10/site-packages/body_control/__pycache__/pcb_test_full.cpython-310.pyc
/home/ryan/treeclimber/install/body_control/lib/python3.10/site-packages/body_control/__pycache__/canbus_test_canhat.cpython-310.pyc
/home/ryan/treeclimber/install/body_control/lib/python3.10/site-packages/body_control/__pycache__/arms_tweak.cpython-310.pyc
/home/ryan/treeclimber/install/body_control/share/ament_index/resource_index/packages/body_control
/home/ryan/treeclimber/install/body_control/share/body_control/package.xml
/home/ryan/treeclimber/install/body_control/share/body_control/launch
/home/ryan/treeclimber/install/body_control/lib/python3.10/site-packages/body_control-0.0.0-py3.10.egg-info/entry_points.txt
/home/ryan/treeclimber/install/body_control/lib/python3.10/site-packages/body_control-0.0.0-py3.10.egg-info/requires.txt
/home/ryan/treeclimber/install/body_control/lib/python3.10/site-packages/body_control-0.0.0-py3.10.egg-info/PKG-INFO
/home/ryan/treeclimber/install/body_control/lib/python3.10/site-packages/body_control-0.0.0-py3.10.egg-info/top_level.txt
/home/ryan/treeclimber/install/body_control/lib/python3.10/site-packages/body_control-0.0.0-py3.10.egg-info/zip-safe
/home/ryan/treeclimber/install/body_control/lib/python3.10/site-packages/body_control-0.0.0-py3.10.egg-info/SOURCES.txt
/home/ryan/treeclimber/install/body_control/lib/python3.10/site-packages/body_control-0.0.0-py3.10.egg-info/dependency_links.txt
/home/ryan/treeclimber/install/body_control/lib/body_control/arms_loosen
/home/ryan/treeclimber/install/body_control/lib/body_control/arms_tighten
/home/ryan/treeclimber/install/body_control/lib/body_control/drive_robot
